#
# There is insufficient memory for the Java Runtime Environment to continue.
# Native memory allocation (mmap) failed to map 67108864 bytes for G1 virtual space
# Possible reasons:
#   The system is out of physical RAM or swap space
#   The process is running with CompressedOops enabled, and the Java Heap may be blocking the growth of the native heap
# Possible solutions:
#   Reduce memory load on the system
#   Increase physical memory or swap space
#   Check if swap backing store is full
#   Decrease Java heap size (-Xmx/-Xms)
#   Decrease number of Java threads
#   Decrease Java thread stack sizes (-Xss)
#   Set larger code cache with -XX:ReservedCodeCacheSize=
#   JVM is running with Unscaled Compressed Oops mode in which the Java heap is
#     placed in the first 4GB address space. The Java Heap base address is the
#     maximum limit for the native heap growth. Please use -XX:HeapBaseMinAddress
#     to set the Java Heap base and to place the Java Heap above 4GB virtual address.
# This output file may be truncated or incomplete.
#
#  Out of Memory Error (os_windows.cpp:3613), pid=18612, tid=19068
#
# JRE version: OpenJDK Runtime Environment Microsoft-8902769 (17.0.10+7) (build 17.0.10+7-LTS)
# Java VM: OpenJDK 64-Bit Server VM Microsoft-8902769 (17.0.10+7-LTS, mixed mode, sharing, tiered, compressed oops, compressed class ptrs, g1 gc, windows-amd64)
# No core dump will be written. Minidumps are not enabled by default on client versions of Windows
#

---------------  S U M M A R Y ------------

Command Line: -XX:MaxMetaspaceSize=512m --add-opens=java.base/java.util=ALL-UNNAMED --add-opens=java.base/java.lang=ALL-UNNAMED --add-opens=java.base/java.lang.invoke=ALL-UNNAMED --add-opens=java.prefs/java.util.prefs=ALL-UNNAMED --add-opens=java.base/java.nio.charset=ALL-UNNAMED --add-opens=java.base/java.net=ALL-UNNAMED --add-opens=java.base/java.util.concurrent.atomic=ALL-UNNAMED -Xmx2048m -Dfile.encoding=utf8 -Duser.country=IN -Duser.language=en -Duser.variant -javaagent:C:\Users\dd397\.gradle\wrapper\dists\gradle-8.6-all\3mbtmo166bl6vumsh5k2lkq5h\gradle-8.6\lib\agents\gradle-instrumentation-agent-8.6.jar org.gradle.launcher.daemon.bootstrap.GradleDaemon 8.6

Host: 11th Gen Intel(R) Core(TM) i5-11400H @ 2.70GHz, 12 cores, 15G,  Windows 11 , 64 bit Build 22621 (10.0.22621.3527)
Time: Tue Jun 11 20:52:42 2024 India Standard Time elapsed time: 8.637306 seconds (0d 0h 0m 8s)

---------------  T H R E A D  ---------------

Current thread (0x00000193b85a6ce0):  VMThread "VM Thread" [stack: 0x00000075b1200000,0x00000075b1300000] [id=19068]

Stack: [0x00000075b1200000,0x00000075b1300000]
Native frames: (J=compiled Java code, j=interpreted, Vv=VM code, C=native code)
V  [jvm.dll+0x67f829]
V  [jvm.dll+0x83750a]
V  [jvm.dll+0x838fce]
V  [jvm.dll+0x839633]
V  [jvm.dll+0x247cbf]
V  [jvm.dll+0x67c669]
V  [jvm.dll+0x6710da]
V  [jvm.dll+0x309b8b]
V  [jvm.dll+0x311036]
V  [jvm.dll+0x360d5e]
V  [jvm.dll+0x360f8f]
V  [jvm.dll+0x2e0798]
V  [jvm.dll+0x2de974]
V  [jvm.dll+0x2ddf7c]
V  [jvm.dll+0x32200b]
V  [jvm.dll+0x83db2b]
V  [jvm.dll+0x83e871]
V  [jvm.dll+0x83ed8d]
V  [jvm.dll+0x83f164]
V  [jvm.dll+0x83f230]
V  [jvm.dll+0x7e69da]
V  [jvm.dll+0x67e715]
C  [ucrtbase.dll+0x29333]
C  [KERNEL32.DLL+0x1257d]
C  [ntdll.dll+0x5aa48]

VM_Operation (0x00000075b2cf51b0): G1CollectForAllocation, mode: safepoint, requested by thread 0x00000193d96740d0


---------------  P R O C E S S  ---------------

Threads class SMR info:
_java_thread_list=0x00000193dad26440, length=64, elements={
0x0000019398172110, 0x00000193b85a9730, 0x00000193b85aa2f0, 0x00000193b85c1320,
0x00000193b85c3200, 0x00000193b85c5dd0, 0x00000193b85c87a0, 0x00000193b85c9b50,
0x00000193b85d5b10, 0x00000193b85f6930, 0x00000193b8bb4420, 0x00000193b8cbef20,
0x00000193d97a6ce0, 0x00000193d90da830, 0x00000193da307610, 0x00000193d96b3a50,
0x00000193d97e60c0, 0x00000193d9676e60, 0x00000193d96740d0, 0x00000193d9674af0,
0x00000193d96745e0, 0x00000193d9675000, 0x00000193d9675510, 0x00000193d9676440,
0x00000193d9676950, 0x00000193d9677370, 0x00000193d9675a20, 0x00000193d9677880,
0x00000193dc5927c0, 0x00000193dc595040, 0x00000193dc596ea0, 0x00000193dc591da0,
0x00000193dc592cd0, 0x00000193dc595550, 0x00000193dc5936f0, 0x00000193dc593c00,
0x00000193dc5978c0, 0x00000193dc594110, 0x00000193dc595a60, 0x00000193dc594620,
0x00000193dc594b30, 0x00000193dc596480, 0x00000193dc596990, 0x00000193daf94c30,
0x00000193daf94720, 0x00000193da9ba010, 0x00000193daf95140, 0x00000193daf94210,
0x00000193d9ff6cf0, 0x00000193daf92dd0, 0x00000193daf95650, 0x00000193daf95b60,
0x00000193daf932e0, 0x00000193daf937f0, 0x00000193daf93d00, 0x00000193daf96070,
0x00000193daf928c0, 0x00000193daab8b80, 0x00000193daab7230, 0x00000193daab7740,
0x00000193daab9fc0, 0x00000193daab6300, 0x00000193daab7c50, 0x00000193daab3060
}

Java Threads: ( => current thread )
  0x0000019398172110 JavaThread "main" [_thread_blocked, id=17248, stack(0x00000075b0c00000,0x00000075b0d00000)]
  0x00000193b85a9730 JavaThread "Reference Handler" daemon [_thread_blocked, id=3136, stack(0x00000075b1300000,0x00000075b1400000)]
  0x00000193b85aa2f0 JavaThread "Finalizer" daemon [_thread_blocked, id=22164, stack(0x00000075b1400000,0x00000075b1500000)]
  0x00000193b85c1320 JavaThread "Signal Dispatcher" daemon [_thread_blocked, id=14460, stack(0x00000075b1500000,0x00000075b1600000)]
  0x00000193b85c3200 JavaThread "Attach Listener" daemon [_thread_blocked, id=21360, stack(0x00000075b1600000,0x00000075b1700000)]
  0x00000193b85c5dd0 JavaThread "Service Thread" daemon [_thread_blocked, id=1388, stack(0x00000075b1700000,0x00000075b1800000)]
  0x00000193b85c87a0 JavaThread "Monitor Deflation Thread" daemon [_thread_blocked, id=18848, stack(0x00000075b1800000,0x00000075b1900000)]
  0x00000193b85c9b50 JavaThread "C2 CompilerThread0" daemon [_thread_blocked, id=3476, stack(0x00000075b1900000,0x00000075b1a00000)]
  0x00000193b85d5b10 JavaThread "C1 CompilerThread0" daemon [_thread_blocked, id=15892, stack(0x00000075b1a00000,0x00000075b1b00000)]
  0x00000193b85f6930 JavaThread "Sweeper thread" daemon [_thread_blocked, id=6264, stack(0x00000075b1b00000,0x00000075b1c00000)]
  0x00000193b8bb4420 JavaThread "Common-Cleaner" daemon [_thread_blocked, id=9948, stack(0x00000075b1c00000,0x00000075b1d00000)]
  0x00000193b8cbef20 JavaThread "Notification Thread" daemon [_thread_blocked, id=8880, stack(0x00000075b1d00000,0x00000075b1e00000)]
  0x00000193d97a6ce0 JavaThread "Daemon health stats" [_thread_blocked, id=5796, stack(0x00000075b2600000,0x00000075b2700000)]
  0x00000193d90da830 JavaThread "Incoming local TCP Connector on port 63085" [_thread_in_native, id=3908, stack(0x00000075b2700000,0x00000075b2800000)]
  0x00000193da307610 JavaThread "Daemon periodic checks" [_thread_blocked, id=15056, stack(0x00000075b2800000,0x00000075b2900000)]
  0x00000193d96b3a50 JavaThread "Daemon" [_thread_blocked, id=20132, stack(0x00000075b2900000,0x00000075b2a00000)]
  0x00000193d97e60c0 JavaThread "Handler for socket connection from /127.0.0.1:63085 to /127.0.0.1:63086" [_thread_in_native, id=9944, stack(0x00000075b2a00000,0x00000075b2b00000)]
  0x00000193d9676e60 JavaThread "Cancel handler" [_thread_blocked, id=17428, stack(0x00000075b2b00000,0x00000075b2c00000)]
  0x00000193d96740d0 JavaThread "Daemon worker" [_thread_blocked, id=11852, stack(0x00000075b2c00000,0x00000075b2d00000)]
  0x00000193d9674af0 JavaThread "Asynchronous log dispatcher for DefaultDaemonConnection: socket connection from /127.0.0.1:63085 to /127.0.0.1:63086" [_thread_blocked, id=2536, stack(0x00000075b2d00000,0x00000075b2e00000)]
  0x00000193d96745e0 JavaThread "Stdin handler" [_thread_blocked, id=20808, stack(0x00000075b2e00000,0x00000075b2f00000)]
  0x00000193d9675000 JavaThread "Daemon client event forwarder" [_thread_blocked, id=21908, stack(0x00000075b2f00000,0x00000075b3000000)]
  0x00000193d9675510 JavaThread "Cache worker for journal cache (C:\Users\dd397\.gradle\caches\journal-1)" [_thread_blocked, id=12532, stack(0x00000075b3000000,0x00000075b3100000)]
  0x00000193d9676440 JavaThread "File lock request listener" [_thread_in_native, id=21248, stack(0x00000075b3100000,0x00000075b3200000)]
  0x00000193d9676950 JavaThread "Cache worker for file hash cache (C:\Users\dd397\.gradle\caches\8.6\fileHashes)" [_thread_blocked, id=1168, stack(0x00000075b3200000,0x00000075b3300000)]
  0x00000193d9677370 JavaThread "File watcher server" daemon [_thread_in_native, id=21640, stack(0x00000075b3300000,0x00000075b3400000)]
  0x00000193d9675a20 JavaThread "File watcher consumer" daemon [_thread_blocked, id=14784, stack(0x00000075b3400000,0x00000075b3500000)]
  0x00000193d9677880 JavaThread "Cache worker for checksums cache (D:\Full Stack Web Project\blogApplication\BlogAppCli\android\.gradle\8.6\checksums)" [_thread_blocked, id=22468, stack(0x00000075b3b00000,0x00000075b3c00000)]
  0x00000193dc5927c0 JavaThread "Cache worker for file hash cache (D:\Full Stack Web Project\blogApplication\BlogAppCli\android\.gradle\8.6\fileHashes)" [_thread_blocked, id=19460, stack(0x00000075b3c00000,0x00000075b3d00000)]
  0x00000193dc595040 JavaThread "Cache worker for cache directory md-supplier (C:\Users\dd397\.gradle\caches\8.6\md-supplier)" [_thread_blocked, id=14136, stack(0x00000075b3d00000,0x00000075b3e00000)]
  0x00000193dc596ea0 JavaThread "Cache worker for cache directory md-rule (C:\Users\dd397\.gradle\caches\8.6\md-rule)" [_thread_blocked, id=21044, stack(0x00000075b3e00000,0x00000075b3f00000)]
  0x00000193dc591da0 JavaThread "Cache worker for file content cache (C:\Users\dd397\.gradle\caches\8.6\fileContent)" [_thread_blocked, id=5284, stack(0x00000075b3f00000,0x00000075b4000000)]
  0x00000193dc592cd0 JavaThread "jar transforms" [_thread_blocked, id=17544, stack(0x00000075b4000000,0x00000075b4100000)]
  0x00000193dc595550 JavaThread "jar transforms Thread 2" [_thread_blocked, id=12736, stack(0x00000075b4100000,0x00000075b4200000)]
  0x00000193dc5936f0 JavaThread "jar transforms Thread 3" [_thread_blocked, id=12356, stack(0x00000075b4200000,0x00000075b4300000)]
  0x00000193dc593c00 JavaThread "jar transforms Thread 4" [_thread_blocked, id=10436, stack(0x00000075b4300000,0x00000075b4400000)]
  0x00000193dc5978c0 JavaThread "jar transforms Thread 5" [_thread_blocked, id=13844, stack(0x00000075b4400000,0x00000075b4500000)]
  0x00000193dc594110 JavaThread "jar transforms Thread 6" [_thread_blocked, id=13932, stack(0x00000075b4500000,0x00000075b4600000)]
  0x00000193dc595a60 JavaThread "Exec process" [_thread_blocked, id=10904, stack(0x00000075b4600000,0x00000075b4700000)]
  0x00000193dc594620 JavaThread "Exec process Thread 2" [_thread_blocked, id=16156, stack(0x00000075b4700000,0x00000075b4800000)]
  0x00000193dc594b30 JavaThread "Exec process Thread 3" [_thread_blocked, id=10036, stack(0x00000075b4800000,0x00000075b4900000)]
  0x00000193dc596480 JavaThread "jar transforms Thread 7" [_thread_blocked, id=7116, stack(0x00000075b4900000,0x00000075b4a00000)]
  0x00000193dc596990 JavaThread "jar transforms Thread 8" [_thread_blocked, id=18296, stack(0x00000075b4a00000,0x00000075b4b00000)]
  0x00000193daf94c30 JavaThread "Unconstrained build operations" [_thread_blocked, id=17524, stack(0x00000075b1f00000,0x00000075b2000000)]
  0x00000193daf94720 JavaThread "Unconstrained build operations Thread 2" [_thread_blocked, id=15976, stack(0x00000075b2000000,0x00000075b2100000)]
  0x00000193da9ba010 JavaThread "C2 CompilerThread1" daemon [_thread_blocked, id=21088, stack(0x00000075b4c00000,0x00000075b4d00000)]
  0x00000193daf95140 JavaThread "jar transforms Thread 9" [_thread_blocked, id=8592, stack(0x00000075b4d00000,0x00000075b4e00000)]
  0x00000193daf94210 JavaThread "jar transforms Thread 10" [_thread_blocked, id=21732, stack(0x00000075b4e00000,0x00000075b4f00000)]
  0x00000193d9ff6cf0 JavaThread "C2 CompilerThread2" daemon [_thread_blocked, id=2588, stack(0x00000075b4f00000,0x00000075b5000000)]
  0x00000193daf92dd0 JavaThread "Cache worker for Build Output Cleanup Cache (D:\Full Stack Web Project\blogApplication\BlogAppCli\node_modules\@react-native\gradle-plugin\.gradle\buildOutputCleanup)" [_thread_blocked, id=2576, stack(0x00000075b5000000,0x00000075b5100000)]
  0x00000193daf95650 JavaThread "jar transforms Thread 11" [_thread_blocked, id=8872, stack(0x00000075b5100000,0x00000075b5200000)]
  0x00000193daf95b60 JavaThread "jar transforms Thread 12" [_thread_blocked, id=19808, stack(0x00000075b5200000,0x00000075b5300000)]
  0x00000193daf932e0 JavaThread "Unconstrained build operations Thread 3" [_thread_blocked, id=15836, stack(0x00000075b5300000,0x00000075b5400000)]
  0x00000193daf937f0 JavaThread "Unconstrained build operations Thread 4" [_thread_blocked, id=19112, stack(0x00000075b5400000,0x00000075b5500000)]
  0x00000193daf93d00 JavaThread "Unconstrained build operations Thread 5" [_thread_blocked, id=21496, stack(0x00000075b5500000,0x00000075b5600000)]
  0x00000193daf96070 JavaThread "Unconstrained build operations Thread 6" [_thread_blocked, id=20408, stack(0x00000075b5600000,0x00000075b5700000)]
  0x00000193daf928c0 JavaThread "Unconstrained build operations Thread 7" [_thread_blocked, id=2368, stack(0x00000075b5700000,0x00000075b5800000)]
  0x00000193daab8b80 JavaThread "Unconstrained build operations Thread 8" [_thread_blocked, id=6116, stack(0x00000075b5800000,0x00000075b5900000)]
  0x00000193daab7230 JavaThread "Unconstrained build operations Thread 9" [_thread_blocked, id=21636, stack(0x00000075b5900000,0x00000075b5a00000)]
  0x00000193daab7740 JavaThread "Unconstrained build operations Thread 10" [_thread_blocked, id=21828, stack(0x00000075b5a00000,0x00000075b5b00000)]
  0x00000193daab9fc0 JavaThread "Unconstrained build operations Thread 11" [_thread_blocked, id=22428, stack(0x00000075b5b00000,0x00000075b5c00000)]
  0x00000193daab6300 JavaThread "Unconstrained build operations Thread 12" [_thread_blocked, id=9400, stack(0x00000075b5c00000,0x00000075b5d00000)]
  0x00000193daab7c50 JavaThread "Unconstrained build operations Thread 13" [_thread_blocked, id=10664, stack(0x00000075b5d00000,0x00000075b5e00000)]
  0x00000193daab3060 JavaThread "build event listener" [_thread_blocked, id=10496, stack(0x00000075b5e00000,0x00000075b5f00000)]

Other Threads:
=>0x00000193b85a6ce0 VMThread "VM Thread" [stack: 0x00000075b1200000,0x00000075b1300000] [id=19068]
  0x00000193b8d0f1a0 WatcherThread [stack: 0x00000075b1e00000,0x00000075b1f00000] [id=20928]
  0x000001939808e870 GCTaskThread "GC Thread#0" [stack: 0x00000075b0d00000,0x00000075b0e00000] [id=2768]
  0x00000193b8d35e90 GCTaskThread "GC Thread#1" [stack: 0x00000075b2100000,0x00000075b2200000] [id=15848]
  0x00000193d8fd5960 GCTaskThread "GC Thread#2" [stack: 0x00000075b2200000,0x00000075b2300000] [id=8480]
  0x00000193d8fd5c20 GCTaskThread "GC Thread#3" [stack: 0x00000075b2300000,0x00000075b2400000] [id=18472]
  0x00000193d8741db0 GCTaskThread "GC Thread#4" [stack: 0x00000075b2400000,0x00000075b2500000] [id=10888]
  0x00000193d8742480 GCTaskThread "GC Thread#5" [stack: 0x00000075b2500000,0x00000075b2600000] [id=10268]
  0x00000193d8afe300 GCTaskThread "GC Thread#6" [stack: 0x00000075b3500000,0x00000075b3600000] [id=3900]
  0x00000193d8afe5c0 GCTaskThread "GC Thread#7" [stack: 0x00000075b3600000,0x00000075b3700000] [id=22152]
  0x00000193d8afdd80 GCTaskThread "GC Thread#8" [stack: 0x00000075b3700000,0x00000075b3800000] [id=17376]
  0x00000193d8afe880 GCTaskThread "GC Thread#9" [stack: 0x00000075b3800000,0x00000075b3900000] [id=5832]
  0x00000193981d9a40 ConcurrentGCThread "G1 Main Marker" [stack: 0x00000075b0e00000,0x00000075b0f00000] [id=13732]
  0x00000193981da370 ConcurrentGCThread "G1 Conc#0" [stack: 0x00000075b0f00000,0x00000075b1000000] [id=21768]
  0x00000193d8afee00 ConcurrentGCThread "G1 Conc#1" [stack: 0x00000075b3900000,0x00000075b3a00000] [id=12684]
  0x00000193d8afdac0 ConcurrentGCThread "G1 Conc#2" [stack: 0x00000075b3a00000,0x00000075b3b00000] [id=12460]
  0x000001939821d490 ConcurrentGCThread "G1 Refine#0" [stack: 0x00000075b1000000,0x00000075b1100000] [id=16208]
  0x000001939821dec0 ConcurrentGCThread "G1 Service" [stack: 0x00000075b1100000,0x00000075b1200000] [id=12072]

Threads with active compile tasks:

VM state: at safepoint (normal execution)

VM Mutex/Monitor currently owned by a thread:  ([mutex/lock_event])
[0x000001939816cb60] Threads_lock - owner thread: 0x00000193b85a6ce0
[0x000001939816d340] Heap_lock - owner thread: 0x00000193d96740d0

Heap address: 0x0000000080000000, size: 2048 MB, Compressed Oops mode: 32-bit

CDS archive(s) mapped at: [0x00000193b9000000-0x00000193b9bb0000-0x00000193b9bb0000), size 12255232, SharedBaseAddress: 0x00000193b9000000, ArchiveRelocationMode: 1.
Compressed class space mapped at: 0x00000193ba000000-0x00000193d4000000, reserved size: 436207616
Narrow klass base: 0x00000193b9000000, Narrow klass shift: 0, Narrow klass range: 0x100000000

GC Precious Log:
 CPUs: 12 total, 12 available
 Memory: 16122M
 Large Page Support: Disabled
 NUMA Support: Disabled
 Compressed Oops: Enabled (32-bit)
 Heap Region Size: 1M
 Heap Min Capacity: 8M
 Heap Initial Capacity: 252M
 Heap Max Capacity: 2G
 Pre-touch: Disabled
 Parallel Workers: 10
 Concurrent Workers: 3
 Concurrent Refinement Workers: 10
 Periodic GC: Disabled

Heap:
 garbage-first heap   total 141312K, used 64109K [0x0000000080000000, 0x0000000100000000)
  region size 1024K, 1 young (1024K), 1 survivors (1024K)
 Metaspace       used 57878K, committed 58560K, reserved 491520K
  class space    used 8064K, committed 8384K, reserved 425984K

Heap Regions: E=young(eden), S=young(survivor), O=old, HS=humongous(starts), HC=humongous(continues), CS=collection set, F=free, OA=open archive, CA=closed archive, TAMS=top-at-mark-start (previous, next)
|   0|0x0000000080000000, 0x0000000080100000, 0x0000000080100000|100%|HS|  |TAMS 0x0000000080100000, 0x0000000080000000| Complete 
|   1|0x0000000080100000, 0x0000000080200000, 0x0000000080200000|100%|HC|  |TAMS 0x0000000080200000, 0x0000000080100000| Complete 
|   2|0x0000000080200000, 0x0000000080300000, 0x0000000080300000|100%|HC|  |TAMS 0x0000000080300000, 0x0000000080200000| Complete 
|   3|0x0000000080300000, 0x0000000080400000, 0x0000000080400000|100%|HC|  |TAMS 0x0000000080400000, 0x0000000080300000| Complete 
|   4|0x0000000080400000, 0x0000000080500000, 0x0000000080500000|100%| O|  |TAMS 0x0000000080500000, 0x0000000080400000| Untracked 
|   5|0x0000000080500000, 0x0000000080600000, 0x0000000080600000|100%| O|  |TAMS 0x0000000080600000, 0x0000000080500000| Untracked 
|   6|0x0000000080600000, 0x0000000080700000, 0x0000000080700000|100%| O|  |TAMS 0x0000000080700000, 0x0000000080600000| Untracked 
|   7|0x0000000080700000, 0x0000000080800000, 0x0000000080800000|100%| O|  |TAMS 0x0000000080800000, 0x0000000080700000| Untracked 
|   8|0x0000000080800000, 0x0000000080900000, 0x0000000080900000|100%| O|  |TAMS 0x0000000080900000, 0x0000000080800000| Untracked 
|   9|0x0000000080900000, 0x0000000080a00000, 0x0000000080a00000|100%| O|  |TAMS 0x0000000080a00000, 0x0000000080900000| Untracked 
|  10|0x0000000080a00000, 0x0000000080a00000, 0x0000000080b00000|  0%| F|  |TAMS 0x0000000080a00000, 0x0000000080a00000| Untracked 
|  11|0x0000000080b00000, 0x0000000080c00000, 0x0000000080c00000|100%| O|  |TAMS 0x0000000080c00000, 0x0000000080b00000| Untracked 
|  12|0x0000000080c00000, 0x0000000080d00000, 0x0000000080d00000|100%| O|  |TAMS 0x0000000080d00000, 0x0000000080c00000| Untracked 
|  13|0x0000000080d00000, 0x0000000080e00000, 0x0000000080e00000|100%| O|  |TAMS 0x0000000080e00000, 0x0000000080d00000| Untracked 
|  14|0x0000000080e00000, 0x0000000080f00000, 0x0000000080f00000|100%| O|  |TAMS 0x0000000080f00000, 0x0000000080e00000| Untracked 
|  15|0x0000000080f00000, 0x0000000081000000, 0x0000000081000000|100%| O|  |TAMS 0x0000000081000000, 0x0000000080f00000| Untracked 
|  16|0x0000000081000000, 0x0000000081100000, 0x0000000081100000|100%| O|  |TAMS 0x0000000081100000, 0x0000000081000000| Untracked 
|  17|0x0000000081100000, 0x0000000081200000, 0x0000000081200000|100%| O|  |TAMS 0x0000000081200000, 0x0000000081100000| Untracked 
|  18|0x0000000081200000, 0x0000000081300000, 0x0000000081300000|100%| O|  |TAMS 0x0000000081300000, 0x0000000081200000| Untracked 
|  19|0x0000000081300000, 0x0000000081400000, 0x0000000081400000|100%| O|  |TAMS 0x0000000081400000, 0x0000000081300000| Untracked 
|  20|0x0000000081400000, 0x0000000081500000, 0x0000000081500000|100%| O|  |TAMS 0x0000000081500000, 0x0000000081400000| Untracked 
|  21|0x0000000081500000, 0x0000000081600000, 0x0000000081600000|100%| O|  |TAMS 0x0000000081600000, 0x0000000081500000| Untracked 
|  22|0x0000000081600000, 0x0000000081700000, 0x0000000081700000|100%| O|  |TAMS 0x0000000081700000, 0x0000000081600000| Untracked 
|  23|0x0000000081700000, 0x0000000081800000, 0x0000000081800000|100%| O|  |TAMS 0x0000000081800000, 0x0000000081700000| Untracked 
|  24|0x0000000081800000, 0x0000000081900000, 0x0000000081900000|100%| O|  |TAMS 0x0000000081900000, 0x0000000081800000| Untracked 
|  25|0x0000000081900000, 0x0000000081a00000, 0x0000000081a00000|100%| O|  |TAMS 0x0000000081a00000, 0x0000000081900000| Untracked 
|  26|0x0000000081a00000, 0x0000000081b00000, 0x0000000081b00000|100%| O|  |TAMS 0x0000000081b00000, 0x0000000081a00000| Untracked 
|  27|0x0000000081b00000, 0x0000000081c00000, 0x0000000081c00000|100%| O|  |TAMS 0x0000000081c00000, 0x0000000081b00000| Untracked 
|  28|0x0000000081c00000, 0x0000000081d00000, 0x0000000081d00000|100%| O|  |TAMS 0x0000000081d00000, 0x0000000081c00000| Untracked 
|  29|0x0000000081d00000, 0x0000000081e00000, 0x0000000081e00000|100%| O|  |TAMS 0x0000000081e00000, 0x0000000081d00000| Untracked 
|  30|0x0000000081e00000, 0x0000000081f00000, 0x0000000081f00000|100%| O|  |TAMS 0x0000000081f00000, 0x0000000081e00000| Untracked 
|  31|0x0000000081f00000, 0x0000000082000000, 0x0000000082000000|100%| O|  |TAMS 0x0000000082000000, 0x0000000081f00000| Untracked 
|  32|0x0000000082000000, 0x0000000082100000, 0x0000000082100000|100%| O|  |TAMS 0x0000000082100000, 0x0000000082000000| Untracked 
|  33|0x0000000082100000, 0x0000000082200000, 0x0000000082200000|100%| O|  |TAMS 0x0000000082200000, 0x0000000082100000| Untracked 
|  34|0x0000000082200000, 0x0000000082300000, 0x0000000082300000|100%| O|  |TAMS 0x0000000082300000, 0x0000000082200000| Untracked 
|  35|0x0000000082300000, 0x0000000082400000, 0x0000000082400000|100%| O|  |TAMS 0x0000000082400000, 0x0000000082300000| Untracked 
|  36|0x0000000082400000, 0x0000000082500000, 0x0000000082500000|100%| O|  |TAMS 0x0000000082500000, 0x0000000082400000| Untracked 
|  37|0x0000000082500000, 0x0000000082600000, 0x0000000082600000|100%| O|  |TAMS 0x0000000082600000, 0x0000000082500000| Untracked 
|  38|0x0000000082600000, 0x0000000082700000, 0x0000000082700000|100%| O|  |TAMS 0x0000000082700000, 0x0000000082600000| Untracked 
|  39|0x0000000082700000, 0x0000000082800000, 0x0000000082800000|100%| O|  |TAMS 0x0000000082800000, 0x0000000082700000| Untracked 
|  40|0x0000000082800000, 0x0000000082900000, 0x0000000082900000|100%| O|  |TAMS 0x0000000082900000, 0x0000000082800000| Untracked 
|  41|0x0000000082900000, 0x0000000082a00000, 0x0000000082a00000|100%| O|  |TAMS 0x0000000082a00000, 0x0000000082900000| Untracked 
|  42|0x0000000082a00000, 0x0000000082b00000, 0x0000000082b00000|100%| O|  |TAMS 0x0000000082afa600, 0x0000000082a00000| Untracked 
|  43|0x0000000082b00000, 0x0000000082c00000, 0x0000000082c00000|100%|HS|  |TAMS 0x0000000082b00000, 0x0000000082b00000| Complete 
|  44|0x0000000082c00000, 0x0000000082d00000, 0x0000000082d00000|100%|HC|  |TAMS 0x0000000082c00000, 0x0000000082c00000| Complete 
|  45|0x0000000082d00000, 0x0000000082e00000, 0x0000000082e00000|100%| O|  |TAMS 0x0000000082d00000, 0x0000000082d00000| Untracked 
|  46|0x0000000082e00000, 0x0000000082f00000, 0x0000000082f00000|100%|HS|  |TAMS 0x0000000082e00000, 0x0000000082e00000| Complete 
|  47|0x0000000082f00000, 0x0000000083000000, 0x0000000083000000|100%|HC|  |TAMS 0x0000000082f00000, 0x0000000082f00000| Complete 
|  48|0x0000000083000000, 0x0000000083100000, 0x0000000083100000|100%|HS|  |TAMS 0x0000000083000000, 0x0000000083000000| Complete 
|  49|0x0000000083100000, 0x0000000083200000, 0x0000000083200000|100%|HC|  |TAMS 0x0000000083100000, 0x0000000083100000| Complete 
|  50|0x0000000083200000, 0x0000000083300000, 0x0000000083300000|100%|HC|  |TAMS 0x0000000083200000, 0x0000000083200000| Complete 
|  51|0x0000000083300000, 0x0000000083400000, 0x0000000083400000|100%|HC|  |TAMS 0x0000000083300000, 0x0000000083300000| Complete 
|  52|0x0000000083400000, 0x0000000083500000, 0x0000000083500000|100%|HS|  |TAMS 0x0000000083400000, 0x0000000083400000| Complete 
|  53|0x0000000083500000, 0x0000000083600000, 0x0000000083600000|100%|HC|  |TAMS 0x0000000083500000, 0x0000000083500000| Complete 
|  54|0x0000000083600000, 0x0000000083700000, 0x0000000083700000|100%|HC|  |TAMS 0x0000000083600000, 0x0000000083600000| Complete 
|  55|0x0000000083700000, 0x0000000083800000, 0x0000000083800000|100%|HC|  |TAMS 0x0000000083700000, 0x0000000083700000| Complete 
|  56|0x0000000083800000, 0x0000000083900000, 0x0000000083900000|100%| O|  |TAMS 0x0000000083800000, 0x0000000083800000| Untracked 
|  57|0x0000000083900000, 0x0000000083a00000, 0x0000000083a00000|100%| O|  |TAMS 0x0000000083900000, 0x0000000083900000| Untracked 
|  58|0x0000000083a00000, 0x0000000083b00000, 0x0000000083b00000|100%| O|  |TAMS 0x0000000083a00000, 0x0000000083a00000| Untracked 
|  59|0x0000000083b00000, 0x0000000083c00000, 0x0000000083c00000|100%| O|  |TAMS 0x0000000083b00000, 0x0000000083b00000| Untracked 
|  60|0x0000000083c00000, 0x0000000083d00000, 0x0000000083d00000|100%| O|  |TAMS 0x0000000083c00000, 0x0000000083c00000| Untracked 
|  61|0x0000000083d00000, 0x0000000083e00000, 0x0000000083e00000|100%| O|  |TAMS 0x0000000083d00000, 0x0000000083d00000| Untracked 
|  62|0x0000000083e00000, 0x0000000083e00000, 0x0000000083f00000|  0%| F|  |TAMS 0x0000000083e00000, 0x0000000083e00000| Untracked 
|  63|0x0000000083f00000, 0x0000000083f00000, 0x0000000084000000|  0%| F|  |TAMS 0x0000000083f00000, 0x0000000083f00000| Untracked 
|  64|0x0000000084000000, 0x0000000084100000, 0x0000000084100000|100%| O|  |TAMS 0x0000000084000000, 0x0000000084000000| Untracked 
|  65|0x0000000084100000, 0x0000000084144600, 0x0000000084200000| 26%| O|  |TAMS 0x0000000084100000, 0x0000000084100000| Untracked 
|  66|0x0000000084200000, 0x0000000084200000, 0x0000000084300000|  0%| F|  |TAMS 0x0000000084200000, 0x0000000084200000| Untracked 
|  67|0x0000000084300000, 0x0000000084300000, 0x0000000084400000|  0%| F|  |TAMS 0x0000000084300000, 0x0000000084300000| Untracked 
|  68|0x0000000084400000, 0x0000000084400000, 0x0000000084500000|  0%| F|  |TAMS 0x0000000084400000, 0x0000000084400000| Untracked 
|  69|0x0000000084500000, 0x0000000084500000, 0x0000000084600000|  0%| F|  |TAMS 0x0000000084500000, 0x0000000084500000| Untracked 
|  70|0x0000000084600000, 0x0000000084600000, 0x0000000084700000|  0%| F|  |TAMS 0x0000000084600000, 0x0000000084600000| Untracked 
|  71|0x0000000084700000, 0x0000000084700000, 0x0000000084800000|  0%| F|  |TAMS 0x0000000084700000, 0x0000000084700000| Untracked 
|  72|0x0000000084800000, 0x0000000084800000, 0x0000000084900000|  0%| F|  |TAMS 0x0000000084800000, 0x0000000084800000| Untracked 
|  73|0x0000000084900000, 0x0000000084900000, 0x0000000084a00000|  0%| F|  |TAMS 0x0000000084900000, 0x0000000084900000| Untracked 
|  74|0x0000000084a00000, 0x0000000084a00000, 0x0000000084b00000|  0%| F|  |TAMS 0x0000000084a00000, 0x0000000084a00000| Untracked 
|  75|0x0000000084b00000, 0x0000000084b00000, 0x0000000084c00000|  0%| F|  |TAMS 0x0000000084b00000, 0x0000000084b00000| Untracked 
|  76|0x0000000084c00000, 0x0000000084c00000, 0x0000000084d00000|  0%| F|  |TAMS 0x0000000084c00000, 0x0000000084c00000| Untracked 
|  77|0x0000000084d00000, 0x0000000084d00000, 0x0000000084e00000|  0%| F|  |TAMS 0x0000000084d00000, 0x0000000084d00000| Untracked 
|  78|0x0000000084e00000, 0x0000000084e00000, 0x0000000084f00000|  0%| F|  |TAMS 0x0000000084e00000, 0x0000000084e00000| Untracked 
|  79|0x0000000084f00000, 0x0000000084f00000, 0x0000000085000000|  0%| F|  |TAMS 0x0000000084f00000, 0x0000000084f00000| Untracked 
|  80|0x0000000085000000, 0x0000000085000000, 0x0000000085100000|  0%| F|  |TAMS 0x0000000085000000, 0x0000000085000000| Untracked 
|  81|0x0000000085100000, 0x0000000085100000, 0x0000000085200000|  0%| F|  |TAMS 0x0000000085100000, 0x0000000085100000| Untracked 
|  82|0x0000000085200000, 0x0000000085200000, 0x0000000085300000|  0%| F|  |TAMS 0x0000000085200000, 0x0000000085200000| Untracked 
|  83|0x0000000085300000, 0x0000000085300000, 0x0000000085400000|  0%| F|  |TAMS 0x0000000085300000, 0x0000000085300000| Untracked 
|  84|0x0000000085400000, 0x0000000085400000, 0x0000000085500000|  0%| F|  |TAMS 0x0000000085400000, 0x0000000085400000| Untracked 
|  85|0x0000000085500000, 0x0000000085500000, 0x0000000085600000|  0%| F|  |TAMS 0x0000000085500000, 0x0000000085500000| Untracked 
|  86|0x0000000085600000, 0x0000000085600000, 0x0000000085700000|  0%| F|  |TAMS 0x0000000085600000, 0x0000000085600000| Untracked 
|  87|0x0000000085700000, 0x0000000085700000, 0x0000000085800000|  0%| F|  |TAMS 0x0000000085700000, 0x0000000085700000| Untracked 
|  88|0x0000000085800000, 0x0000000085800000, 0x0000000085900000|  0%| F|  |TAMS 0x0000000085800000, 0x0000000085800000| Untracked 
|  89|0x0000000085900000, 0x0000000085900000, 0x0000000085a00000|  0%| F|  |TAMS 0x0000000085900000, 0x0000000085900000| Untracked 
|  90|0x0000000085a00000, 0x0000000085a00000, 0x0000000085b00000|  0%| F|  |TAMS 0x0000000085a00000, 0x0000000085a00000| Untracked 
|  91|0x0000000085b00000, 0x0000000085b00000, 0x0000000085c00000|  0%| F|  |TAMS 0x0000000085b00000, 0x0000000085b00000| Untracked 
|  92|0x0000000085c00000, 0x0000000085c00000, 0x0000000085d00000|  0%| F|  |TAMS 0x0000000085c00000, 0x0000000085c00000| Untracked 
|  93|0x0000000085d00000, 0x0000000085d00000, 0x0000000085e00000|  0%| F|  |TAMS 0x0000000085d00000, 0x0000000085d00000| Untracked 
|  94|0x0000000085e00000, 0x0000000085e00000, 0x0000000085f00000|  0%| F|  |TAMS 0x0000000085e00000, 0x0000000085e00000| Untracked 
|  95|0x0000000085f00000, 0x0000000085f00000, 0x0000000086000000|  0%| F|  |TAMS 0x0000000085f00000, 0x0000000085f00000| Untracked 
|  96|0x0000000086000000, 0x0000000086000000, 0x0000000086100000|  0%| F|  |TAMS 0x0000000086000000, 0x0000000086000000| Untracked 
|  97|0x0000000086100000, 0x0000000086100000, 0x0000000086200000|  0%| F|  |TAMS 0x0000000086100000, 0x0000000086100000| Untracked 
|  98|0x0000000086200000, 0x0000000086200000, 0x0000000086300000|  0%| F|  |TAMS 0x0000000086200000, 0x0000000086200000| Untracked 
|  99|0x0000000086300000, 0x0000000086300000, 0x0000000086400000|  0%| F|  |TAMS 0x0000000086300000, 0x0000000086300000| Untracked 
| 100|0x0000000086400000, 0x0000000086400000, 0x0000000086500000|  0%| F|  |TAMS 0x0000000086400000, 0x0000000086400000| Untracked 
| 101|0x0000000086500000, 0x0000000086500000, 0x0000000086600000|  0%| F|  |TAMS 0x0000000086500000, 0x0000000086500000| Untracked 
| 102|0x0000000086600000, 0x0000000086600000, 0x0000000086700000|  0%| F|  |TAMS 0x0000000086600000, 0x0000000086600000| Untracked 
| 103|0x0000000086700000, 0x0000000086700000, 0x0000000086800000|  0%| F|  |TAMS 0x0000000086700000, 0x0000000086700000| Untracked 
| 104|0x0000000086800000, 0x0000000086800000, 0x0000000086900000|  0%| F|  |TAMS 0x0000000086800000, 0x0000000086800000| Untracked 
| 105|0x0000000086900000, 0x0000000086900000, 0x0000000086a00000|  0%| F|  |TAMS 0x0000000086900000, 0x0000000086900000| Untracked 
| 106|0x0000000086a00000, 0x0000000086a00000, 0x0000000086b00000|  0%| F|  |TAMS 0x0000000086a00000, 0x0000000086a00000| Untracked 
| 107|0x0000000086b00000, 0x0000000086b00000, 0x0000000086c00000|  0%| F|  |TAMS 0x0000000086b00000, 0x0000000086b00000| Untracked 
| 108|0x0000000086c00000, 0x0000000086c00000, 0x0000000086d00000|  0%| F|  |TAMS 0x0000000086c00000, 0x0000000086c00000| Untracked 
| 109|0x0000000086d00000, 0x0000000086d00000, 0x0000000086e00000|  0%| F|  |TAMS 0x0000000086d00000, 0x0000000086d00000| Untracked 
| 110|0x0000000086e00000, 0x0000000086e00000, 0x0000000086f00000|  0%| F|  |TAMS 0x0000000086e00000, 0x0000000086e00000| Untracked 
| 111|0x0000000086f00000, 0x0000000086f00000, 0x0000000087000000|  0%| F|  |TAMS 0x0000000086f00000, 0x0000000086f00000| Untracked 
| 112|0x0000000087000000, 0x0000000087000000, 0x0000000087100000|  0%| F|  |TAMS 0x0000000087000000, 0x0000000087000000| Untracked 
| 113|0x0000000087100000, 0x0000000087100000, 0x0000000087200000|  0%| F|  |TAMS 0x0000000087100000, 0x0000000087100000| Untracked 
| 114|0x0000000087200000, 0x0000000087200000, 0x0000000087300000|  0%| F|  |TAMS 0x0000000087200000, 0x0000000087200000| Untracked 
| 115|0x0000000087300000, 0x0000000087300000, 0x0000000087400000|  0%| F|  |TAMS 0x0000000087300000, 0x0000000087300000| Untracked 
| 116|0x0000000087400000, 0x0000000087400000, 0x0000000087500000|  0%| F|  |TAMS 0x0000000087400000, 0x0000000087400000| Untracked 
| 117|0x0000000087500000, 0x0000000087500000, 0x0000000087600000|  0%| F|  |TAMS 0x0000000087500000, 0x0000000087500000| Untracked 
| 118|0x0000000087600000, 0x0000000087600000, 0x0000000087700000|  0%| F|  |TAMS 0x0000000087600000, 0x0000000087600000| Untracked 
| 119|0x0000000087700000, 0x0000000087700000, 0x0000000087800000|  0%| F|  |TAMS 0x0000000087700000, 0x0000000087700000| Untracked 
| 120|0x0000000087800000, 0x0000000087800000, 0x0000000087900000|  0%| F|  |TAMS 0x0000000087800000, 0x0000000087800000| Untracked 
| 121|0x0000000087900000, 0x0000000087900000, 0x0000000087a00000|  0%| F|  |TAMS 0x0000000087900000, 0x0000000087900000| Untracked 
| 122|0x0000000087a00000, 0x0000000087a00000, 0x0000000087b00000|  0%| F|  |TAMS 0x0000000087a00000, 0x0000000087a00000| Untracked 
| 123|0x0000000087b00000, 0x0000000087b00000, 0x0000000087c00000|  0%| F|  |TAMS 0x0000000087b00000, 0x0000000087b00000| Untracked 
| 124|0x0000000087c00000, 0x0000000087c00000, 0x0000000087d00000|  0%| F|  |TAMS 0x0000000087c00000, 0x0000000087c00000| Untracked 
| 125|0x0000000087d00000, 0x0000000087d00000, 0x0000000087e00000|  0%| F|  |TAMS 0x0000000087d00000, 0x0000000087d00000| Untracked 
| 126|0x0000000087e00000, 0x0000000087e00000, 0x0000000087f00000|  0%| F|  |TAMS 0x0000000087e00000, 0x0000000087e00000| Untracked 
| 127|0x0000000087f00000, 0x0000000087f00000, 0x0000000088000000|  0%| F|  |TAMS 0x0000000087f00000, 0x0000000087f00000| Untracked 
| 128|0x0000000088000000, 0x0000000088000000, 0x0000000088100000|  0%| F|  |TAMS 0x0000000088000000, 0x0000000088000000| Untracked 
| 129|0x0000000088100000, 0x0000000088100000, 0x0000000088200000|  0%| F|  |TAMS 0x0000000088100000, 0x0000000088100000| Untracked 
| 130|0x0000000088200000, 0x0000000088200000, 0x0000000088300000|  0%| F|  |TAMS 0x0000000088200000, 0x0000000088200000| Untracked 
| 131|0x0000000088300000, 0x0000000088300000, 0x0000000088400000|  0%| F|  |TAMS 0x0000000088300000, 0x0000000088300000| Untracked 
| 132|0x0000000088400000, 0x0000000088400000, 0x0000000088500000|  0%| F|  |TAMS 0x0000000088400000, 0x0000000088400000| Untracked 
| 133|0x0000000088500000, 0x0000000088500000, 0x0000000088600000|  0%| F|  |TAMS 0x0000000088500000, 0x0000000088500000| Untracked 
| 134|0x0000000088600000, 0x0000000088600000, 0x0000000088700000|  0%| F|  |TAMS 0x0000000088600000, 0x0000000088600000| Untracked 
| 135|0x0000000088700000, 0x0000000088700000, 0x0000000088800000|  0%| F|  |TAMS 0x0000000088700000, 0x0000000088700000| Untracked 
| 136|0x0000000088800000, 0x0000000088857198, 0x0000000088900000| 34%| S|CS|TAMS 0x0000000088800000, 0x0000000088800000| Complete 
| 251|0x000000008fb00000, 0x000000008fb00000, 0x000000008fc00000|  0%| F|  |TAMS 0x000000008fb00000, 0x000000008fb00000| Untracked 

Card table byte_map: [0x00000193b1510000,0x00000193b1910000] _byte_map_base: 0x00000193b1110000

Marking Bits (Prev, Next): (CMBitMap*) 0x00000193981c9150, (CMBitMap*) 0x00000193981c9110
 Prev Bits: [0x00000193b3d10000, 0x00000193b5d10000)
 Next Bits: [0x00000193b1d10000, 0x00000193b3d10000)

Polling page: 0x0000019398220000

Metaspace:

Usage:
  Non-class:     48.65 MB used.
      Class:      7.88 MB used.
       Both:     56.52 MB used.

Virtual space:
  Non-class space:       64.00 MB reserved,      49.00 MB ( 77%) committed,  1 nodes.
      Class space:      416.00 MB reserved,       8.19 MB (  2%) committed,  1 nodes.
             Both:      480.00 MB reserved,      57.19 MB ( 12%) committed. 

Chunk freelists:
   Non-Class:  15.05 MB
       Class:  7.84 MB
        Both:  22.89 MB

MaxMetaspaceSize: 512.00 MB
CompressedClassSpaceSize: 416.00 MB
Initial GC threshold: 21.00 MB
Current GC threshold: 90.62 MB
CDS: on
MetaspaceReclaimPolicy: balanced
 - commit_granule_bytes: 65536.
 - commit_granule_words: 8192.
 - virtual_space_node_default_size: 8388608.
 - enlarge_chunks_in_place: 1.
 - new_chunks_are_fully_committed: 0.
 - uncommit_free_chunks: 1.
 - use_allocation_guard: 0.
 - handle_deallocations: 1.


Internal statistics:

num_allocs_failed_limit: 6.
num_arena_births: 782.
num_arena_deaths: 0.
num_vsnodes_births: 2.
num_vsnodes_deaths: 0.
num_space_committed: 915.
num_space_uncommitted: 0.
num_chunks_returned_to_freelist: 6.
num_chunks_taken_from_freelist: 3004.
num_chunk_merges: 3.
num_chunk_splits: 1916.
num_chunks_enlarged: 1224.
num_inconsistent_stats: 0.

CodeHeap 'non-profiled nmethods': size=120000Kb used=3492Kb max_used=3492Kb free=116508Kb
 bounds [0x00000193a8f30000, 0x00000193a92a0000, 0x00000193b0460000]
CodeHeap 'profiled nmethods': size=120000Kb used=11659Kb max_used=11659Kb free=108340Kb
 bounds [0x00000193a1460000, 0x00000193a1fd0000, 0x00000193a8990000]
CodeHeap 'non-nmethods': size=5760Kb used=2398Kb max_used=2442Kb free=3361Kb
 bounds [0x00000193a8990000, 0x00000193a8c00000, 0x00000193a8f30000]
 total_blobs=6879 nmethods=5968 adapters=822
 compilation: enabled
              stopped_count=0, restarted_count=0
 full_count=0

Compilation events (20 events):
Event: 8.608 Thread 0x00000193b85c9b50 nmethod 6698 0x00000193a9297d10 code [0x00000193a9297ee0, 0x00000193a9298658]
Event: 8.608 Thread 0x00000193b85d5b10 nmethod 6703 0x00000193a1fbc390 code [0x00000193a1fbc540, 0x00000193a1fbc858]
Event: 8.617 Thread 0x00000193b85c9b50 6704       4       java.util.HashMap::getNode (150 bytes)
Event: 8.619 Thread 0x00000193b85c9b50 nmethod 6704 0x00000193a9298990 code [0x00000193a9298b20, 0x00000193a9298de8]
Event: 8.625 Thread 0x00000193b85d5b10 6705       3       java.util.regex.Matcher::replaceAll (59 bytes)
Event: 8.625 Thread 0x00000193b85d5b10 nmethod 6705 0x00000193a1fbc990 code [0x00000193a1fbcc00, 0x00000193a1fbd578]
Event: 8.625 Thread 0x00000193b85d5b10 6706       3       org.gradle.internal.instantiation.generator.AsmBackedClassGenerator$ClassBuilderImpl::addSetter (9 bytes)
Event: 8.625 Thread 0x00000193b85d5b10 nmethod 6706 0x00000193a1fbd890 code [0x00000193a1fbda40, 0x00000193a1fbdb88]
Event: 8.625 Thread 0x00000193b85d5b10 6707       3       org.gradle.internal.instantiation.generator.AsmBackedClassGenerator$ClassBuilderImpl::addSetter (16 bytes)
Event: 8.626 Thread 0x00000193b85d5b10 nmethod 6707 0x00000193a1fbdc90 code [0x00000193a1fbdea0, 0x00000193a1fbe5d8]
Event: 8.628 Thread 0x00000193b85d5b10 6708       3       jdk.internal.reflect.ClassFileAssembler::<init> (8 bytes)
Event: 8.628 Thread 0x00000193b85d5b10 nmethod 6708 0x00000193a1fbe890 code [0x00000193a1fbea60, 0x00000193a1fbef78]
Event: 8.628 Thread 0x00000193b85d5b10 6709       3       jdk.internal.reflect.ClassFileAssembler::append (9 bytes)
Event: 8.629 Thread 0x00000193b85d5b10 nmethod 6709 0x00000193a1fbf110 code [0x00000193a1fbf300, 0x00000193a1fbf838]
Event: 8.630 Thread 0x00000193b85d5b10 6710   !   3       jdk.internal.loader.URLClassPath$FileLoader::getResource (164 bytes)
Event: 8.630 Thread 0x00000193b85d5b10 nmethod 6710 0x00000193a1fbfb90 code [0x00000193a1fbfee0, 0x00000193a1fc1288]
Event: 8.631 Thread 0x00000193b85d5b10 6711       3       org.gradle.internal.classloader.VisitableURLClassLoader$InstrumentingVisitableURLClassLoader::instrumentClass (10 bytes)
Event: 8.632 Thread 0x00000193b85d5b10 nmethod 6711 0x00000193a1fc1b90 code [0x00000193a1fc1da0, 0x00000193a1fc2338]
Event: 8.632 Thread 0x00000193b85d5b10 6712   !   3       org.gradle.internal.classloader.TransformReplacer::getInstrumentedClass (34 bytes)
Event: 8.632 Thread 0x00000193b85d5b10 nmethod 6712 0x00000193a1fc2590 code [0x00000193a1fc2780, 0x00000193a1fc2c98]

GC Heap History (20 events):
Event: 5.744 GC heap after
{Heap after GC invocations=10 (full 0):
 garbage-first heap   total 81920K, used 35567K [0x0000000080000000, 0x0000000100000000)
  region size 1024K, 2 young (2048K), 2 survivors (2048K)
 Metaspace       used 37082K, committed 37632K, reserved 491520K
  class space    used 5200K, committed 5440K, reserved 425984K
}
Event: 6.003 GC heap before
{Heap before GC invocations=10 (full 0):
 garbage-first heap   total 81920K, used 62191K [0x0000000080000000, 0x0000000100000000)
  region size 1024K, 28 young (28672K), 2 survivors (2048K)
 Metaspace       used 39171K, committed 39616K, reserved 491520K
  class space    used 5520K, committed 5760K, reserved 425984K
}
Event: 6.005 GC heap after
{Heap after GC invocations=11 (full 0):
 garbage-first heap   total 81920K, used 37014K [0x0000000080000000, 0x0000000100000000)
  region size 1024K, 3 young (3072K), 3 survivors (3072K)
 Metaspace       used 39171K, committed 39616K, reserved 491520K
  class space    used 5520K, committed 5760K, reserved 425984K
}
Event: 6.275 GC heap before
{Heap before GC invocations=11 (full 0):
 garbage-first heap   total 81920K, used 62614K [0x0000000080000000, 0x0000000100000000)
  region size 1024K, 29 young (29696K), 3 survivors (3072K)
 Metaspace       used 42039K, committed 42560K, reserved 491520K
  class space    used 5956K, committed 6208K, reserved 425984K
}
Event: 6.277 GC heap after
{Heap after GC invocations=12 (full 0):
 garbage-first heap   total 81920K, used 38064K [0x0000000080000000, 0x0000000100000000)
  region size 1024K, 3 young (3072K), 3 survivors (3072K)
 Metaspace       used 42039K, committed 42560K, reserved 491520K
  class space    used 5956K, committed 6208K, reserved 425984K
}
Event: 7.455 GC heap before
{Heap before GC invocations=12 (full 0):
 garbage-first heap   total 81920K, used 63664K [0x0000000080000000, 0x0000000100000000)
  region size 1024K, 28 young (28672K), 3 survivors (3072K)
 Metaspace       used 48409K, committed 48896K, reserved 491520K
  class space    used 6731K, committed 6976K, reserved 425984K
}
Event: 7.459 GC heap after
{Heap after GC invocations=13 (full 0):
 garbage-first heap   total 81920K, used 41219K [0x0000000080000000, 0x0000000100000000)
  region size 1024K, 4 young (4096K), 4 survivors (4096K)
 Metaspace       used 48409K, committed 48896K, reserved 491520K
  class space    used 6731K, committed 6976K, reserved 425984K
}
Event: 7.710 GC heap before
{Heap before GC invocations=13 (full 0):
 garbage-first heap   total 81920K, used 64771K [0x0000000080000000, 0x0000000100000000)
  region size 1024K, 27 young (27648K), 4 survivors (4096K)
 Metaspace       used 50452K, committed 51008K, reserved 491520K
  class space    used 7076K, committed 7360K, reserved 425984K
}
Event: 7.713 GC heap after
{Heap after GC invocations=14 (full 0):
 garbage-first heap   total 81920K, used 43660K [0x0000000080000000, 0x0000000100000000)
  region size 1024K, 3 young (3072K), 3 survivors (3072K)
 Metaspace       used 50452K, committed 51008K, reserved 491520K
  class space    used 7076K, committed 7360K, reserved 425984K
}
Event: 7.940 GC heap before
{Heap before GC invocations=15 (full 0):
 garbage-first heap   total 81920K, used 65164K [0x0000000080000000, 0x0000000100000000)
  region size 1024K, 24 young (24576K), 3 survivors (3072K)
 Metaspace       used 53054K, committed 53568K, reserved 491520K
  class space    used 7514K, committed 7744K, reserved 425984K
}
Event: 7.942 GC heap after
{Heap after GC invocations=16 (full 0):
 garbage-first heap   total 98304K, used 44973K [0x0000000080000000, 0x0000000100000000)
  region size 1024K, 2 young (2048K), 2 survivors (2048K)
 Metaspace       used 53054K, committed 53568K, reserved 491520K
  class space    used 7514K, committed 7744K, reserved 425984K
}
Event: 7.943 GC heap before
{Heap before GC invocations=16 (full 0):
 garbage-first heap   total 98304K, used 44973K [0x0000000080000000, 0x0000000100000000)
  region size 1024K, 4 young (4096K), 2 survivors (2048K)
 Metaspace       used 53054K, committed 53568K, reserved 491520K
  class space    used 7514K, committed 7744K, reserved 425984K
}
Event: 7.944 GC heap after
{Heap after GC invocations=17 (full 0):
 garbage-first heap   total 98304K, used 45337K [0x0000000080000000, 0x0000000100000000)
  region size 1024K, 2 young (2048K), 2 survivors (2048K)
 Metaspace       used 53054K, committed 53568K, reserved 491520K
  class space    used 7514K, committed 7744K, reserved 425984K
}
Event: 7.945 GC heap before
{Heap before GC invocations=17 (full 0):
 garbage-first heap   total 98304K, used 46361K [0x0000000080000000, 0x0000000100000000)
  region size 1024K, 3 young (3072K), 2 survivors (2048K)
 Metaspace       used 53054K, committed 53568K, reserved 491520K
  class space    used 7514K, committed 7744K, reserved 425984K
}
Event: 7.946 GC heap after
{Heap after GC invocations=18 (full 0):
 garbage-first heap   total 98304K, used 45849K [0x0000000080000000, 0x0000000100000000)
  region size 1024K, 2 young (2048K), 2 survivors (2048K)
 Metaspace       used 53054K, committed 53568K, reserved 491520K
  class space    used 7514K, committed 7744K, reserved 425984K
}
Event: 8.340 GC heap before
{Heap before GC invocations=19 (full 0):
 garbage-first heap   total 98304K, used 71449K [0x0000000080000000, 0x0000000100000000)
  region size 1024K, 27 young (27648K), 2 survivors (2048K)
 Metaspace       used 55036K, committed 55680K, reserved 491520K
  class space    used 7689K, committed 8000K, reserved 425984K
}
Event: 8.342 GC heap after
{Heap after GC invocations=20 (full 0):
 garbage-first heap   total 98304K, used 48682K [0x0000000080000000, 0x0000000100000000)
  region size 1024K, 5 young (5120K), 5 survivors (5120K)
 Metaspace       used 55036K, committed 55680K, reserved 491520K
  class space    used 7689K, committed 8000K, reserved 425984K
}
Event: 8.619 GC heap before
{Heap before GC invocations=21 (full 0):
 garbage-first heap   total 98304K, used 86570K [0x0000000080000000, 0x0000000100000000)
  region size 1024K, 31 young (31744K), 5 survivors (5120K)
 Metaspace       used 57796K, committed 58432K, reserved 491520K
  class space    used 8051K, committed 8320K, reserved 425984K
}
Event: 8.622 GC heap after
{Heap after GC invocations=22 (full 0):
 garbage-first heap   total 98304K, used 63918K [0x0000000080000000, 0x0000000100000000)
  region size 1024K, 3 young (3072K), 3 survivors (3072K)
 Metaspace       used 57796K, committed 58432K, reserved 491520K
  class space    used 8051K, committed 8320K, reserved 425984K
}
Event: 8.632 GC heap before
{Heap before GC invocations=22 (full 0):
 garbage-first heap   total 98304K, used 64942K [0x0000000080000000, 0x0000000100000000)
  region size 1024K, 4 young (4096K), 3 survivors (3072K)
 Metaspace       used 57878K, committed 58560K, reserved 491520K
  class space    used 8064K, committed 8384K, reserved 425984K
}

Dll operation events (15 events):
Event: 0.007 Loaded shared library C:\Program Files\Microsoft\jdk-17.0.10.7-hotspot\bin\java.dll
Event: 0.025 Loaded shared library C:\Program Files\Microsoft\jdk-17.0.10.7-hotspot\bin\jsvml.dll
Event: 0.062 Loaded shared library C:\Program Files\Microsoft\jdk-17.0.10.7-hotspot\bin\zip.dll
Event: 0.066 Loaded shared library C:\Program Files\Microsoft\jdk-17.0.10.7-hotspot\bin\instrument.dll
Event: 0.071 Loaded shared library C:\Program Files\Microsoft\jdk-17.0.10.7-hotspot\bin\net.dll
Event: 0.072 Loaded shared library C:\Program Files\Microsoft\jdk-17.0.10.7-hotspot\bin\nio.dll
Event: 0.075 Loaded shared library C:\Program Files\Microsoft\jdk-17.0.10.7-hotspot\bin\zip.dll
Event: 0.202 Loaded shared library C:\Program Files\Microsoft\jdk-17.0.10.7-hotspot\bin\jimage.dll
Event: 0.241 Loaded shared library C:\Program Files\Microsoft\jdk-17.0.10.7-hotspot\bin\verify.dll
Event: 0.328 Loaded shared library C:\Users\dd397\.gradle\native\c067742578af261105cb4f569cf0c3c89f3d7b1fecec35dd04571415982c5e48\windows-amd64\native-platform.dll
Event: 0.338 Loaded shared library C:\Users\dd397\.gradle\native\38dada09dfb8b06ba9b0570ebf7e218e3eb74d4ef43ca46872605cf95ebc2f47\windows-amd64\native-platform-file-events.dll
Event: 0.797 Loaded shared library C:\Program Files\Microsoft\jdk-17.0.10.7-hotspot\bin\management.dll
Event: 0.799 Loaded shared library C:\Program Files\Microsoft\jdk-17.0.10.7-hotspot\bin\management_ext.dll
Event: 0.919 Loaded shared library C:\Program Files\Microsoft\jdk-17.0.10.7-hotspot\bin\extnet.dll
Event: 1.039 Loaded shared library C:\Program Files\Microsoft\jdk-17.0.10.7-hotspot\bin\sunmscapi.dll

Deoptimization events (20 events):
Event: 8.433 Thread 0x00000193d96740d0 DEOPT PACKING pc=0x00000193a91a255c sp=0x00000075b2cf64c0
Event: 8.433 Thread 0x00000193d96740d0 DEOPT UNPACKING pc=0x00000193a89ea1a3 sp=0x00000075b2cf6450 mode 2
Event: 8.448 Thread 0x00000193d96740d0 Uncommon trap: trap_request=0xffffff45 fr.pc=0x00000193a91b9c1c relative=0x000000000000007c
Event: 8.448 Thread 0x00000193d96740d0 Uncommon trap: reason=unstable_if action=reinterpret pc=0x00000193a91b9c1c method=java.util.Spliterator.getExactSizeIfKnown()J @ 9 c2
Event: 8.448 Thread 0x00000193d96740d0 DEOPT PACKING pc=0x00000193a91b9c1c sp=0x00000075b2cf5cf0
Event: 8.448 Thread 0x00000193d96740d0 DEOPT UNPACKING pc=0x00000193a89ea1a3 sp=0x00000075b2cf5c88 mode 2
Event: 8.496 Thread 0x00000193d96740d0 Uncommon trap: trap_request=0xffffffdc fr.pc=0x00000193a92837bc relative=0x000000000000029c
Event: 8.496 Thread 0x00000193d96740d0 Uncommon trap: reason=class_check action=make_not_entrant pc=0x00000193a92837bc method=java.util.ArrayList.toArray([Ljava/lang/Object;)[Ljava/lang/Object; @ 21 c2
Event: 8.496 Thread 0x00000193d96740d0 DEOPT PACKING pc=0x00000193a92837bc sp=0x00000075b2cf68a0
Event: 8.496 Thread 0x00000193d96740d0 DEOPT UNPACKING pc=0x00000193a89ea1a3 sp=0x00000075b2cf6870 mode 2
Event: 8.586 Thread 0x00000193d96740d0 DEOPT PACKING pc=0x00000193a1664c53 sp=0x00000075b2cf55b0
Event: 8.586 Thread 0x00000193d96740d0 DEOPT UNPACKING pc=0x00000193a89eace3 sp=0x00000075b2cf4ac0 mode 0
Event: 8.588 Thread 0x00000193d96740d0 Uncommon trap: trap_request=0xffffff45 fr.pc=0x00000193a917c388 relative=0x00000000000001e8
Event: 8.588 Thread 0x00000193d96740d0 Uncommon trap: reason=unstable_if action=reinterpret pc=0x00000193a917c388 method=java.security.SecureClassLoader$CodeSourceKey.hashCode()I @ 9 c2
Event: 8.588 Thread 0x00000193d96740d0 DEOPT PACKING pc=0x00000193a917c388 sp=0x00000075b2cf5070
Event: 8.588 Thread 0x00000193d96740d0 DEOPT UNPACKING pc=0x00000193a89ea1a3 sp=0x00000075b2cf5000 mode 2
Event: 8.588 Thread 0x00000193d96740d0 Uncommon trap: trap_request=0xffffff45 fr.pc=0x00000193a909a5d4 relative=0x0000000000001414
Event: 8.588 Thread 0x00000193d96740d0 Uncommon trap: reason=unstable_if action=reinterpret pc=0x00000193a909a5d4 method=java.lang.ClassLoader.defineClassSourceLocation(Ljava/security/ProtectionDomain;)Ljava/lang/String; @ 15 c2
Event: 8.588 Thread 0x00000193d96740d0 DEOPT PACKING pc=0x00000193a909a5d4 sp=0x00000075b2cf5170
Event: 8.588 Thread 0x00000193d96740d0 DEOPT UNPACKING pc=0x00000193a89ea1a3 sp=0x00000075b2cf50e8 mode 2

Classes unloaded (0 events):
No events

Classes redefined (0 events):
No events

Internal exceptions (20 events):
Event: 8.077 Thread 0x00000193d96740d0 Exception <a 'java/lang/NoSuchMethodError'{0x0000000087fe4dd0}: static Lorg/gradle/api/internal/catalog/AbstractContextAwareModel;.<clinit>()V> (0x0000000087fe4dd0) 
thrown [s\src\hotspot\share\prims\jni.cpp, line 1107]
Event: 8.077 Thread 0x00000193d96740d0 Exception <a 'java/lang/NoSuchMethodError'{0x0000000087ffe720}: static Lorg/gradle/api/internal/artifacts/dependencies/AbstractVersionConstraint;.<clinit>()V> (0x0000000087ffe720) 
thrown [s\src\hotspot\share\prims\jni.cpp, line 1107]
Event: 8.081 Thread 0x00000193d96740d0 Exception <a 'java/lang/NoSuchMethodError'{0x0000000087eb7818}: static Lorg/gradle/api/internal/catalog/PluginModel;.<clinit>()V> (0x0000000087eb7818) 
thrown [s\src\hotspot\share\prims\jni.cpp, line 1107]
Event: 8.081 Thread 0x00000193d96740d0 Exception <a 'java/lang/NoSuchMethodError'{0x0000000087ece5b0}: static Lorg/gradle/api/internal/catalog/VersionModel;.<clinit>()V> (0x0000000087ece5b0) 
thrown [s\src\hotspot\share\prims\jni.cpp, line 1107]
Event: 8.082 Thread 0x00000193d96740d0 Exception <a 'java/lang/NoSuchMethodError'{0x0000000087ee63a8}: 'void java.lang.invoke.DirectMethodHandle$Holder.invokeSpecial(java.lang.Object, java.lang.Object, java.lang.Object, int)'> (0x0000000087ee63a8) 
thrown [s\src\hotspot\share\interpreter\linkResolver.cpp, line 759]
Event: 8.404 Thread 0x00000193d96740d0 Exception <a 'java/lang/NoSuchMethodError'{0x0000000088489898}: static Lorg/jetbrains/kotlin/gradle/plugin/internal/DefaultConfigurationTimePropertiesAccessorVariantFactory;.<clinit>()V> (0x0000000088489898) 
thrown [s\src\hotspot\share\prims\jni.cpp, line 1107]
Event: 8.405 Thread 0x00000193d96740d0 Exception <a 'java/lang/NoSuchMethodError'{0x00000000884aa758}: static Lorg/jetbrains/kotlin/gradle/plugin/internal/DefaultProjectIsolationStartParameterAccessorVariantFactory;.<clinit>()V> (0x00000000884aa758) 
thrown [s\src\hotspot\share\prims\jni.cpp, line 1107]
Event: 8.406 Thread 0x00000193d96740d0 Exception <a 'java/lang/NoSuchMethodError'{0x00000000884d9a98}: static Lorg/jetbrains/kotlin/gradle/plugin/internal/DefaultArtifactTypeAttributeAccessorVariantFactory;.<clinit>()V> (0x00000000884d9a98) 
thrown [s\src\hotspot\share\prims\jni.cpp, line 1107]
Event: 8.407 Thread 0x00000193d96740d0 Exception <a 'java/lang/NoSuchMethodError'{0x0000000088309458}: static Lorg/jetbrains/kotlin/gradle/plugin/internal/DefaultCompatibilityConventionRegistrar$Factory;.<clinit>()V> (0x0000000088309458) 
thrown [s\src\hotspot\share\prims\jni.cpp, line 1107]
Event: 8.407 Thread 0x00000193d96740d0 Exception <a 'java/lang/NoSuchMethodError'{0x000000008832b570}: static Lorg/jetbrains/kotlin/gradle/plugin/internal/DefaultJavaSourceSetsAccessorVariantFactory;.<clinit>()V> (0x000000008832b570) 
thrown [s\src\hotspot\share\prims\jni.cpp, line 1107]
Event: 8.408 Thread 0x00000193d96740d0 Exception <a 'java/lang/NoSuchMethodError'{0x000000008834c5d8}: static Lorg/jetbrains/kotlin/gradle/plugin/internal/DefaultIdeaSyncDetectorVariantFactory;.<clinit>()V> (0x000000008834c5d8) 
thrown [s\src\hotspot\share\prims\jni.cpp, line 1107]
Event: 8.408 Thread 0x00000193d96740d0 Exception <a 'java/lang/NoSuchMethodError'{0x000000008836ec58}: static Lorg/jetbrains/kotlin/gradle/plugin/internal/DefaultKotlinTestReportCompatibilityHelperVariantFactory;.<clinit>()V> (0x000000008836ec58) 
thrown [s\src\hotspot\share\prims\jni.cpp, line 1107]
Event: 8.409 Thread 0x00000193d96740d0 Exception <a 'java/lang/NoSuchMethodError'{0x0000000088390e10}: static Lorg/jetbrains/kotlin/gradle/plugin/internal/DefaultMppTestReportHelperVariantFactory;.<clinit>()V> (0x0000000088390e10) 
thrown [s\src\hotspot\share\prims\jni.cpp, line 1107]
Event: 8.410 Thread 0x00000193d96740d0 Exception <a 'java/lang/NoSuchMethodError'{0x00000000883c0710}: static Lorg/jetbrains/kotlin/gradle/plugin/internal/DefaultConfigurationCacheStartParameterAccessorVariantFactory;.<clinit>()V> (0x00000000883c0710) 
thrown [s\src\hotspot\share\prims\jni.cpp, line 1107]
Event: 8.410 Thread 0x00000193d96740d0 Exception <a 'java/lang/NoSuchMethodError'{0x00000000883e3310}: static Lorg/jetbrains/kotlin/gradle/plugin/internal/MavenPluginConfigurator$DefaultMavenPluginConfiguratorVariantFactory;.<clinit>()V> (0x00000000883e3310) 
thrown [s\src\hotspot\share\prims\jni.cpp, line 1107]
Event: 8.411 Thread 0x00000193d96740d0 Exception <a 'java/lang/NoSuchMethodError'{0x00000000882055b8}: static Lorg/jetbrains/kotlin/gradle/targets/js/nodejs/DefaultUnameExecutorVariantFactory;.<clinit>()V> (0x00000000882055b8) 
thrown [s\src\hotspot\share\prims\jni.cpp, line 1107]
Event: 8.411 Thread 0x00000193d96740d0 Exception <a 'java/lang/NoSuchMethodError'{0x00000000882270c8}: static Lorg/jetbrains/kotlin/gradle/plugin/internal/DefaultBasePluginConfigurationVariantFactory;.<clinit>()V> (0x00000000882270c8) 
thrown [s\src\hotspot\share\prims\jni.cpp, line 1107]
Event: 8.427 Thread 0x00000193d96740d0 Exception <a 'java/lang/IncompatibleClassChangeError'{0x00000000881816d8}: Found class java.lang.Object, but interface was expected> (0x00000000881816d8) 
thrown [s\src\hotspot\share\interpreter\linkResolver.cpp, line 826]
Event: 8.588 Thread 0x00000193d96740d0 Implicit null exception at 0x00000193a917c1d9 to 0x00000193a917c378
Event: 8.588 Thread 0x00000193d96740d0 Implicit null exception at 0x00000193a909967b to 0x00000193a909a5b8

VM Operations (20 events):
Event: 7.944 Executing VM operation: G1TryInitiateConcMark done
Event: 7.945 Executing VM operation: G1TryInitiateConcMark
Event: 7.946 Executing VM operation: G1TryInitiateConcMark done
Event: 7.961 Executing VM operation: G1PauseRemark
Event: 7.962 Executing VM operation: G1PauseRemark done
Event: 7.970 Executing VM operation: G1PauseCleanup
Event: 7.970 Executing VM operation: G1PauseCleanup done
Event: 8.164 Executing VM operation: HandshakeAllThreads
Event: 8.165 Executing VM operation: HandshakeAllThreads done
Event: 8.261 Executing VM operation: ICBufferFull
Event: 8.261 Executing VM operation: ICBufferFull done
Event: 8.340 Executing VM operation: G1TryInitiateConcMark
Event: 8.342 Executing VM operation: G1TryInitiateConcMark done
Event: 8.357 Executing VM operation: G1PauseRemark
Event: 8.359 Executing VM operation: G1PauseRemark done
Event: 8.366 Executing VM operation: G1PauseCleanup
Event: 8.366 Executing VM operation: G1PauseCleanup done
Event: 8.619 Executing VM operation: G1CollectForAllocation
Event: 8.622 Executing VM operation: G1CollectForAllocation done
Event: 8.632 Executing VM operation: G1CollectForAllocation

Events (20 events):
Event: 8.459 loading class jdk/jfr/Recording done
Event: 8.459 loading class jdk/jfr/FlightRecorder
Event: 8.459 loading class jdk/jfr/FlightRecorder done
Event: 8.459 loading class jdk/management/jfr/FlightRecorderMXBeanImpl$MXBeanListener
Event: 8.459 loading class jdk/jfr/FlightRecorderListener
Event: 8.459 loading class jdk/jfr/FlightRecorderListener done
Event: 8.459 loading class jdk/management/jfr/FlightRecorderMXBeanImpl$MXBeanListener done
Event: 8.517 loading class java/time/format/DateTimeFormatterBuilder$WeekBasedFieldPrinterParser
Event: 8.517 loading class java/time/format/DateTimeFormatterBuilder$WeekBasedFieldPrinterParser done
Event: 8.528 loading class com/sun/jmx/mbeanserver/StandardMBeanSupport
Event: 8.528 loading class com/sun/jmx/mbeanserver/StandardMBeanSupport done
Event: 8.528 loading class com/sun/jmx/mbeanserver/StandardMBeanIntrospector
Event: 8.528 loading class com/sun/jmx/mbeanserver/StandardMBeanIntrospector done
Event: 8.535 Thread 0x00000193daab3060 Thread added: 0x00000193daab3060
Event: 8.587 loading class sun/reflect/misc/MethodUtil
Event: 8.587 loading class sun/reflect/misc/MethodUtil done
Event: 8.588 loading class sun/reflect/misc/MethodUtil$1
Event: 8.588 loading class sun/reflect/misc/MethodUtil$1 done
Event: 8.593 loading class java/nio/channels/Channels$1
Event: 8.593 loading class java/nio/channels/Channels$1 done


Dynamic libraries:
0x00007ff630c40000 - 0x00007ff630c4e000 	C:\Program Files\Microsoft\jdk-17.0.10.7-hotspot\bin\java.exe
0x00007fff326f0000 - 0x00007fff32907000 	C:\Windows\SYSTEM32\ntdll.dll
0x00007fff309f0000 - 0x00007fff30ab4000 	C:\Windows\System32\KERNEL32.DLL
0x00007fff2fd20000 - 0x00007fff300c7000 	C:\Windows\System32\KERNELBASE.dll
0x00007fff2fa80000 - 0x00007fff2fb91000 	C:\Windows\System32\ucrtbase.dll
0x00007fff25eb0000 - 0x00007fff25ec7000 	C:\Program Files\Microsoft\jdk-17.0.10.7-hotspot\bin\jli.dll
0x00007fff262e0000 - 0x00007fff262fb000 	C:\Program Files\Microsoft\jdk-17.0.10.7-hotspot\bin\VCRUNTIME140.dll
0x00007fff305c0000 - 0x00007fff3076e000 	C:\Windows\System32\USER32.dll
0x00007fff2fba0000 - 0x00007fff2fbc6000 	C:\Windows\System32\win32u.dll
0x00007fff30ac0000 - 0x00007fff30ae9000 	C:\Windows\System32\GDI32.dll
0x00007fff2fbd0000 - 0x00007fff2fce9000 	C:\Windows\System32\gdi32full.dll
0x00007fff30150000 - 0x00007fff301ea000 	C:\Windows\System32\msvcp_win.dll
0x00007fff1ccd0000 - 0x00007fff1cf63000 	C:\Windows\WinSxS\amd64_microsoft.windows.common-controls_6595b64144ccf1df_6.0.22621.3527_none_270e469b73872a76\COMCTL32.dll
0x00007fff31500000 - 0x00007fff315a7000 	C:\Windows\System32\msvcrt.dll
0x00007fff314c0000 - 0x00007fff314f1000 	C:\Windows\System32\IMM32.DLL
0x00007fff29210000 - 0x00007fff2921c000 	C:\Program Files\Microsoft\jdk-17.0.10.7-hotspot\bin\vcruntime140_1.dll
0x00007ffec3930000 - 0x00007ffec39bd000 	C:\Program Files\Microsoft\jdk-17.0.10.7-hotspot\bin\msvcp140.dll
0x00007ffeb5df0000 - 0x00007ffeb6a55000 	C:\Program Files\Microsoft\jdk-17.0.10.7-hotspot\bin\server\jvm.dll
0x00007fff312c0000 - 0x00007fff31372000 	C:\Windows\System32\ADVAPI32.dll
0x00007fff30790000 - 0x00007fff30838000 	C:\Windows\System32\sechost.dll
0x00007fff2fcf0000 - 0x00007fff2fd18000 	C:\Windows\System32\bcrypt.dll
0x00007fff30420000 - 0x00007fff30535000 	C:\Windows\System32\RPCRT4.dll
0x00007fff2e850000 - 0x00007fff2e89d000 	C:\Windows\SYSTEM32\POWRPROF.dll
0x00007fff26980000 - 0x00007fff26989000 	C:\Windows\SYSTEM32\WSOCK32.dll
0x00007fff25d80000 - 0x00007fff25db4000 	C:\Windows\SYSTEM32\WINMM.dll
0x00007fff30540000 - 0x00007fff305b1000 	C:\Windows\System32\WS2_32.dll
0x00007fff269a0000 - 0x00007fff269aa000 	C:\Windows\SYSTEM32\VERSION.dll
0x00007fff2e830000 - 0x00007fff2e843000 	C:\Windows\SYSTEM32\UMPDC.dll
0x00007fff2ea90000 - 0x00007fff2eaa8000 	C:\Windows\SYSTEM32\kernel.appcore.dll
0x00007fff26340000 - 0x00007fff2634a000 	C:\Program Files\Microsoft\jdk-17.0.10.7-hotspot\bin\jimage.dll
0x00007fff2d270000 - 0x00007fff2d4a2000 	C:\Windows\SYSTEM32\DBGHELP.DLL
0x00007fff315b0000 - 0x00007fff31938000 	C:\Windows\System32\combase.dll
0x00007fff31b00000 - 0x00007fff31bd7000 	C:\Windows\System32\OLEAUT32.dll
0x00007fff10a80000 - 0x00007fff10ab2000 	C:\Windows\SYSTEM32\dbgcore.DLL
0x00007fff300d0000 - 0x00007fff30149000 	C:\Windows\System32\bcryptPrimitives.dll
0x00007fff0f480000 - 0x00007fff0f48e000 	C:\Program Files\Microsoft\jdk-17.0.10.7-hotspot\bin\instrument.dll
0x00007fff040f0000 - 0x00007fff04115000 	C:\Program Files\Microsoft\jdk-17.0.10.7-hotspot\bin\java.dll
0x00007ffebfb60000 - 0x00007ffebfc37000 	C:\Program Files\Microsoft\jdk-17.0.10.7-hotspot\bin\jsvml.dll
0x00007fff31e50000 - 0x00007fff326ac000 	C:\Windows\System32\SHELL32.dll
0x00007fff2d910000 - 0x00007fff2e206000 	C:\Windows\SYSTEM32\windows.storage.dll
0x00007fff2d7d0000 - 0x00007fff2d90e000 	C:\Windows\SYSTEM32\wintypes.dll
0x00007fff31d50000 - 0x00007fff31e45000 	C:\Windows\System32\SHCORE.dll
0x00007fff30b90000 - 0x00007fff30bee000 	C:\Windows\System32\shlwapi.dll
0x00007fff2f940000 - 0x00007fff2f961000 	C:\Windows\SYSTEM32\profapi.dll
0x00007fff02b50000 - 0x00007fff02b68000 	C:\Program Files\Microsoft\jdk-17.0.10.7-hotspot\bin\zip.dll
0x00007fff1d580000 - 0x00007fff1d599000 	C:\Program Files\Microsoft\jdk-17.0.10.7-hotspot\bin\net.dll
0x00007fff28350000 - 0x00007fff28486000 	C:\Windows\SYSTEM32\WINHTTP.dll
0x00007fff2ef70000 - 0x00007fff2efd9000 	C:\Windows\system32\mswsock.dll
0x00007fff18c10000 - 0x00007fff18c26000 	C:\Program Files\Microsoft\jdk-17.0.10.7-hotspot\bin\nio.dll
0x00007fff0f470000 - 0x00007fff0f480000 	C:\Program Files\Microsoft\jdk-17.0.10.7-hotspot\bin\verify.dll
0x00007fff0fdd0000 - 0x00007fff0fdf7000 	C:\Users\dd397\.gradle\native\c067742578af261105cb4f569cf0c3c89f3d7b1fecec35dd04571415982c5e48\windows-amd64\native-platform.dll
0x00007ffee44b0000 - 0x00007ffee45f4000 	C:\Users\dd397\.gradle\native\38dada09dfb8b06ba9b0570ebf7e218e3eb74d4ef43ca46872605cf95ebc2f47\windows-amd64\native-platform-file-events.dll
0x00007fff005b0000 - 0x00007fff005b9000 	C:\Program Files\Microsoft\jdk-17.0.10.7-hotspot\bin\management.dll
0x00007ffefe280000 - 0x00007ffefe28b000 	C:\Program Files\Microsoft\jdk-17.0.10.7-hotspot\bin\management_ext.dll
0x00007fff30b20000 - 0x00007fff30b28000 	C:\Windows\System32\PSAPI.DLL
0x00007fff2f1f0000 - 0x00007fff2f20b000 	C:\Windows\SYSTEM32\CRYPTSP.dll
0x00007fff2ea50000 - 0x00007fff2ea85000 	C:\Windows\system32\rsaenh.dll
0x00007fff2f090000 - 0x00007fff2f0b8000 	C:\Windows\SYSTEM32\USERENV.dll
0x00007fff2f210000 - 0x00007fff2f21c000 	C:\Windows\SYSTEM32\CRYPTBASE.dll
0x00007fff2e4e0000 - 0x00007fff2e50d000 	C:\Windows\SYSTEM32\IPHLPAPI.DLL
0x00007fff312b0000 - 0x00007fff312b9000 	C:\Windows\System32\NSI.dll
0x00007fff277f0000 - 0x00007fff27809000 	C:\Windows\SYSTEM32\dhcpcsvc6.DLL
0x00007fff27710000 - 0x00007fff2772f000 	C:\Windows\SYSTEM32\dhcpcsvc.DLL
0x00007fff2e550000 - 0x00007fff2e648000 	C:\Windows\SYSTEM32\DNSAPI.dll
0x00007ffefdee0000 - 0x00007ffefdee9000 	C:\Program Files\Microsoft\jdk-17.0.10.7-hotspot\bin\extnet.dll
0x00007ffefdef0000 - 0x00007ffefdefe000 	C:\Program Files\Microsoft\jdk-17.0.10.7-hotspot\bin\sunmscapi.dll
0x00007fff302b0000 - 0x00007fff30418000 	C:\Windows\System32\CRYPT32.dll
0x00007fff2f390000 - 0x00007fff2f3be000 	C:\Windows\SYSTEM32\ncrypt.dll
0x00007fff2f350000 - 0x00007fff2f387000 	C:\Windows\SYSTEM32\NTASN1.dll
0x00007fff1d130000 - 0x00007fff1d138000 	C:\Windows\system32\wshunix.dll
0x00007fff260f0000 - 0x00007fff260fa000 	C:\Windows\System32\rasadhlp.dll
0x00007fff25dc0000 - 0x00007fff25e43000 	C:\Windows\System32\fwpuclnt.dll

dbghelp: loaded successfully - version: 4.0.5 - missing functions: none
symbol engine: initialized successfully - sym options: 0x614 - pdb path: .;C:\Program Files\Microsoft\jdk-17.0.10.7-hotspot\bin;C:\Windows\SYSTEM32;C:\Windows\WinSxS\amd64_microsoft.windows.common-controls_6595b64144ccf1df_6.0.22621.3527_none_270e469b73872a76;C:\Program Files\Microsoft\jdk-17.0.10.7-hotspot\bin\server;C:\Users\dd397\.gradle\native\c067742578af261105cb4f569cf0c3c89f3d7b1fecec35dd04571415982c5e48\windows-amd64;C:\Users\dd397\.gradle\native\38dada09dfb8b06ba9b0570ebf7e218e3eb74d4ef43ca46872605cf95ebc2f47\windows-amd64

VM Arguments:
jvm_args: -XX:MaxMetaspaceSize=512m --add-opens=java.base/java.util=ALL-UNNAMED --add-opens=java.base/java.lang=ALL-UNNAMED --add-opens=java.base/java.lang.invoke=ALL-UNNAMED --add-opens=java.prefs/java.util.prefs=ALL-UNNAMED --add-opens=java.base/java.nio.charset=ALL-UNNAMED --add-opens=java.base/java.net=ALL-UNNAMED --add-opens=java.base/java.util.concurrent.atomic=ALL-UNNAMED -Xmx2048m -Dfile.encoding=utf8 -Duser.country=IN -Duser.language=en -Duser.variant -javaagent:C:\Users\dd397\.gradle\wrapper\dists\gradle-8.6-all\3mbtmo166bl6vumsh5k2lkq5h\gradle-8.6\lib\agents\gradle-instrumentation-agent-8.6.jar 
java_command: org.gradle.launcher.daemon.bootstrap.GradleDaemon 8.6
java_class_path (initial): C:\Users\dd397\.gradle\wrapper\dists\gradle-8.6-all\3mbtmo166bl6vumsh5k2lkq5h\gradle-8.6\lib\gradle-launcher-8.6.jar
Launcher Type: SUN_STANDARD

[Global flags]
     intx CICompilerCount                          = 4                                         {product} {ergonomic}
   size_t CompressedClassSpaceSize                 = 436207616                                 {product} {ergonomic}
     uint ConcGCThreads                            = 3                                         {product} {ergonomic}
     uint G1ConcRefinementThreads                  = 10                                        {product} {ergonomic}
   size_t G1HeapRegionSize                         = 1048576                                   {product} {ergonomic}
    uintx GCDrainStackTargetSize                   = 64                                        {product} {ergonomic}
   size_t InitialHeapSize                          = 264241152                                 {product} {ergonomic}
   size_t MarkStackSize                            = 4194304                                   {product} {ergonomic}
   size_t MaxHeapSize                              = 2147483648                                {product} {command line}
   size_t MaxMetaspaceSize                         = 536870912                                 {product} {command line}
   size_t MaxNewSize                               = 1287651328                                {product} {ergonomic}
   size_t MinHeapDeltaBytes                        = 1048576                                   {product} {ergonomic}
   size_t MinHeapSize                              = 8388608                                   {product} {ergonomic}
    uintx NonNMethodCodeHeapSize                   = 5839372                                {pd product} {ergonomic}
    uintx NonProfiledCodeHeapSize                  = 122909434                              {pd product} {ergonomic}
    uintx ProfiledCodeHeapSize                     = 122909434                              {pd product} {ergonomic}
    uintx ReservedCodeCacheSize                    = 251658240                              {pd product} {ergonomic}
     bool SegmentedCodeCache                       = true                                      {product} {ergonomic}
   size_t SoftMaxHeapSize                          = 2147483648                             {manageable} {ergonomic}
     bool UseCompressedClassPointers               = true                           {product lp64_product} {ergonomic}
     bool UseCompressedOops                        = true                           {product lp64_product} {ergonomic}
     bool UseG1GC                                  = true                                      {product} {ergonomic}
     bool UseLargePagesIndividualAllocation        = false                                  {pd product} {ergonomic}

Logging:
Log output configuration:
 #0: stdout all=warning uptime,level,tags
 #1: stderr all=off uptime,level,tags

Environment Variables:
JAVA_HOME=C:\Program Files\Microsoft\jdk-17.0.10.7-hotspot\
PATH=C:\Program Files\Microsoft\jdk-17.0.10.7-hotspot\bin;C:\Program Files\Common Files\Oracle\Java\javapath;C:\Windows\system32;C:\Windows;C:\Windows\System32\Wbem;C:\Windows\System32\WindowsPowerShell\v1.0\;C:\Windows\System32\OpenSSH\;C:\Program Files (x86)\NVIDIA Corporation\PhysX\Common;C:\Program Files\NVIDIA Corporation\NVIDIA NvDLISR;C:\Program Files\dotnet\;C:\Program Files\MySQL\MySQL Server 8.0\bin;C:\Program Files\Microsoft\jdk-17.0.10.7-hotspot\\bin;C:\Program Files\Docker\Docker\resources\bin;C:\Program Files\nodejs\;C:\ProgramData\chocolatey\bin;C:\Program Files\MySQL\MySQL Shell 8.0\bin\;C:\Users\dd397\AppData\Local\Microsoft\WindowsApps;C:\Users\dd397\AppData\Local\Programs\Microsoft VS Code\bin;C:\Users\dd397\AppData\Roaming\npm;C:\Users\dd397\AppData\Local\JetBrains\Toolbox\scripts;C:\Users\dd397\AppData\Local\Android\Sdk\platform-tools;C:\Users\dd397\AppData\Local\Android\Sdk\emulator;
USERNAME=dd397
OS=Windows_NT
PROCESSOR_IDENTIFIER=Intel64 Family 6 Model 141 Stepping 1, GenuineIntel
TMP=C:\Users\dd397\AppData\Local\Temp
TEMP=C:\Users\dd397\AppData\Local\Temp



Periodic native trim disabled


---------------  S Y S T E M  ---------------

OS:
 Windows 11 , 64 bit Build 22621 (10.0.22621.3527)
OS uptime: 1 days 4:20 hours
Hyper-V role detected

CPU: total 12 (initial active 12) (6 cores per cpu, 2 threads per core) family 6 model 141 stepping 1 microcode 0x34, cx8, cmov, fxsr, ht, mmx, 3dnowpref, sse, sse2, sse3, ssse3, sse4.1, sse4.2, popcnt, lzcnt, tsc, tscinvbit, avx, avx2, aes, erms, clmul, bmi1, bmi2, adx, avx512f, avx512dq, avx512cd, avx512bw, avx512vl, sha, fma, vzeroupper, avx512_vpopcntdq, avx512_vpclmulqdq, avx512_vaes, avx512_vnni, clflush, clflushopt, clwb, avx512_vbmi2, avx512_vbmi, hv
Processor Information for all 12 processors :
  Max Mhz: 2688, Current Mhz: 2688, Mhz Limit: 2688

Memory: 4k page, system-wide physical 16122M (2906M free)
TotalPageFile size 44496M (AvailPageFile size 60M)
current process WorkingSet (physical memory assigned to process): 294M, peak: 294M
current process commit charge ("private bytes"): 380M, peak: 463M

vm_info: OpenJDK 64-Bit Server VM (17.0.10+7-LTS) for windows-amd64 JRE (17.0.10+7-LTS), built on Jan 10 2024 19:47:12 by "MicrosoftCorporation" with MS VC++ 16.10 / 16.11 (VS2019)

END.
