#
# There is insufficient memory for the Java Runtime Environment to continue.
# Native memory allocation (malloc) failed to allocate 32744 bytes for ChunkPool::allocate
# Possible reasons:
#   The system is out of physical RAM or swap space
#   The process is running with CompressedOops enabled, and the Java Heap may be blocking the growth of the native heap
# Possible solutions:
#   Reduce memory load on the system
#   Increase physical memory or swap space
#   Check if swap backing store is full
#   Decrease Java heap size (-Xmx/-Xms)
#   Decrease number of Java threads
#   Decrease Java thread stack sizes (-Xss)
#   Set larger code cache with -XX:ReservedCodeCacheSize=
#   JVM is running with Unscaled Compressed Oops mode in which the Java heap is
#     placed in the first 4GB address space. The Java Heap base address is the
#     maximum limit for the native heap growth. Please use -XX:HeapBaseMinAddress
#     to set the Java Heap base and to place the Java Heap above 4GB virtual address.
# This output file may be truncated or incomplete.
#
#  Out of Memory Error (arena.cpp:79), pid=2804, tid=17796
#
# JRE version: OpenJDK Runtime Environment Microsoft-8902769 (17.0.10+7) (build 17.0.10+7-LTS)
# Java VM: OpenJDK 64-Bit Server VM Microsoft-8902769 (17.0.10+7-LTS, mixed mode, sharing, tiered, compressed oops, compressed class ptrs, g1 gc, windows-amd64)
# No core dump will be written. Minidumps are not enabled by default on client versions of Windows
#

---------------  S U M M A R Y ------------

Command Line: -Xmx64m -Xms64m -Dorg.gradle.appname=gradlew org.gradle.wrapper.GradleWrapperMain app:installDebug -PreactNativeDevServerPort=8081

Host: 11th Gen Intel(R) Core(TM) i5-11400H @ 2.70GHz, 12 cores, 15G,  Windows 11 , 64 bit Build 22621 (10.0.22621.3527)
Time: Tue Jun  4 10:28:06 2024 India Standard Time elapsed time: 10.434119 seconds (0d 0h 0m 10s)

---------------  T H R E A D  ---------------

Current thread (0x0000012d9f149520):  JavaThread "C1 CompilerThread0" daemon [_thread_in_native, id=17796, stack(0x0000001643800000,0x0000001643900000)]


Current CompileTask:
C1:  10434 1540       3       java.lang.invoke.MethodTypeForm::cachedLambdaForm (23 bytes)

Stack: [0x0000001643800000,0x0000001643900000]
Native frames: (J=compiled Java code, j=interpreted, Vv=VM code, C=native code)
V  [jvm.dll+0x67f829]
V  [jvm.dll+0x83750a]
V  [jvm.dll+0x838fce]
V  [jvm.dll+0x839633]
V  [jvm.dll+0x247cbf]
V  [jvm.dll+0xac721]
V  [jvm.dll+0xacb6c]
V  [jvm.dll+0x24a450]
V  [jvm.dll+0x135ea2]
V  [jvm.dll+0x13544a]
V  [jvm.dll+0x137101]
V  [jvm.dll+0x22957e]
V  [jvm.dll+0x22774c]
V  [jvm.dll+0x7ec5d7]
V  [jvm.dll+0x7e69da]
V  [jvm.dll+0x67e715]
C  [ucrtbase.dll+0x29333]
C  [KERNEL32.DLL+0x1257d]
C  [ntdll.dll+0x5aa48]


---------------  P R O C E S S  ---------------

Threads class SMR info:
_java_thread_list=0x0000012de54a11d0, length=14, elements={
0x0000012d830dc3e0, 0x0000012d9f11be90, 0x0000012d9f11ca50, 0x0000012d9f133190,
0x0000012d9f133d50, 0x0000012d9f139740, 0x0000012d9f13a100, 0x0000012d9f13ce00,
0x0000012d9f149520, 0x0000012d9f149f20, 0x0000012d9f3b9c90, 0x0000012d9f3bda70,
0x0000012de57f14a0, 0x0000012de559faf0
}

Java Threads: ( => current thread )
  0x0000012d830dc3e0 JavaThread "main" [_thread_blocked, id=18368, stack(0x0000001642a00000,0x0000001642b00000)]
  0x0000012d9f11be90 JavaThread "Reference Handler" daemon [_thread_blocked, id=15584, stack(0x0000001643100000,0x0000001643200000)]
  0x0000012d9f11ca50 JavaThread "Finalizer" daemon [_thread_blocked, id=8796, stack(0x0000001643200000,0x0000001643300000)]
  0x0000012d9f133190 JavaThread "Signal Dispatcher" daemon [_thread_blocked, id=15140, stack(0x0000001643300000,0x0000001643400000)]
  0x0000012d9f133d50 JavaThread "Attach Listener" daemon [_thread_blocked, id=20320, stack(0x0000001643400000,0x0000001643500000)]
  0x0000012d9f139740 JavaThread "Service Thread" daemon [_thread_blocked, id=2692, stack(0x0000001643500000,0x0000001643600000)]
  0x0000012d9f13a100 JavaThread "Monitor Deflation Thread" daemon [_thread_blocked, id=22428, stack(0x0000001643600000,0x0000001643700000)]
  0x0000012d9f13ce00 JavaThread "C2 CompilerThread0" daemon [_thread_in_native, id=6980, stack(0x0000001643700000,0x0000001643800000)]
=>0x0000012d9f149520 JavaThread "C1 CompilerThread0" daemon [_thread_in_native, id=17796, stack(0x0000001643800000,0x0000001643900000)]
  0x0000012d9f149f20 JavaThread "Sweeper thread" daemon [_thread_blocked, id=22344, stack(0x0000001643900000,0x0000001643a00000)]
  0x0000012d9f3b9c90 JavaThread "Notification Thread" daemon [_thread_blocked, id=22260, stack(0x0000001643a00000,0x0000001643b00000)]
  0x0000012d9f3bda70 JavaThread "Common-Cleaner" daemon [_thread_blocked, id=18276, stack(0x0000001643c00000,0x0000001643d00000)]
  0x0000012de57f14a0 JavaThread "DisconnectableInputStream source reader" daemon [_thread_in_native, id=2256, stack(0x0000001644400000,0x0000001644500000)]
  0x0000012de559faf0 JavaThread "C2 CompilerThread1" daemon [_thread_blocked, id=20284, stack(0x0000001643d00000,0x0000001643e00000)]

Other Threads:
  0x0000012d9f115fc0 VMThread "VM Thread" [stack: 0x0000001643000000,0x0000001643100000] [id=18420]
  0x0000012d9f3ba580 WatcherThread [stack: 0x0000001643b00000,0x0000001643c00000] [id=16816]
  0x0000012d83344010 GCTaskThread "GC Thread#0" [stack: 0x0000001642b00000,0x0000001642c00000] [id=19416]
  0x0000012de51fe3a0 GCTaskThread "GC Thread#1" [stack: 0x0000001643f00000,0x0000001644000000] [id=16996]
  0x0000012d9fdfa5e0 GCTaskThread "GC Thread#2" [stack: 0x0000001644000000,0x0000001644100000] [id=14284]
  0x0000012de50df3f0 GCTaskThread "GC Thread#3" [stack: 0x0000001644100000,0x0000001644200000] [id=8780]
  0x0000012d9fe40280 GCTaskThread "GC Thread#4" [stack: 0x0000001644200000,0x0000001644300000] [id=14416]
  0x0000012d83345760 ConcurrentGCThread "G1 Main Marker" [stack: 0x0000001642c00000,0x0000001642d00000] [id=20224]
  0x0000012d83346180 ConcurrentGCThread "G1 Conc#0" [stack: 0x0000001642d00000,0x0000001642e00000] [id=21208]
  0x0000012d9efe00a0 ConcurrentGCThread "G1 Refine#0" [stack: 0x0000001642e00000,0x0000001642f00000] [id=5444]
  0x0000012d9efe08e0 ConcurrentGCThread "G1 Service" [stack: 0x0000001642f00000,0x0000001643000000] [id=22008]

Threads with active compile tasks:
C2 CompilerThread0    10442 1503 % !   4       java.io.BufferedReader::readLine @ 139 (327 bytes)
C1 CompilerThread0    10442 1540       3       java.lang.invoke.MethodTypeForm::cachedLambdaForm (23 bytes)

VM state: not at safepoint (normal execution)

VM Mutex/Monitor currently owned by a thread: None

Heap address: 0x00000000fc000000, size: 64 MB, Compressed Oops mode: 32-bit

CDS archive(s) mapped at: [0x0000012da0000000-0x0000012da0bb0000-0x0000012da0bb0000), size 12255232, SharedBaseAddress: 0x0000012da0000000, ArchiveRelocationMode: 1.
Compressed class space mapped at: 0x0000012da1000000-0x0000012de1000000, reserved size: 1073741824
Narrow klass base: 0x0000012da0000000, Narrow klass shift: 0, Narrow klass range: 0x100000000

GC Precious Log:
 CPUs: 12 total, 12 available
 Memory: 16122M
 Large Page Support: Disabled
 NUMA Support: Disabled
 Compressed Oops: Enabled (32-bit)
 Heap Region Size: 1M
 Heap Min Capacity: 64M
 Heap Initial Capacity: 64M
 Heap Max Capacity: 64M
 Pre-touch: Disabled
 Parallel Workers: 10
 Concurrent Workers: 3
 Concurrent Refinement Workers: 10
 Periodic GC: Disabled

Heap:
 garbage-first heap   total 65536K, used 31040K [0x00000000fc000000, 0x0000000100000000)
  region size 1024K, 24 young (24576K), 3 survivors (3072K)
 Metaspace       used 9571K, committed 9728K, reserved 1114112K
  class space    used 1277K, committed 1344K, reserved 1048576K

Heap Regions: E=young(eden), S=young(survivor), O=old, HS=humongous(starts), HC=humongous(continues), CS=collection set, F=free, OA=open archive, CA=closed archive, TAMS=top-at-mark-start (previous, next)
|   0|0x00000000fc000000, 0x00000000fc100000, 0x00000000fc100000|100%|HS|  |TAMS 0x00000000fc000000, 0x00000000fc000000| Complete 
|   1|0x00000000fc100000, 0x00000000fc200000, 0x00000000fc200000|100%|HC|  |TAMS 0x00000000fc100000, 0x00000000fc100000| Complete 
|   2|0x00000000fc200000, 0x00000000fc300000, 0x00000000fc300000|100%|HC|  |TAMS 0x00000000fc200000, 0x00000000fc200000| Complete 
|   3|0x00000000fc300000, 0x00000000fc400000, 0x00000000fc400000|100%|HC|  |TAMS 0x00000000fc300000, 0x00000000fc300000| Complete 
|   4|0x00000000fc400000, 0x00000000fc500000, 0x00000000fc500000|100%| O|  |TAMS 0x00000000fc400000, 0x00000000fc400000| Untracked 
|   5|0x00000000fc500000, 0x00000000fc600000, 0x00000000fc600000|100%| O|  |TAMS 0x00000000fc500000, 0x00000000fc500000| Untracked 
|   6|0x00000000fc600000, 0x00000000fc700000, 0x00000000fc700000|100%| O|  |TAMS 0x00000000fc600000, 0x00000000fc600000| Untracked 
|   7|0x00000000fc700000, 0x00000000fc750000, 0x00000000fc800000| 31%| O|  |TAMS 0x00000000fc700000, 0x00000000fc700000| Untracked 
|   8|0x00000000fc800000, 0x00000000fc800000, 0x00000000fc900000|  0%| F|  |TAMS 0x00000000fc800000, 0x00000000fc800000| Untracked 
|   9|0x00000000fc900000, 0x00000000fc900000, 0x00000000fca00000|  0%| F|  |TAMS 0x00000000fc900000, 0x00000000fc900000| Untracked 
|  10|0x00000000fca00000, 0x00000000fca00000, 0x00000000fcb00000|  0%| F|  |TAMS 0x00000000fca00000, 0x00000000fca00000| Untracked 
|  11|0x00000000fcb00000, 0x00000000fcb00000, 0x00000000fcc00000|  0%| F|  |TAMS 0x00000000fcb00000, 0x00000000fcb00000| Untracked 
|  12|0x00000000fcc00000, 0x00000000fcc00000, 0x00000000fcd00000|  0%| F|  |TAMS 0x00000000fcc00000, 0x00000000fcc00000| Untracked 
|  13|0x00000000fcd00000, 0x00000000fcd00000, 0x00000000fce00000|  0%| F|  |TAMS 0x00000000fcd00000, 0x00000000fcd00000| Untracked 
|  14|0x00000000fce00000, 0x00000000fce00000, 0x00000000fcf00000|  0%| F|  |TAMS 0x00000000fce00000, 0x00000000fce00000| Untracked 
|  15|0x00000000fcf00000, 0x00000000fcf00000, 0x00000000fd000000|  0%| F|  |TAMS 0x00000000fcf00000, 0x00000000fcf00000| Untracked 
|  16|0x00000000fd000000, 0x00000000fd000000, 0x00000000fd100000|  0%| F|  |TAMS 0x00000000fd000000, 0x00000000fd000000| Untracked 
|  17|0x00000000fd100000, 0x00000000fd100000, 0x00000000fd200000|  0%| F|  |TAMS 0x00000000fd100000, 0x00000000fd100000| Untracked 
|  18|0x00000000fd200000, 0x00000000fd200000, 0x00000000fd300000|  0%| F|  |TAMS 0x00000000fd200000, 0x00000000fd200000| Untracked 
|  19|0x00000000fd300000, 0x00000000fd300000, 0x00000000fd400000|  0%| F|  |TAMS 0x00000000fd300000, 0x00000000fd300000| Untracked 
|  20|0x00000000fd400000, 0x00000000fd400000, 0x00000000fd500000|  0%| F|  |TAMS 0x00000000fd400000, 0x00000000fd400000| Untracked 
|  21|0x00000000fd500000, 0x00000000fd500000, 0x00000000fd600000|  0%| F|  |TAMS 0x00000000fd500000, 0x00000000fd500000| Untracked 
|  22|0x00000000fd600000, 0x00000000fd600000, 0x00000000fd700000|  0%| F|  |TAMS 0x00000000fd600000, 0x00000000fd600000| Untracked 
|  23|0x00000000fd700000, 0x00000000fd700000, 0x00000000fd800000|  0%| F|  |TAMS 0x00000000fd700000, 0x00000000fd700000| Untracked 
|  24|0x00000000fd800000, 0x00000000fd800000, 0x00000000fd900000|  0%| F|  |TAMS 0x00000000fd800000, 0x00000000fd800000| Untracked 
|  25|0x00000000fd900000, 0x00000000fd900000, 0x00000000fda00000|  0%| F|  |TAMS 0x00000000fd900000, 0x00000000fd900000| Untracked 
|  26|0x00000000fda00000, 0x00000000fda00000, 0x00000000fdb00000|  0%| F|  |TAMS 0x00000000fda00000, 0x00000000fda00000| Untracked 
|  27|0x00000000fdb00000, 0x00000000fdb00000, 0x00000000fdc00000|  0%| F|  |TAMS 0x00000000fdb00000, 0x00000000fdb00000| Untracked 
|  28|0x00000000fdc00000, 0x00000000fdc00000, 0x00000000fdd00000|  0%| F|  |TAMS 0x00000000fdc00000, 0x00000000fdc00000| Untracked 
|  29|0x00000000fdd00000, 0x00000000fdd00000, 0x00000000fde00000|  0%| F|  |TAMS 0x00000000fdd00000, 0x00000000fdd00000| Untracked 
|  30|0x00000000fde00000, 0x00000000fde00000, 0x00000000fdf00000|  0%| F|  |TAMS 0x00000000fde00000, 0x00000000fde00000| Untracked 
|  31|0x00000000fdf00000, 0x00000000fdf00000, 0x00000000fe000000|  0%| F|  |TAMS 0x00000000fdf00000, 0x00000000fdf00000| Untracked 
|  32|0x00000000fe000000, 0x00000000fe000000, 0x00000000fe100000|  0%| F|  |TAMS 0x00000000fe000000, 0x00000000fe000000| Untracked 
|  33|0x00000000fe100000, 0x00000000fe100000, 0x00000000fe200000|  0%| F|  |TAMS 0x00000000fe100000, 0x00000000fe100000| Untracked 
|  34|0x00000000fe200000, 0x00000000fe200000, 0x00000000fe300000|  0%| F|  |TAMS 0x00000000fe200000, 0x00000000fe200000| Untracked 
|  35|0x00000000fe300000, 0x00000000fe300000, 0x00000000fe400000|  0%| F|  |TAMS 0x00000000fe300000, 0x00000000fe300000| Untracked 
|  36|0x00000000fe400000, 0x00000000fe400000, 0x00000000fe500000|  0%| F|  |TAMS 0x00000000fe400000, 0x00000000fe400000| Untracked 
|  37|0x00000000fe500000, 0x00000000fe500000, 0x00000000fe600000|  0%| F|  |TAMS 0x00000000fe500000, 0x00000000fe500000| Untracked 
|  38|0x00000000fe600000, 0x00000000fe700000, 0x00000000fe700000|100%| S|CS|TAMS 0x00000000fe600000, 0x00000000fe600000| Complete 
|  39|0x00000000fe700000, 0x00000000fe800000, 0x00000000fe800000|100%| S|CS|TAMS 0x00000000fe700000, 0x00000000fe700000| Complete 
|  40|0x00000000fe800000, 0x00000000fe900000, 0x00000000fe900000|100%| S|CS|TAMS 0x00000000fe800000, 0x00000000fe800000| Complete 
|  41|0x00000000fe900000, 0x00000000fe900000, 0x00000000fea00000|  0%| F|  |TAMS 0x00000000fe900000, 0x00000000fe900000| Untracked 
|  42|0x00000000fea00000, 0x00000000fea00000, 0x00000000feb00000|  0%| F|  |TAMS 0x00000000fea00000, 0x00000000fea00000| Untracked 
|  43|0x00000000feb00000, 0x00000000febe1ee8, 0x00000000fec00000| 88%| E|  |TAMS 0x00000000feb00000, 0x00000000feb00000| Complete 
|  44|0x00000000fec00000, 0x00000000fed00000, 0x00000000fed00000|100%| E|CS|TAMS 0x00000000fec00000, 0x00000000fec00000| Complete 
|  45|0x00000000fed00000, 0x00000000fee00000, 0x00000000fee00000|100%| E|CS|TAMS 0x00000000fed00000, 0x00000000fed00000| Complete 
|  46|0x00000000fee00000, 0x00000000fef00000, 0x00000000fef00000|100%| E|CS|TAMS 0x00000000fee00000, 0x00000000fee00000| Complete 
|  47|0x00000000fef00000, 0x00000000ff000000, 0x00000000ff000000|100%| E|CS|TAMS 0x00000000fef00000, 0x00000000fef00000| Complete 
|  48|0x00000000ff000000, 0x00000000ff100000, 0x00000000ff100000|100%| E|CS|TAMS 0x00000000ff000000, 0x00000000ff000000| Complete 
|  49|0x00000000ff100000, 0x00000000ff200000, 0x00000000ff200000|100%| E|CS|TAMS 0x00000000ff100000, 0x00000000ff100000| Complete 
|  50|0x00000000ff200000, 0x00000000ff300000, 0x00000000ff300000|100%| E|CS|TAMS 0x00000000ff200000, 0x00000000ff200000| Complete 
|  51|0x00000000ff300000, 0x00000000ff400000, 0x00000000ff400000|100%| E|CS|TAMS 0x00000000ff300000, 0x00000000ff300000| Complete 
|  52|0x00000000ff400000, 0x00000000ff500000, 0x00000000ff500000|100%| E|CS|TAMS 0x00000000ff400000, 0x00000000ff400000| Complete 
|  53|0x00000000ff500000, 0x00000000ff600000, 0x00000000ff600000|100%| E|CS|TAMS 0x00000000ff500000, 0x00000000ff500000| Complete 
|  54|0x00000000ff600000, 0x00000000ff700000, 0x00000000ff700000|100%| E|CS|TAMS 0x00000000ff600000, 0x00000000ff600000| Complete 
|  55|0x00000000ff700000, 0x00000000ff800000, 0x00000000ff800000|100%| E|CS|TAMS 0x00000000ff700000, 0x00000000ff700000| Complete 
|  56|0x00000000ff800000, 0x00000000ff900000, 0x00000000ff900000|100%| E|CS|TAMS 0x00000000ff800000, 0x00000000ff800000| Complete 
|  57|0x00000000ff900000, 0x00000000ffa00000, 0x00000000ffa00000|100%| E|CS|TAMS 0x00000000ff900000, 0x00000000ff900000| Complete 
|  58|0x00000000ffa00000, 0x00000000ffb00000, 0x00000000ffb00000|100%| E|CS|TAMS 0x00000000ffa00000, 0x00000000ffa00000| Complete 
|  59|0x00000000ffb00000, 0x00000000ffc00000, 0x00000000ffc00000|100%| E|CS|TAMS 0x00000000ffb00000, 0x00000000ffb00000| Complete 
|  60|0x00000000ffc00000, 0x00000000ffd00000, 0x00000000ffd00000|100%| E|CS|TAMS 0x00000000ffc00000, 0x00000000ffc00000| Complete 
|  61|0x00000000ffd00000, 0x00000000ffe00000, 0x00000000ffe00000|100%| E|CS|TAMS 0x00000000ffd00000, 0x00000000ffd00000| Complete 
|  62|0x00000000ffe00000, 0x00000000fff00000, 0x00000000fff00000|100%| E|CS|TAMS 0x00000000ffe00000, 0x00000000ffe00000| Complete 
|  63|0x00000000fff00000, 0x0000000100000000, 0x0000000100000000|100%| E|CS|TAMS 0x00000000fff00000, 0x00000000fff00000| Complete 

Card table byte_map: [0x0000012d9c2c0000,0x0000012d9c2e0000] _byte_map_base: 0x0000012d9bae0000

Marking Bits (Prev, Next): (CMBitMap*) 0x0000012d83344630, (CMBitMap*) 0x0000012d83344670
 Prev Bits: [0x0000012d9c300000, 0x0000012d9c400000)
 Next Bits: [0x0000012d9c400000, 0x0000012d9c500000)

Polling page: 0x0000012d833d0000

Metaspace:

Usage:
  Non-class:      8.10 MB used.
      Class:      1.25 MB used.
       Both:      9.35 MB used.

Virtual space:
  Non-class space:       64.00 MB reserved,       8.19 MB ( 13%) committed,  1 nodes.
      Class space:        1.00 GB reserved,       1.31 MB ( <1%) committed,  1 nodes.
             Both:        1.06 GB reserved,       9.50 MB ( <1%) committed. 

Chunk freelists:
   Non-Class:  7.51 MB
       Class:  14.58 MB
        Both:  22.09 MB

MaxMetaspaceSize: unlimited
CompressedClassSpaceSize: 1.00 GB
Initial GC threshold: 21.00 MB
Current GC threshold: 21.00 MB
CDS: on
MetaspaceReclaimPolicy: balanced
 - commit_granule_bytes: 65536.
 - commit_granule_words: 8192.
 - virtual_space_node_default_size: 8388608.
 - enlarge_chunks_in_place: 1.
 - new_chunks_are_fully_committed: 0.
 - uncommit_free_chunks: 1.
 - use_allocation_guard: 0.
 - handle_deallocations: 1.


Internal statistics:

num_allocs_failed_limit: 0.
num_arena_births: 86.
num_arena_deaths: 0.
num_vsnodes_births: 2.
num_vsnodes_deaths: 0.
num_space_committed: 152.
num_space_uncommitted: 0.
num_chunks_returned_to_freelist: 0.
num_chunks_taken_from_freelist: 355.
num_chunk_merges: 0.
num_chunk_splits: 237.
num_chunks_enlarged: 197.
num_inconsistent_stats: 0.

CodeHeap 'non-profiled nmethods': size=120000Kb used=624Kb max_used=624Kb free=119375Kb
 bounds [0x0000012d94110000, 0x0000012d94380000, 0x0000012d9b640000]
CodeHeap 'profiled nmethods': size=120000Kb used=2838Kb max_used=2838Kb free=117161Kb
 bounds [0x0000012d8c640000, 0x0000012d8c910000, 0x0000012d93b70000]
CodeHeap 'non-nmethods': size=5760Kb used=1183Kb max_used=1202Kb free=4576Kb
 bounds [0x0000012d93b70000, 0x0000012d93de0000, 0x0000012d94110000]
 total_blobs=2009 nmethods=1539 adapters=383
 compilation: enabled
              stopped_count=0, restarted_count=0
 full_count=0

Compilation events (20 events):
Event: 10.429 Thread 0x0000012d9f149520 1530       3       sun.nio.cs.StreamEncoder::ensureOpen (18 bytes)
Event: 10.429 Thread 0x0000012d9f149520 nmethod 1530 0x0000012d8c903490 code [0x0000012d8c903640, 0x0000012d8c903848]
Event: 10.429 Thread 0x0000012d9f149520 1531       3       sun.nio.cs.SingleByte::withResult (25 bytes)
Event: 10.429 Thread 0x0000012d9f149520 nmethod 1531 0x0000012d8c903910 code [0x0000012d8c903ae0, 0x0000012d8c903f18]
Event: 10.430 Thread 0x0000012d9f149520 1532       3       java.io.BufferedOutputStream::flushBuffer (29 bytes)
Event: 10.430 Thread 0x0000012d9f149520 nmethod 1532 0x0000012d8c904090 code [0x0000012d8c904240, 0x0000012d8c904468]
Event: 10.430 Thread 0x0000012d9f149520 1535       3       java.lang.StringCoding::implEncodeAsciiArray (47 bytes)
Event: 10.430 Thread 0x0000012d9f149520 nmethod 1535 0x0000012d8c904510 code [0x0000012d8c9046c0, 0x0000012d8c904918]
Event: 10.430 Thread 0x0000012d9f149520 1537       3       java.io.PrintStream::ensureOpen (18 bytes)
Event: 10.430 Thread 0x0000012d9f149520 nmethod 1537 0x0000012d8c904a90 code [0x0000012d8c904c40, 0x0000012d8c904e48]
Event: 10.430 Thread 0x0000012d9f149520 1538  s    3       java.io.BufferedOutputStream::flush (12 bytes)
Event: 10.430 Thread 0x0000012d9f149520 nmethod 1538 0x0000012d8c904f10 code [0x0000012d8c9050e0, 0x0000012d8c9054f8]
Event: 10.430 Thread 0x0000012d9f149520 1539       3       java.io.OutputStream::flush (1 bytes)
Event: 10.430 Thread 0x0000012de559faf0 1529       4       org.gradle.internal.logging.text.AbstractLineChoppingStyledTextOutput$StateContext::isCurrentCharEquals (70 bytes)
Event: 10.431 Thread 0x0000012d9f149520 nmethod 1539 0x0000012d8c905610 code [0x0000012d8c9057a0, 0x0000012d8c9058b8]
Event: 10.432 Thread 0x0000012de559faf0 nmethod 1529 0x0000012d941a9190 code [0x0000012d941a9320, 0x0000012d941a9468]
Event: 10.432 Thread 0x0000012de559faf0 1533       4       org.gradle.internal.logging.text.AbstractLineChoppingStyledTextOutput$StateContext::hasChar (25 bytes)
Event: 10.432 Thread 0x0000012de559faf0 nmethod 1533 0x0000012d941a9610 code [0x0000012d941a9780, 0x0000012d941a9818]
Event: 10.432 Thread 0x0000012de559faf0 1534       4       org.gradle.internal.logging.text.AbstractLineChoppingStyledTextOutput$1::execute (9 bytes)
Event: 10.433 Thread 0x0000012d9f149520 1540       3       java.lang.invoke.MethodTypeForm::cachedLambdaForm (23 bytes)

GC Heap History (2 events):
Event: 0.496 GC heap before
{Heap before GC invocations=0 (full 0):
 garbage-first heap   total 65536K, used 26624K [0x00000000fc000000, 0x0000000100000000)
  region size 1024K, 23 young (23552K), 0 survivors (0K)
 Metaspace       used 3652K, committed 3776K, reserved 1114112K
  class space    used 443K, committed 512K, reserved 1048576K
}
Event: 0.501 GC heap after
{Heap after GC invocations=1 (full 0):
 garbage-first heap   total 65536K, used 10560K [0x00000000fc000000, 0x0000000100000000)
  region size 1024K, 3 young (3072K), 3 survivors (3072K)
 Metaspace       used 3652K, committed 3776K, reserved 1114112K
  class space    used 443K, committed 512K, reserved 1048576K
}

Dll operation events (13 events):
Event: 0.006 Loaded shared library C:\Program Files\Microsoft\jdk-17.0.10.7-hotspot\bin\java.dll
Event: 0.030 Loaded shared library C:\Program Files\Microsoft\jdk-17.0.10.7-hotspot\bin\jsvml.dll
Event: 0.052 Loaded shared library C:\Program Files\Microsoft\jdk-17.0.10.7-hotspot\bin\net.dll
Event: 0.054 Loaded shared library C:\Program Files\Microsoft\jdk-17.0.10.7-hotspot\bin\nio.dll
Event: 0.066 Loaded shared library C:\Program Files\Microsoft\jdk-17.0.10.7-hotspot\bin\zip.dll
Event: 0.274 Loaded shared library C:\Program Files\Microsoft\jdk-17.0.10.7-hotspot\bin\jimage.dll
Event: 0.330 Loaded shared library C:\Program Files\Microsoft\jdk-17.0.10.7-hotspot\bin\verify.dll
Event: 0.533 Loaded shared library C:\Users\dd397\.gradle\native\c067742578af261105cb4f569cf0c3c89f3d7b1fecec35dd04571415982c5e48\windows-amd64\native-platform.dll
Event: 0.545 Loaded shared library C:\Users\dd397\.gradle\native\jansi\1.18\windows64\jansi.dll
Event: 0.636 Loaded shared library C:\Program Files\Microsoft\jdk-17.0.10.7-hotspot\bin\management.dll
Event: 0.639 Loaded shared library C:\Program Files\Microsoft\jdk-17.0.10.7-hotspot\bin\management_ext.dll
Event: 0.805 Loaded shared library C:\Program Files\Microsoft\jdk-17.0.10.7-hotspot\bin\extnet.dll
Event: 0.838 Loaded shared library C:\Program Files\Microsoft\jdk-17.0.10.7-hotspot\bin\sunmscapi.dll

Deoptimization events (20 events):
Event: 0.822 Thread 0x0000012d830dc3e0 DEOPT PACKING pc=0x0000012d94152c60 sp=0x0000001642afc5b0
Event: 0.822 Thread 0x0000012d830dc3e0 DEOPT UNPACKING pc=0x0000012d93bca1a3 sp=0x0000001642afc598 mode 2
Event: 0.866 Thread 0x0000012d830dc3e0 Uncommon trap: trap_request=0xffffff45 fr.pc=0x0000012d9418b6a0 relative=0x0000000000000260
Event: 0.867 Thread 0x0000012d830dc3e0 Uncommon trap: reason=unstable_if action=reinterpret pc=0x0000012d9418b6a0 method=java.lang.invoke.VarHandle.checkExactAccessMode(Ljava/lang/invoke/VarHandle$AccessDescriptor;)V @ 4 c2
Event: 0.867 Thread 0x0000012d830dc3e0 DEOPT PACKING pc=0x0000012d9418b6a0 sp=0x0000001642afc680
Event: 0.867 Thread 0x0000012d830dc3e0 DEOPT UNPACKING pc=0x0000012d93bca1a3 sp=0x0000001642afc5f0 mode 2
Event: 0.868 Thread 0x0000012d830dc3e0 DEOPT PACKING pc=0x0000012d8c75dd5c sp=0x0000001642af80b0
Event: 0.868 Thread 0x0000012d830dc3e0 DEOPT UNPACKING pc=0x0000012d93bcace3 sp=0x0000001642af7560 mode 0
Event: 0.877 Thread 0x0000012d830dc3e0 Uncommon trap: trap_request=0xffffff45 fr.pc=0x0000012d94166c78 relative=0x0000000000000418
Event: 0.877 Thread 0x0000012d830dc3e0 Uncommon trap: reason=unstable_if action=reinterpret pc=0x0000012d94166c78 method=java.util.regex.Matcher.match(II)Z @ 76 c2
Event: 0.877 Thread 0x0000012d830dc3e0 DEOPT PACKING pc=0x0000012d94166c78 sp=0x0000001642afb880
Event: 0.877 Thread 0x0000012d830dc3e0 DEOPT UNPACKING pc=0x0000012d93bca1a3 sp=0x0000001642afb838 mode 2
Event: 10.418 Thread 0x0000012d830dc3e0 Uncommon trap: trap_request=0xffffff45 fr.pc=0x0000012d941a2dbc relative=0x000000000000021c
Event: 10.418 Thread 0x0000012d830dc3e0 Uncommon trap: reason=unstable_if action=reinterpret pc=0x0000012d941a2dbc method=com.esotericsoftware.kryo.io.Input.require(I)I @ 180 c2
Event: 10.418 Thread 0x0000012d830dc3e0 DEOPT PACKING pc=0x0000012d941a2dbc sp=0x0000001642afc630
Event: 10.418 Thread 0x0000012d830dc3e0 DEOPT UNPACKING pc=0x0000012d93bca1a3 sp=0x0000001642afc5d8 mode 2
Event: 10.426 Thread 0x0000012d830dc3e0 Uncommon trap: trap_request=0xffffff45 fr.pc=0x0000012d941393c8 relative=0x0000000000000048
Event: 10.426 Thread 0x0000012d830dc3e0 Uncommon trap: reason=unstable_if action=reinterpret pc=0x0000012d941393c8 method=java.net.URI.match(CJJ)Z @ 19 c2
Event: 10.426 Thread 0x0000012d830dc3e0 DEOPT PACKING pc=0x0000012d941393c8 sp=0x0000001642afc4b0
Event: 10.426 Thread 0x0000012d830dc3e0 DEOPT UNPACKING pc=0x0000012d93bca1a3 sp=0x0000001642afc438 mode 2

Classes unloaded (0 events):
No events

Classes redefined (0 events):
No events

Internal exceptions (20 events):
Event: 0.518 Thread 0x0000012d830dc3e0 Exception <a 'java/lang/NoSuchMethodError'{0x00000000fffc9708}: 'java.lang.Object java.lang.invoke.Invokers$Holder.invoker(java.lang.Object, java.lang.Object, java.lang.Object)'> (0x00000000fffc9708) 
thrown [s\src\hotspot\share\interpreter\linkResolver.cpp, line 759]
Event: 0.520 Thread 0x0000012d830dc3e0 Exception <a 'java/lang/NoSuchMethodError'{0x00000000fffd28e0}: 'java.lang.Object java.lang.invoke.DirectMethodHandle$Holder.invokeStatic(java.lang.Object, java.lang.Object, int)'> (0x00000000fffd28e0) 
thrown [s\src\hotspot\share\interpreter\linkResolver.cpp, line 759]
Event: 0.521 Thread 0x0000012d830dc3e0 Exception <a 'java/lang/NoSuchMethodError'{0x00000000fffde5d0}: 'void java.lang.invoke.DelegatingMethodHandle$Holder.delegate(java.lang.Object, java.lang.Object, int, java.lang.Object)'> (0x00000000fffde5d0) 
thrown [s\src\hotspot\share\interpreter\linkResolver.cpp, line 759]
Event: 0.521 Thread 0x0000012d830dc3e0 Exception <a 'java/lang/NoSuchMethodError'{0x00000000fffe2798}: 'int java.lang.invoke.DirectMethodHandle$Holder.invokeSpecial(java.lang.Object, java.lang.Object, java.lang.Object)'> (0x00000000fffe2798) 
thrown [s\src\hotspot\share\interpreter\linkResolver.cpp, line 759]
Event: 0.524 Thread 0x0000012d830dc3e0 Exception <a 'java/lang/NoSuchMethodError'{0x00000000ffe12080}: 'java.lang.Object java.lang.invoke.Invokers$Holder.invokeExact_MT(java.lang.Object, java.lang.Object, java.lang.Object, java.lang.Object)'> (0x00000000ffe12080) 
thrown [s\src\hotspot\share\interpreter\linkResolver.cpp, line 759]
Event: 0.617 Thread 0x0000012d830dc3e0 Exception <a 'java/lang/NoSuchMethodError'{0x00000000ff849120}: 'void java.lang.invoke.DirectMethodHandle$Holder.invokeSpecial(java.lang.Object, java.lang.Object, java.lang.Object)'> (0x00000000ff849120) 
thrown [s\src\hotspot\share\interpreter\linkResolver.cpp, line 759]
Event: 0.622 Thread 0x0000012d830dc3e0 Implicit null exception at 0x0000012d94165a0a to 0x0000012d94165f4c
Event: 0.622 Thread 0x0000012d830dc3e0 Implicit null exception at 0x0000012d9415760f to 0x0000012d94157b54
Event: 0.622 Thread 0x0000012d830dc3e0 Implicit null exception at 0x0000012d9414850f to 0x0000012d94148589
Event: 0.634 Thread 0x0000012d830dc3e0 Exception <a 'java/lang/NoSuchMethodError'{0x00000000ff7a5408}: 'java.lang.Object java.lang.invoke.DirectMethodHandle$Holder.invokeStaticInit(java.lang.Object)'> (0x00000000ff7a5408) 
thrown [s\src\hotspot\share\interpreter\linkResolver.cpp, line 759]
Event: 0.655 Thread 0x0000012d830dc3e0 Exception <a 'java/lang/NoSuchMethodError'{0x00000000ff6412e8}: 'int java.lang.invoke.DirectMethodHandle$Holder.invokeVirtual(java.lang.Object, java.lang.Object, java.lang.Object)'> (0x00000000ff6412e8) 
thrown [s\src\hotspot\share\interpreter\linkResolver.cpp, line 759]
Event: 0.658 Thread 0x0000012d830dc3e0 Exception <a 'java/lang/NoSuchMethodError'{0x00000000ff6861f8}: 'java.lang.Object java.lang.invoke.DirectMethodHandle$Holder.invokeVirtual(java.lang.Object, java.lang.Object, java.lang.Object)'> (0x00000000ff6861f8) 
thrown [s\src\hotspot\share\interpreter\linkResolver.cpp, line 759]
Event: 0.698 Thread 0x0000012d830dc3e0 Exception <a 'java/lang/NoSuchMethodError'{0x00000000ff239cd0}: 'java.lang.Object java.lang.invoke.DirectMethodHandle$Holder.invokeStaticInit(java.lang.Object, int, int, int, int)'> (0x00000000ff239cd0) 
thrown [s\src\hotspot\share\interpreter\linkResolver.cpp, line 759]
Event: 0.729 Thread 0x0000012d830dc3e0 Exception <a 'java/lang/NoSuchMethodError'{0x00000000ff118cf0}: 'java.lang.Object java.lang.invoke.DirectMethodHandle$Holder.invokeStaticInit(java.lang.Object, java.lang.Object, int, int, int, int)'> (0x00000000ff118cf0) 
thrown [s\src\hotspot\share\interpreter\linkResolver.cpp, line 759]
Event: 0.807 Thread 0x0000012d830dc3e0 Exception <a 'java/lang/NoSuchMethodError'{0x00000000ff146970}: 'void java.lang.invoke.DirectMethodHandle$Holder.invokeStatic(java.lang.Object, java.lang.Object, java.lang.Object)'> (0x00000000ff146970) 
thrown [s\src\hotspot\share\interpreter\linkResolver.cpp, line 759]
Event: 0.821 Thread 0x0000012d830dc3e0 Implicit null exception at 0x0000012d941493f2 to 0x0000012d94149a30
Event: 0.822 Thread 0x0000012d830dc3e0 Implicit null exception at 0x0000012d941525f2 to 0x0000012d94152c48
Event: 10.418 Thread 0x0000012d830dc3e0 Exception <a 'sun/net/ConnectionResetException'{0x00000000fed84d50}: Connection reset> (0x00000000fed84d50) 
thrown [s\src\hotspot\share\prims\jni.cpp, line 535]
Event: 10.425 Thread 0x0000012d830dc3e0 Exception <a 'java/lang/NoSuchMethodError'{0x00000000fecd83c8}: 'int java.lang.invoke.DirectMethodHandle$Holder.invokeVirtual(java.lang.Object, java.lang.Object)'> (0x00000000fecd83c8) 
thrown [s\src\hotspot\share\interpreter\linkResolver.cpp, line 759]
Event: 10.427 Thread 0x0000012de54d2990 Exception <a 'java/io/IOException'{0x00000000fee74ec8}: Connection reset by peer> (0x00000000fee74ec8) 
thrown [s\src\hotspot\share\prims\jni.cpp, line 535]

VM Operations (20 events):
Event: 0.721 Executing VM operation: HandshakeAllThreads
Event: 0.721 Executing VM operation: HandshakeAllThreads done
Event: 0.965 Executing VM operation: HandshakeAllThreads
Event: 0.965 Executing VM operation: HandshakeAllThreads done
Event: 1.979 Executing VM operation: Cleanup
Event: 1.980 Executing VM operation: Cleanup done
Event: 2.871 Executing VM operation: HandshakeAllThreads
Event: 2.871 Executing VM operation: HandshakeAllThreads done
Event: 3.877 Executing VM operation: Cleanup
Event: 3.877 Executing VM operation: Cleanup done
Event: 5.881 Executing VM operation: Cleanup
Event: 5.881 Executing VM operation: Cleanup done
Event: 6.881 Executing VM operation: Cleanup
Event: 6.881 Executing VM operation: Cleanup done
Event: 7.896 Executing VM operation: Cleanup
Event: 7.896 Executing VM operation: Cleanup done
Event: 8.903 Executing VM operation: Cleanup
Event: 8.903 Executing VM operation: Cleanup done
Event: 9.904 Executing VM operation: Cleanup
Event: 9.905 Executing VM operation: Cleanup done

Events (20 events):
Event: 9.159 loading class sun/util/logging/PlatformLogger$ConfigurableBridge$LoggerConfiguration done
Event: 9.159 loading class sun/util/logging/internal/LoggingProviderImpl$JULWrapper done
Event: 9.160 loading class java/io/ObjectInputFilter
Event: 9.160 loading class java/io/ObjectInputFilter done
Event: 9.160 loading class java/io/ObjectInputFilter$Config$BuiltinFilterFactory
Event: 9.160 loading class java/io/ObjectInputFilter$Config$BuiltinFilterFactory done
Event: 9.160 loading class jdk/internal/access/JavaObjectInputFilterAccess
Event: 9.160 loading class jdk/internal/access/JavaObjectInputFilterAccess done
Event: 9.161 loading class java/lang/System$Logger$Level
Event: 9.161 loading class java/lang/System$Logger$Level done
Event: 9.161 loading class java/io/Bits
Event: 9.161 loading class java/io/Bits done
Event: 10.418 loading class sun/net/ConnectionResetException
Event: 10.418 loading class sun/net/ConnectionResetException done
Event: 10.426 loading class java/util/concurrent/locks/AbstractQueuedSynchronizer$ExclusiveNode
Event: 10.426 loading class java/util/concurrent/locks/AbstractQueuedSynchronizer$ExclusiveNode done
Event: 10.427 Thread 0x0000012de54d2990 Thread exited: 0x0000012de54d2990
Event: 10.428 loading class java/util/concurrent/ConcurrentLinkedQueue$Itr
Event: 10.428 loading class java/util/concurrent/ConcurrentLinkedQueue$Itr done
Event: 10.430 Thread 0x0000012de559faf0 Thread added: 0x0000012de559faf0


Dynamic libraries:
0x00007ff784030000 - 0x00007ff78403e000 	C:\Program Files\Microsoft\jdk-17.0.10.7-hotspot\bin\java.exe
0x00007ffb6e6d0000 - 0x00007ffb6e8e7000 	C:\Windows\SYSTEM32\ntdll.dll
0x00007ffb6d1b0000 - 0x00007ffb6d274000 	C:\Windows\System32\KERNEL32.DLL
0x00007ffb6b9f0000 - 0x00007ffb6bd97000 	C:\Windows\System32\KERNELBASE.dll
0x00007ffb6bda0000 - 0x00007ffb6beb1000 	C:\Windows\System32\ucrtbase.dll
0x00007ffb4b9c0000 - 0x00007ffb4b9d7000 	C:\Program Files\Microsoft\jdk-17.0.10.7-hotspot\bin\jli.dll
0x00007ffb4b9e0000 - 0x00007ffb4b9fb000 	C:\Program Files\Microsoft\jdk-17.0.10.7-hotspot\bin\VCRUNTIME140.dll
0x00007ffb6dad0000 - 0x00007ffb6dc7e000 	C:\Windows\System32\USER32.dll
0x00007ffb6bf30000 - 0x00007ffb6bf56000 	C:\Windows\System32\win32u.dll
0x00007ffb57200000 - 0x00007ffb57493000 	C:\Windows\WinSxS\amd64_microsoft.windows.common-controls_6595b64144ccf1df_6.0.22621.3527_none_270e469b73872a76\COMCTL32.dll
0x00007ffb6c640000 - 0x00007ffb6c669000 	C:\Windows\System32\GDI32.dll
0x00007ffb6da20000 - 0x00007ffb6dac7000 	C:\Windows\System32\msvcrt.dll
0x00007ffb6c1a0000 - 0x00007ffb6c2b9000 	C:\Windows\System32\gdi32full.dll
0x00007ffb6c100000 - 0x00007ffb6c19a000 	C:\Windows\System32\msvcp_win.dll
0x00007ffb6d9c0000 - 0x00007ffb6d9f1000 	C:\Windows\System32\IMM32.DLL
0x00007ffb3bcb0000 - 0x00007ffb3bcbc000 	C:\Program Files\Microsoft\jdk-17.0.10.7-hotspot\bin\vcruntime140_1.dll
0x00007ffaf4600000 - 0x00007ffaf468d000 	C:\Program Files\Microsoft\jdk-17.0.10.7-hotspot\bin\msvcp140.dll
0x00007ffaee450000 - 0x00007ffaef0b5000 	C:\Program Files\Microsoft\jdk-17.0.10.7-hotspot\bin\server\jvm.dll
0x00007ffb6e4f0000 - 0x00007ffb6e5a2000 	C:\Windows\System32\ADVAPI32.dll
0x00007ffb6e260000 - 0x00007ffb6e308000 	C:\Windows\System32\sechost.dll
0x00007ffb6bf60000 - 0x00007ffb6bf88000 	C:\Windows\System32\bcrypt.dll
0x00007ffb6c7c0000 - 0x00007ffb6c8d5000 	C:\Windows\System32\RPCRT4.dll
0x00007ffb3bb00000 - 0x00007ffb3bb09000 	C:\Windows\SYSTEM32\WSOCK32.dll
0x00007ffb6a830000 - 0x00007ffb6a87d000 	C:\Windows\SYSTEM32\POWRPROF.dll
0x00007ffb61720000 - 0x00007ffb61754000 	C:\Windows\SYSTEM32\WINMM.dll
0x00007ffb6c740000 - 0x00007ffb6c7b1000 	C:\Windows\System32\WS2_32.dll
0x00007ffb62020000 - 0x00007ffb6202a000 	C:\Windows\SYSTEM32\VERSION.dll
0x00007ffb6a810000 - 0x00007ffb6a823000 	C:\Windows\SYSTEM32\UMPDC.dll
0x00007ffb6aad0000 - 0x00007ffb6aae8000 	C:\Windows\SYSTEM32\kernel.appcore.dll
0x00007ffb3b500000 - 0x00007ffb3b50a000 	C:\Program Files\Microsoft\jdk-17.0.10.7-hotspot\bin\jimage.dll
0x00007ffb691a0000 - 0x00007ffb693d2000 	C:\Windows\SYSTEM32\DBGHELP.DLL
0x00007ffb6dc90000 - 0x00007ffb6e018000 	C:\Windows\System32\combase.dll
0x00007ffb6e020000 - 0x00007ffb6e0f7000 	C:\Windows\System32\OLEAUT32.dll
0x00007ffb4be00000 - 0x00007ffb4be32000 	C:\Windows\SYSTEM32\dbgcore.DLL
0x00007ffb6c380000 - 0x00007ffb6c3f9000 	C:\Windows\System32\bcryptPrimitives.dll
0x00007ffaf4a70000 - 0x00007ffaf4a95000 	C:\Program Files\Microsoft\jdk-17.0.10.7-hotspot\bin\java.dll
0x00007ffaf4520000 - 0x00007ffaf45f7000 	C:\Program Files\Microsoft\jdk-17.0.10.7-hotspot\bin\jsvml.dll
0x00007ffb6c8e0000 - 0x00007ffb6d13c000 	C:\Windows\System32\SHELL32.dll
0x00007ffb698f0000 - 0x00007ffb6a1e6000 	C:\Windows\SYSTEM32\windows.storage.dll
0x00007ffb697b0000 - 0x00007ffb698ee000 	C:\Windows\SYSTEM32\wintypes.dll
0x00007ffb6c540000 - 0x00007ffb6c635000 	C:\Windows\System32\SHCORE.dll
0x00007ffb6e5c0000 - 0x00007ffb6e61e000 	C:\Windows\System32\shlwapi.dll
0x00007ffb6b920000 - 0x00007ffb6b941000 	C:\Windows\SYSTEM32\profapi.dll
0x00007ffb3a730000 - 0x00007ffb3a749000 	C:\Program Files\Microsoft\jdk-17.0.10.7-hotspot\bin\net.dll
0x00007ffb64f30000 - 0x00007ffb65066000 	C:\Windows\SYSTEM32\WINHTTP.dll
0x00007ffb6af50000 - 0x00007ffb6afb9000 	C:\Windows\system32\mswsock.dll
0x00007ffb3a390000 - 0x00007ffb3a3a6000 	C:\Program Files\Microsoft\jdk-17.0.10.7-hotspot\bin\nio.dll
0x00007ffb00700000 - 0x00007ffb00718000 	C:\Program Files\Microsoft\jdk-17.0.10.7-hotspot\bin\zip.dll
0x00007ffb54a20000 - 0x00007ffb54a30000 	C:\Program Files\Microsoft\jdk-17.0.10.7-hotspot\bin\verify.dll
0x00007ffb59260000 - 0x00007ffb59287000 	C:\Users\dd397\.gradle\native\c067742578af261105cb4f569cf0c3c89f3d7b1fecec35dd04571415982c5e48\windows-amd64\native-platform.dll
0x00007ffb62790000 - 0x00007ffb6279a000 	C:\Users\dd397\.gradle\native\jansi\1.18\windows64\jansi.dll
0x00007ffb31230000 - 0x00007ffb31239000 	C:\Program Files\Microsoft\jdk-17.0.10.7-hotspot\bin\management.dll
0x00007ffb2a750000 - 0x00007ffb2a75b000 	C:\Program Files\Microsoft\jdk-17.0.10.7-hotspot\bin\management_ext.dll
0x00007ffb6e5b0000 - 0x00007ffb6e5b8000 	C:\Windows\System32\PSAPI.DLL
0x00007ffb6b1d0000 - 0x00007ffb6b1eb000 	C:\Windows\SYSTEM32\CRYPTSP.dll
0x00007ffb6aa30000 - 0x00007ffb6aa65000 	C:\Windows\system32\rsaenh.dll
0x00007ffb6b070000 - 0x00007ffb6b098000 	C:\Windows\SYSTEM32\USERENV.dll
0x00007ffb6b1f0000 - 0x00007ffb6b1fc000 	C:\Windows\SYSTEM32\CRYPTBASE.dll
0x00007ffb6a4c0000 - 0x00007ffb6a4ed000 	C:\Windows\SYSTEM32\IPHLPAPI.DLL
0x00007ffb6d1a0000 - 0x00007ffb6d1a9000 	C:\Windows\System32\NSI.dll
0x00007ffb62e20000 - 0x00007ffb62e39000 	C:\Windows\SYSTEM32\dhcpcsvc6.DLL
0x00007ffb62060000 - 0x00007ffb6207f000 	C:\Windows\SYSTEM32\dhcpcsvc.DLL
0x00007ffb6a530000 - 0x00007ffb6a628000 	C:\Windows\SYSTEM32\DNSAPI.dll
0x00007ffb21f60000 - 0x00007ffb21f69000 	C:\Program Files\Microsoft\jdk-17.0.10.7-hotspot\bin\extnet.dll
0x00007ffb28e80000 - 0x00007ffb28e8e000 	C:\Program Files\Microsoft\jdk-17.0.10.7-hotspot\bin\sunmscapi.dll
0x00007ffb6bf90000 - 0x00007ffb6c0f8000 	C:\Windows\System32\CRYPT32.dll
0x00007ffb6b370000 - 0x00007ffb6b39e000 	C:\Windows\SYSTEM32\ncrypt.dll
0x00007ffb6b330000 - 0x00007ffb6b367000 	C:\Windows\SYSTEM32\NTASN1.dll
0x00007ffb574a0000 - 0x00007ffb574a8000 	C:\Windows\system32\wshunix.dll

dbghelp: loaded successfully - version: 4.0.5 - missing functions: none
symbol engine: initialized successfully - sym options: 0x614 - pdb path: .;C:\Program Files\Microsoft\jdk-17.0.10.7-hotspot\bin;C:\Windows\SYSTEM32;C:\Windows\WinSxS\amd64_microsoft.windows.common-controls_6595b64144ccf1df_6.0.22621.3527_none_270e469b73872a76;C:\Program Files\Microsoft\jdk-17.0.10.7-hotspot\bin\server;C:\Users\dd397\.gradle\native\c067742578af261105cb4f569cf0c3c89f3d7b1fecec35dd04571415982c5e48\windows-amd64;C:\Users\dd397\.gradle\native\jansi\1.18\windows64

VM Arguments:
jvm_args: -Xmx64m -Xms64m -Dorg.gradle.appname=gradlew 
java_command: org.gradle.wrapper.GradleWrapperMain app:installDebug -PreactNativeDevServerPort=8081
java_class_path (initial): D:\Full Stack Web Project\blogApplication\BlogAppCli\android\\gradle\wrapper\gradle-wrapper.jar
Launcher Type: SUN_STANDARD

[Global flags]
     intx CICompilerCount                          = 4                                         {product} {ergonomic}
     uint ConcGCThreads                            = 3                                         {product} {ergonomic}
     uint G1ConcRefinementThreads                  = 10                                        {product} {ergonomic}
   size_t G1HeapRegionSize                         = 1048576                                   {product} {ergonomic}
    uintx GCDrainStackTargetSize                   = 64                                        {product} {ergonomic}
   size_t InitialHeapSize                          = 67108864                                  {product} {command line}
   size_t MarkStackSize                            = 4194304                                   {product} {ergonomic}
   size_t MaxHeapSize                              = 67108864                                  {product} {command line}
   size_t MaxNewSize                               = 39845888                                  {product} {ergonomic}
   size_t MinHeapDeltaBytes                        = 1048576                                   {product} {ergonomic}
   size_t MinHeapSize                              = 67108864                                  {product} {command line}
    uintx NonNMethodCodeHeapSize                   = 5839372                                {pd product} {ergonomic}
    uintx NonProfiledCodeHeapSize                  = 122909434                              {pd product} {ergonomic}
    uintx ProfiledCodeHeapSize                     = 122909434                              {pd product} {ergonomic}
    uintx ReservedCodeCacheSize                    = 251658240                              {pd product} {ergonomic}
     bool SegmentedCodeCache                       = true                                      {product} {ergonomic}
   size_t SoftMaxHeapSize                          = 67108864                               {manageable} {ergonomic}
     bool UseCompressedClassPointers               = true                           {product lp64_product} {ergonomic}
     bool UseCompressedOops                        = true                           {product lp64_product} {ergonomic}
     bool UseG1GC                                  = true                                      {product} {ergonomic}
     bool UseLargePagesIndividualAllocation        = false                                  {pd product} {ergonomic}

Logging:
Log output configuration:
 #0: stdout all=warning uptime,level,tags
 #1: stderr all=off uptime,level,tags

Environment Variables:
JAVA_HOME=C:\Program Files\Microsoft\jdk-17.0.10.7-hotspot\
CLASSPATH=D:\Full Stack Web Project\blogApplication\BlogAppCli\android\\gradle\wrapper\gradle-wrapper.jar
PATH=D:\Full Stack Web Project\blogApplication\BlogAppCli\node_modules\.bin;D:\Full Stack Web Project\blogApplication\BlogAppCli\node_modules\.bin;D:\Full Stack Web Project\blogApplication\node_modules\.bin;D:\Full Stack Web Project\node_modules\.bin;D:\node_modules\.bin;C:\Program Files\nodejs\node_modules\npm\node_modules\@npmcli\run-script\lib\node-gyp-bin;C:\Program Files\Microsoft\jdk-17.0.10.7-hotspot\bin;C:\Program Files\Common Files\Oracle\Java\javapath;C:\Windows\system32;C:\Windows;C:\Windows\System32\Wbem;C:\Windows\System32\WindowsPowerShell\v1.0\;C:\Windows\System32\OpenSSH\;C:\Program Files (x86)\NVIDIA Corporation\PhysX\Common;C:\Program Files\NVIDIA Corporation\NVIDIA NvDLISR;C:\Program Files\dotnet\;C:\Program Files\MySQL\MySQL Server 8.0\bin;C:\Program Files\Microsoft\jdk-17.0.10.7-hotspot\\bin;C:\Program Files\Docker\Docker\resources\bin;C:\Program Files\nodejs\;C:\ProgramData\chocolatey\bin;C:\Program Files\MySQL\MySQL Shell 8.0\bin\;C:\Users\dd397\AppData\Local\Microsoft\WindowsApps;C:\Users\dd397\AppData\Local\Programs\Microsoft VS Code\bin;C:\Users\dd397\AppData\Roaming\npm;C:\Users\dd397\AppData\Local\JetBrains\Toolbox\scripts;C:\Users\dd397\AppData\Local\Android\Sdk\platform-tools;C:\Users\dd397\AppData\Local\Android\Sdk\emulator;
USERNAME=dd397
LANG=en_US.UTF-8
OS=Windows_NT
PROCESSOR_IDENTIFIER=Intel64 Family 6 Model 141 Stepping 1, GenuineIntel
TMP=C:\Users\dd397\AppData\Local\Temp
TEMP=C:\Users\dd397\AppData\Local\Temp



Periodic native trim disabled


---------------  S Y S T E M  ---------------

OS:
 Windows 11 , 64 bit Build 22621 (10.0.22621.3527)
OS uptime: 1 days 15:03 hours
Hyper-V role detected

CPU: total 12 (initial active 12) (6 cores per cpu, 2 threads per core) family 6 model 141 stepping 1 microcode 0x34, cx8, cmov, fxsr, ht, mmx, 3dnowpref, sse, sse2, sse3, ssse3, sse4.1, sse4.2, popcnt, lzcnt, tsc, tscinvbit, avx, avx2, aes, erms, clmul, bmi1, bmi2, adx, avx512f, avx512dq, avx512cd, avx512bw, avx512vl, sha, fma, vzeroupper, avx512_vpopcntdq, avx512_vpclmulqdq, avx512_vaes, avx512_vnni, clflush, clflushopt, clwb, avx512_vbmi2, avx512_vbmi, hv
Processor Information for all 12 processors :
  Max Mhz: 2688, Current Mhz: 2688, Mhz Limit: 2688

Memory: 4k page, system-wide physical 16122M (3864M free)
TotalPageFile size 44496M (AvailPageFile size 0M)
current process WorkingSet (physical memory assigned to process): 93M, peak: 101M
current process commit charge ("private bytes"): 170M, peak: 178M

vm_info: OpenJDK 64-Bit Server VM (17.0.10+7-LTS) for windows-amd64 JRE (17.0.10+7-LTS), built on Jan 10 2024 19:47:12 by "MicrosoftCorporation" with MS VC++ 16.10 / 16.11 (VS2019)

END.
