#
# There is insufficient memory for the Java Runtime Environment to continue.
# Native memory allocation (mmap) failed to map 264241152 bytes for G1 virtual space
# Possible reasons:
#   The system is out of physical RAM or swap space
#   The process is running with CompressedOops enabled, and the Java Heap may be blocking the growth of the native heap
# Possible solutions:
#   Reduce memory load on the system
#   Increase physical memory or swap space
#   Check if swap backing store is full
#   Decrease Java heap size (-Xmx/-Xms)
#   Decrease number of Java threads
#   Decrease Java thread stack sizes (-Xss)
#   Set larger code cache with -XX:ReservedCodeCacheSize=
#   JVM is running with Zero Based Compressed Oops mode in which the Java heap is
#     placed in the first 32GB address space. The Java Heap base address is the
#     maximum limit for the native heap growth. Please use -XX:HeapBaseMinAddress
#     to set the Java Heap base and to place the Java Heap above 32GB virtual address.
# This output file may be truncated or incomplete.
#
#  Out of Memory Error (os_windows.cpp:3613), pid=22196, tid=17868
#
# JRE version:  (17.0.10+7) (build )
# Java VM: OpenJDK 64-Bit Server VM (17.0.10+7-LTS, mixed mode, sharing, tiered, compressed oops, compressed class ptrs, g1 gc, windows-amd64)
# No core dump will be written. Minidumps are not enabled by default on client versions of Windows
#

---------------  S U M M A R Y ------------

Command Line: org.jetbrains.kotlin.cli.jvm.K2JVMCompiler @D:\Full Stack Web Project\blogApplication\BlogAppCli\android\app\build\20240604_9309869951559314230.compiler.options

Host: 11th Gen Intel(R) Core(TM) i5-11400H @ 2.70GHz, 12 cores, 15G,  Windows 11 , 64 bit Build 22621 (10.0.22621.3527)
Time: Tue Jun  4 10:28:51 2024 India Standard Time elapsed time: 0.011037 seconds (0d 0h 0m 0s)

---------------  T H R E A D  ---------------

Current thread (0x00000264128df520):  JavaThread "Unknown thread" [_thread_in_vm, id=17868, stack(0x000000ef53a00000,0x000000ef53b00000)]

Stack: [0x000000ef53a00000,0x000000ef53b00000]
Native frames: (J=compiled Java code, j=interpreted, Vv=VM code, C=native code)
V  [jvm.dll+0x67f829]
V  [jvm.dll+0x83750a]
V  [jvm.dll+0x838fce]
V  [jvm.dll+0x839633]
V  [jvm.dll+0x247cbf]
V  [jvm.dll+0x67c669]
V  [jvm.dll+0x6710da]
V  [jvm.dll+0x309b8b]
V  [jvm.dll+0x311036]
V  [jvm.dll+0x360d5e]
V  [jvm.dll+0x360f8f]
V  [jvm.dll+0x2e0798]
V  [jvm.dll+0x2e1704]
V  [jvm.dll+0x808d91]
V  [jvm.dll+0x36ec11]
V  [jvm.dll+0x7e7826]
V  [jvm.dll+0x3f245f]
V  [jvm.dll+0x3f4091]
C  [jli.dll+0x528f]
C  [ucrtbase.dll+0x29333]
C  [KERNEL32.DLL+0x1257d]
C  [ntdll.dll+0x5aa48]


---------------  P R O C E S S  ---------------

Threads class SMR info:
_java_thread_list=0x00007ffaeef81ed8, length=0, elements={
}

Java Threads: ( => current thread )

Other Threads:
  0x000002641294be00 GCTaskThread "GC Thread#0" [stack: 0x000000ef53b00000,0x000000ef53c00000] [id=3232]
  0x000002641295c950 ConcurrentGCThread "G1 Main Marker" [stack: 0x000000ef53c00000,0x000000ef53d00000] [id=22228]
  0x000002641295d370 ConcurrentGCThread "G1 Conc#0" [stack: 0x000000ef53d00000,0x000000ef53e00000] [id=21968]

[error occurred during error reporting (printing all threads), id 0xc0000005, EXCEPTION_ACCESS_VIOLATION (0xc0000005) at pc=0x00007ffaee7411d7]

VM state: not at safepoint (not fully initialized)

VM Mutex/Monitor currently owned by a thread:  ([mutex/lock_event])
[0x00000264128d9b30] Heap_lock - owner thread: 0x00000264128df520

Heap address: 0x0000000704000000, size: 4032 MB, Compressed Oops mode: Zero based, Oop shift amount: 3

CDS archive(s) mapped at: [0x0000000000000000-0x0000000000000000-0x0000000000000000), size 0, SharedBaseAddress: 0x0000000800000000, ArchiveRelocationMode: 1.
Narrow klass base: 0x0000000000000000, Narrow klass shift: 0, Narrow klass range: 0x0

GC Precious Log:
<Empty>

Heap:
 garbage-first heap   total 0K, used 0K [0x0000000704000000, 0x0000000800000000)
  region size 2048K, 0 young (0K), 0 survivors (0K)

[error occurred during error reporting (printing heap information), id 0xc0000005, EXCEPTION_ACCESS_VIOLATION (0xc0000005) at pc=0x00007ffaeeb29869]

GC Heap History (0 events):
No events

Dll operation events (1 events):
Event: 0.008 Loaded shared library C:\Program Files\Microsoft\jdk-17.0.10.7-hotspot\bin\java.dll

Deoptimization events (0 events):
No events

Classes unloaded (0 events):
No events

Classes redefined (0 events):
No events

Internal exceptions (0 events):
No events

VM Operations (0 events):
No events

Events (0 events):
No events


Dynamic libraries:
0x00007ff784030000 - 0x00007ff78403e000 	C:\Program Files\Microsoft\jdk-17.0.10.7-hotspot\bin\java.exe
0x00007ffb6e6d0000 - 0x00007ffb6e8e7000 	C:\Windows\SYSTEM32\ntdll.dll
0x00007ffb6d1b0000 - 0x00007ffb6d274000 	C:\Windows\System32\KERNEL32.DLL
0x00007ffb6b9f0000 - 0x00007ffb6bd97000 	C:\Windows\System32\KERNELBASE.dll
0x00007ffb6bda0000 - 0x00007ffb6beb1000 	C:\Windows\System32\ucrtbase.dll
0x00007ffb4b9e0000 - 0x00007ffb4b9fb000 	C:\Program Files\Microsoft\jdk-17.0.10.7-hotspot\bin\VCRUNTIME140.dll
0x00007ffb4b9c0000 - 0x00007ffb4b9d7000 	C:\Program Files\Microsoft\jdk-17.0.10.7-hotspot\bin\jli.dll
0x00007ffb6dad0000 - 0x00007ffb6dc7e000 	C:\Windows\System32\USER32.dll
0x00007ffb6bf30000 - 0x00007ffb6bf56000 	C:\Windows\System32\win32u.dll
0x00007ffb57200000 - 0x00007ffb57493000 	C:\Windows\WinSxS\amd64_microsoft.windows.common-controls_6595b64144ccf1df_6.0.22621.3527_none_270e469b73872a76\COMCTL32.dll
0x00007ffb6c640000 - 0x00007ffb6c669000 	C:\Windows\System32\GDI32.dll
0x00007ffb6da20000 - 0x00007ffb6dac7000 	C:\Windows\System32\msvcrt.dll
0x00007ffb6c1a0000 - 0x00007ffb6c2b9000 	C:\Windows\System32\gdi32full.dll
0x00007ffb6c100000 - 0x00007ffb6c19a000 	C:\Windows\System32\msvcp_win.dll
0x00007ffb6d9c0000 - 0x00007ffb6d9f1000 	C:\Windows\System32\IMM32.DLL
0x00007ffb3bcb0000 - 0x00007ffb3bcbc000 	C:\Program Files\Microsoft\jdk-17.0.10.7-hotspot\bin\vcruntime140_1.dll
0x00007ffaf4600000 - 0x00007ffaf468d000 	C:\Program Files\Microsoft\jdk-17.0.10.7-hotspot\bin\msvcp140.dll
0x00007ffaee450000 - 0x00007ffaef0b5000 	C:\Program Files\Microsoft\jdk-17.0.10.7-hotspot\bin\server\jvm.dll
0x00007ffb6e4f0000 - 0x00007ffb6e5a2000 	C:\Windows\System32\ADVAPI32.dll
0x00007ffb6e260000 - 0x00007ffb6e308000 	C:\Windows\System32\sechost.dll
0x00007ffb6bf60000 - 0x00007ffb6bf88000 	C:\Windows\System32\bcrypt.dll
0x00007ffb6c7c0000 - 0x00007ffb6c8d5000 	C:\Windows\System32\RPCRT4.dll
0x00007ffb3bb00000 - 0x00007ffb3bb09000 	C:\Windows\SYSTEM32\WSOCK32.dll
0x00007ffb6a830000 - 0x00007ffb6a87d000 	C:\Windows\SYSTEM32\POWRPROF.dll
0x00007ffb6c740000 - 0x00007ffb6c7b1000 	C:\Windows\System32\WS2_32.dll
0x00007ffb61720000 - 0x00007ffb61754000 	C:\Windows\SYSTEM32\WINMM.dll
0x00007ffb62020000 - 0x00007ffb6202a000 	C:\Windows\SYSTEM32\VERSION.dll
0x00007ffb6a810000 - 0x00007ffb6a823000 	C:\Windows\SYSTEM32\UMPDC.dll
0x00007ffb6aad0000 - 0x00007ffb6aae8000 	C:\Windows\SYSTEM32\kernel.appcore.dll
0x00007ffb3b500000 - 0x00007ffb3b50a000 	C:\Program Files\Microsoft\jdk-17.0.10.7-hotspot\bin\jimage.dll
0x00007ffb691a0000 - 0x00007ffb693d2000 	C:\Windows\SYSTEM32\DBGHELP.DLL
0x00007ffb6dc90000 - 0x00007ffb6e018000 	C:\Windows\System32\combase.dll
0x00007ffb6e020000 - 0x00007ffb6e0f7000 	C:\Windows\System32\OLEAUT32.dll
0x00007ffb4be00000 - 0x00007ffb4be32000 	C:\Windows\SYSTEM32\dbgcore.DLL
0x00007ffb6c380000 - 0x00007ffb6c3f9000 	C:\Windows\System32\bcryptPrimitives.dll
0x00007ffaf4a70000 - 0x00007ffaf4a95000 	C:\Program Files\Microsoft\jdk-17.0.10.7-hotspot\bin\java.dll

dbghelp: loaded successfully - version: 4.0.5 - missing functions: none
symbol engine: initialized successfully - sym options: 0x614 - pdb path: .;C:\Program Files\Microsoft\jdk-17.0.10.7-hotspot\bin;C:\Windows\SYSTEM32;C:\Windows\WinSxS\amd64_microsoft.windows.common-controls_6595b64144ccf1df_6.0.22621.3527_none_270e469b73872a76;C:\Program Files\Microsoft\jdk-17.0.10.7-hotspot\bin\server

VM Arguments:
java_command: org.jetbrains.kotlin.cli.jvm.K2JVMCompiler @D:\Full Stack Web Project\blogApplication\BlogAppCli\android\app\build\20240604_9309869951559314230.compiler.options
java_class_path (initial): C:\Users\dd397\.gradle\caches\modules-2\files-2.1\org.jetbrains.kotlin\kotlin-compiler-embeddable\1.9.22\9cd4dc7773cf2a99ecd961a88fbbc9a2da3fb5e1\kotlin-compiler-embeddable-1.9.22.jar;C:\Users\dd397\.gradle\caches\modules-2\files-2.1\org.jetbrains.kotlin\kotlin-stdlib\1.9.22\d6c44cd08d8f3f9bece8101216dbe6553365c6e3\kotlin-stdlib-1.9.22.jar;C:\Users\dd397\.gradle\caches\modules-2\files-2.1\org.jetbrains.kotlin\kotlin-script-runtime\1.9.22\f8139a46fc677ec9badc49ae954392f4f5e7e7c7\kotlin-script-runtime-1.9.22.jar;C:\Users\dd397\.gradle\caches\modules-2\files-2.1\org.jetbrains.kotlin\kotlin-reflect\1.6.10\1cbe9c92c12a94eea200d23c2bbaedaf3daf5132\kotlin-reflect-1.6.10.jar;C:\Users\dd397\.gradle\caches\modules-2\files-2.1\org.jetbrains.kotlin\kotlin-daemon-embeddable\1.9.22\20e2c5df715f3240c765cfc222530e2796542021\kotlin-daemon-embeddable-1.9.22.jar;C:\Users\dd397\.gradle\caches\modules-2\files-2.1\org.jetbrains.intellij.deps\trove4j\1.0.20200330\3afb14d5f9ceb459d724e907a21145e8ff394f02\trove4j-1.0.20200330.jar;C:\Users\dd397\.gradle\caches\modules-2\files-2.1\org.jetbrains\annotations\13.0\919f0dfe192fb4e063e7dacadee7f8bb9a2672a9\annotations-13.0.jar
Launcher Type: SUN_STANDARD

[Global flags]
     intx CICompilerCount                          = 4                                         {product} {ergonomic}
     uint ConcGCThreads                            = 3                                         {product} {ergonomic}
     uint G1ConcRefinementThreads                  = 10                                        {product} {ergonomic}
   size_t G1HeapRegionSize                         = 2097152                                   {product} {ergonomic}
    uintx GCDrainStackTargetSize                   = 64                                        {product} {ergonomic}
   size_t InitialHeapSize                          = 264241152                                 {product} {ergonomic}
   size_t MarkStackSize                            = 4194304                                   {product} {ergonomic}
   size_t MaxHeapSize                              = 4227858432                                {product} {ergonomic}
   size_t MinHeapDeltaBytes                        = 2097152                                   {product} {ergonomic}
   size_t MinHeapSize                              = 8388608                                   {product} {ergonomic}
    uintx NonNMethodCodeHeapSize                   = 5839372                                {pd product} {ergonomic}
    uintx NonProfiledCodeHeapSize                  = 122909434                              {pd product} {ergonomic}
    uintx ProfiledCodeHeapSize                     = 122909434                              {pd product} {ergonomic}
    uintx ReservedCodeCacheSize                    = 251658240                              {pd product} {ergonomic}
     bool SegmentedCodeCache                       = true                                      {product} {ergonomic}
   size_t SoftMaxHeapSize                          = 4227858432                             {manageable} {ergonomic}
     bool UseCompressedClassPointers               = true                           {product lp64_product} {ergonomic}
     bool UseCompressedOops                        = true                           {product lp64_product} {ergonomic}
     bool UseG1GC                                  = true                                      {product} {ergonomic}
     bool UseLargePagesIndividualAllocation        = false                                  {pd product} {ergonomic}

Logging:
Log output configuration:
 #0: stdout all=warning uptime,level,tags
 #1: stderr all=off uptime,level,tags

Environment Variables:
JAVA_HOME=C:\Program Files\Microsoft\jdk-17.0.10.7-hotspot\
CLASSPATH=D:\Full Stack Web Project\blogApplication\BlogAppCli\android\\gradle\wrapper\gradle-wrapper.jar
PATH=D:\Full Stack Web Project\blogApplication\BlogAppCli\node_modules\.bin;D:\Full Stack Web Project\blogApplication\BlogAppCli\node_modules\.bin;D:\Full Stack Web Project\blogApplication\node_modules\.bin;D:\Full Stack Web Project\node_modules\.bin;D:\node_modules\.bin;C:\Program Files\nodejs\node_modules\npm\node_modules\@npmcli\run-script\lib\node-gyp-bin;C:\Program Files\Microsoft\jdk-17.0.10.7-hotspot\bin;C:\Program Files\Common Files\Oracle\Java\javapath;C:\Windows\system32;C:\Windows;C:\Windows\System32\Wbem;C:\Windows\System32\WindowsPowerShell\v1.0\;C:\Windows\System32\OpenSSH\;C:\Program Files (x86)\NVIDIA Corporation\PhysX\Common;C:\Program Files\NVIDIA Corporation\NVIDIA NvDLISR;C:\Program Files\dotnet\;C:\Program Files\MySQL\MySQL Server 8.0\bin;C:\Program Files\Microsoft\jdk-17.0.10.7-hotspot\\bin;C:\Program Files\Docker\Docker\resources\bin;C:\Program Files\nodejs\;C:\ProgramData\chocolatey\bin;C:\Program Files\MySQL\MySQL Shell 8.0\bin\;C:\Users\dd397\AppData\Local\Microsoft\WindowsApps;C:\Users\dd397\AppData\Local\Programs\Microsoft VS Code\bin;C:\Users\dd397\AppData\Roaming\npm;C:\Users\dd397\AppData\Local\JetBrains\Toolbox\scripts;C:\Users\dd397\AppData\Local\Android\Sdk\platform-tools;C:\Users\dd397\AppData\Local\Android\Sdk\emulator;
USERNAME=dd397
LANG=en_US.UTF-8
OS=Windows_NT
PROCESSOR_IDENTIFIER=Intel64 Family 6 Model 141 Stepping 1, GenuineIntel
TMP=C:\Users\dd397\AppData\Local\Temp
TEMP=C:\Users\dd397\AppData\Local\Temp



Periodic native trim disabled


---------------  S Y S T E M  ---------------

OS:
 Windows 11 , 64 bit Build 22621 (10.0.22621.3527)
OS uptime: 1 days 15:04 hours
Hyper-V role detected

CPU: total 12 (initial active 12) (6 cores per cpu, 2 threads per core) family 6 model 141 stepping 1 microcode 0x34, cx8, cmov, fxsr, ht, mmx, 3dnowpref, sse, sse2, sse3, ssse3, sse4.1, sse4.2, popcnt, lzcnt, tsc, tscinvbit, avx, avx2, aes, erms, clmul, bmi1, bmi2, adx, avx512f, avx512dq, avx512cd, avx512bw, avx512vl, sha, fma, vzeroupper, avx512_vpopcntdq, avx512_vpclmulqdq, avx512_vaes, avx512_vnni, clflush, clflushopt, clwb, avx512_vbmi2, avx512_vbmi, hv
Processor Information for all 12 processors :
  Max Mhz: 2688, Current Mhz: 2688, Mhz Limit: 2688

Memory: 4k page, system-wide physical 16122M (3968M free)
TotalPageFile size 44496M (AvailPageFile size 9M)
current process WorkingSet (physical memory assigned to process): 11M, peak: 11M
current process commit charge ("private bytes"): 64M, peak: 316M

vm_info: OpenJDK 64-Bit Server VM (17.0.10+7-LTS) for windows-amd64 JRE (17.0.10+7-LTS), built on Jan 10 2024 19:47:12 by "MicrosoftCorporation" with MS VC++ 16.10 / 16.11 (VS2019)

END.
