#
# There is insufficient memory for the Java Runtime Environment to continue.
# Native memory allocation (mmap) failed to map 65536 bytes for Failed to commit metaspace.
# Possible reasons:
#   The system is out of physical RAM or swap space
#   The process is running with CompressedOops enabled, and the Java Heap may be blocking the growth of the native heap
# Possible solutions:
#   Reduce memory load on the system
#   Increase physical memory or swap space
#   Check if swap backing store is full
#   Decrease Java heap size (-Xmx/-Xms)
#   Decrease number of Java threads
#   Decrease Java thread stack sizes (-Xss)
#   Set larger code cache with -XX:ReservedCodeCacheSize=
#   JVM is running with Unscaled Compressed Oops mode in which the Java heap is
#     placed in the first 4GB address space. The Java Heap base address is the
#     maximum limit for the native heap growth. Please use -XX:HeapBaseMinAddress
#     to set the Java Heap base and to place the Java Heap above 4GB virtual address.
# This output file may be truncated or incomplete.
#
#  Out of Memory Error (virtualSpaceNode.cpp:110), pid=14420, tid=3916
#
# JRE version: OpenJDK Runtime Environment Microsoft-8902769 (17.0.10+7) (build 17.0.10+7-LTS)
# Java VM: OpenJDK 64-Bit Server VM Microsoft-8902769 (17.0.10+7-LTS, mixed mode, sharing, tiered, compressed oops, compressed class ptrs, g1 gc, windows-amd64)
# No core dump will be written. Minidumps are not enabled by default on client versions of Windows
#

---------------  S U M M A R Y ------------

Command Line: -Xmx64m -Xms64m -Dorg.gradle.appname=gradlew org.gradle.wrapper.GradleWrapperMain app:installDebug -PreactNativeDevServerPort=8081

Host: 11th Gen Intel(R) Core(TM) i5-11400H @ 2.70GHz, 12 cores, 15G,  Windows 11 , 64 bit Build 22621 (10.0.22621.3672)
Time: Thu Jun 20 11:13:01 2024 India Standard Time elapsed time: 3.554501 seconds (0d 0h 0m 3s)

---------------  T H R E A D  ---------------

Current thread (0x0000017568c08db0):  JavaThread "C1 CompilerThread0" daemon [_thread_in_vm, id=3916, stack(0x0000004be3100000,0x0000004be3200000)]


Current CompileTask:
C1:   3554 1530       3       java.nio.Buffer::limit (65 bytes)

Stack: [0x0000004be3100000,0x0000004be3200000]
Native frames: (J=compiled Java code, j=interpreted, Vv=VM code, C=native code)
V  [jvm.dll+0x67f829]
V  [jvm.dll+0x83750a]
V  [jvm.dll+0x838fce]
V  [jvm.dll+0x839633]
V  [jvm.dll+0x247cbf]
V  [jvm.dll+0x8331cb]
V  [jvm.dll+0x624286]
V  [jvm.dll+0x6242ea]
V  [jvm.dll+0x626b1a]
V  [jvm.dll+0x624c26]
V  [jvm.dll+0x635f5a]
V  [jvm.dll+0x62ed3a]
V  [jvm.dll+0x1cdc80]
V  [jvm.dll+0x1cde70]
V  [jvm.dll+0x1483b1]
V  [jvm.dll+0x1481f5]
V  [jvm.dll+0x13fa28]
V  [jvm.dll+0x141fe5]
V  [jvm.dll+0x1402c4]
V  [jvm.dll+0x13a20f]
V  [jvm.dll+0x149e56]
V  [jvm.dll+0x135990]
V  [jvm.dll+0x135cf0]
V  [jvm.dll+0x135fb6]
V  [jvm.dll+0x13544a]
V  [jvm.dll+0x137101]
V  [jvm.dll+0x22957e]
V  [jvm.dll+0x22774c]
V  [jvm.dll+0x7ec5d7]
V  [jvm.dll+0x7e69da]
V  [jvm.dll+0x67e715]
C  [ucrtbase.dll+0x29333]
C  [KERNEL32.DLL+0x1257d]
C  [ntdll.dll+0x5af28]


---------------  P R O C E S S  ---------------

Threads class SMR info:
_java_thread_list=0x000001756dfb2ae0, length=15, elements={
0x000001754edbfa80, 0x0000017568be23e0, 0x0000017568be28c0, 0x0000017568bf5a20,
0x0000017568bf61f0, 0x0000017568bf89d0, 0x0000017568bfafb0, 0x0000017568c07cd0,
0x0000017568c08db0, 0x0000017568c13470, 0x000001756d07e5f0, 0x000001756d07ed70,
0x000001756d3db490, 0x000001756e04e360, 0x000001756dfb2050
}

Java Threads: ( => current thread )
  0x000001754edbfa80 JavaThread "main" [_thread_in_vm, id=25004, stack(0x0000004be2300000,0x0000004be2400000)]
  0x0000017568be23e0 JavaThread "Reference Handler" daemon [_thread_blocked, id=5864, stack(0x0000004be2a00000,0x0000004be2b00000)]
  0x0000017568be28c0 JavaThread "Finalizer" daemon [_thread_blocked, id=16972, stack(0x0000004be2b00000,0x0000004be2c00000)]
  0x0000017568bf5a20 JavaThread "Signal Dispatcher" daemon [_thread_blocked, id=4128, stack(0x0000004be2c00000,0x0000004be2d00000)]
  0x0000017568bf61f0 JavaThread "Attach Listener" daemon [_thread_blocked, id=844, stack(0x0000004be2d00000,0x0000004be2e00000)]
  0x0000017568bf89d0 JavaThread "Service Thread" daemon [_thread_blocked, id=16884, stack(0x0000004be2e00000,0x0000004be2f00000)]
  0x0000017568bfafb0 JavaThread "Monitor Deflation Thread" daemon [_thread_blocked, id=15528, stack(0x0000004be2f00000,0x0000004be3000000)]
  0x0000017568c07cd0 JavaThread "C2 CompilerThread0" daemon [_thread_blocked, id=23688, stack(0x0000004be3000000,0x0000004be3100000)]
=>0x0000017568c08db0 JavaThread "C1 CompilerThread0" daemon [_thread_in_vm, id=3916, stack(0x0000004be3100000,0x0000004be3200000)]
  0x0000017568c13470 JavaThread "Sweeper thread" daemon [_thread_blocked, id=8224, stack(0x0000004be3200000,0x0000004be3300000)]
  0x000001756d07e5f0 JavaThread "Notification Thread" daemon [_thread_blocked, id=23792, stack(0x0000004be3300000,0x0000004be3400000)]
  0x000001756d07ed70 JavaThread "Common-Cleaner" daemon [_thread_blocked, id=1056, stack(0x0000004be3500000,0x0000004be3600000)]
  0x000001756d3db490 JavaThread "pool-1-thread-1" [_thread_blocked, id=3148, stack(0x0000004be3c00000,0x0000004be3d00000)]
  0x000001756e04e360 JavaThread "DisconnectableInputStream source reader" daemon [_thread_in_native, id=4256, stack(0x0000004be4200000,0x0000004be4300000)]
  0x000001756dfb2050 JavaThread "Forward input" [_thread_blocked, id=20500, stack(0x0000004be4300000,0x0000004be4400000)]

Other Threads:
  0x000001754ee6d240 VMThread "VM Thread" [stack: 0x0000004be2900000,0x0000004be2a00000] [id=10000]
  0x000001756d07ead0 WatcherThread [stack: 0x0000004be3400000,0x0000004be3500000] [id=21324]
  0x000001754ede0e40 GCTaskThread "GC Thread#0" [stack: 0x0000004be2400000,0x0000004be2500000] [id=6240]
  0x000001756d521c60 GCTaskThread "GC Thread#1" [stack: 0x0000004be3800000,0x0000004be3900000] [id=7496]
  0x000001756d5224a0 GCTaskThread "GC Thread#2" [stack: 0x0000004be3900000,0x0000004be3a00000] [id=5748]
  0x000001756d523260 GCTaskThread "GC Thread#3" [stack: 0x0000004be3a00000,0x0000004be3b00000] [id=14364]
  0x000001756d522760 GCTaskThread "GC Thread#4" [stack: 0x0000004be3b00000,0x0000004be3c00000] [id=17364]
  0x000001756d522fa0 GCTaskThread "GC Thread#5" [stack: 0x0000004be3d00000,0x0000004be3e00000] [id=17616]
  0x000001756d521f20 GCTaskThread "GC Thread#6" [stack: 0x0000004be3e00000,0x0000004be3f00000] [id=22372]
  0x000001756d523520 GCTaskThread "GC Thread#7" [stack: 0x0000004be3f00000,0x0000004be4000000] [id=22828]
  0x000001756d5219a0 GCTaskThread "GC Thread#8" [stack: 0x0000004be4000000,0x0000004be4100000] [id=15616]
  0x000001756d522a20 GCTaskThread "GC Thread#9" [stack: 0x0000004be4100000,0x0000004be4200000] [id=20680]
  0x000001754ede2590 ConcurrentGCThread "G1 Main Marker" [stack: 0x0000004be2500000,0x0000004be2600000] [id=25448]
  0x000001754ede4fd0 ConcurrentGCThread "G1 Conc#0" [stack: 0x0000004be2600000,0x0000004be2700000] [id=3888]
  0x000001754ee4ef00 ConcurrentGCThread "G1 Refine#0" [stack: 0x0000004be2700000,0x0000004be2800000] [id=12988]
  0x000001754ee51550 ConcurrentGCThread "G1 Service" [stack: 0x0000004be2800000,0x0000004be2900000] [id=13108]

Threads with active compile tasks:
C1 CompilerThread0     3566 1530       3       java.nio.Buffer::limit (65 bytes)

VM state: not at safepoint (normal execution)

VM Mutex/Monitor currently owned by a thread:  ([mutex/lock_event])
[0x000001754edbbe90] Metaspace_lock - owner thread: 0x0000017568c08db0
[0x000001754edbb080] MethodData_lock - owner thread: 0x0000017568c08db0

Heap address: 0x00000000fc000000, size: 64 MB, Compressed Oops mode: 32-bit

CDS archive(s) mapped at: [0x0000017500000000-0x0000017500bb0000-0x0000017500bb0000), size 12255232, SharedBaseAddress: 0x0000017500000000, ArchiveRelocationMode: 1.
Compressed class space mapped at: 0x0000017501000000-0x0000017541000000, reserved size: 1073741824
Narrow klass base: 0x0000017500000000, Narrow klass shift: 0, Narrow klass range: 0x100000000

GC Precious Log:
 CPUs: 12 total, 12 available
 Memory: 16122M
 Large Page Support: Disabled
 NUMA Support: Disabled
 Compressed Oops: Enabled (32-bit)
 Heap Region Size: 1M
 Heap Min Capacity: 64M
 Heap Initial Capacity: 64M
 Heap Max Capacity: 64M
 Pre-touch: Disabled
 Parallel Workers: 10
 Concurrent Workers: 3
 Concurrent Refinement Workers: 10
 Periodic GC: Disabled

Heap:
 garbage-first heap   total 65536K, used 16052K [0x00000000fc000000, 0x0000000100000000)
  region size 1024K, 7 young (7168K), 3 survivors (3072K)
 Metaspace       used 9982K, committed 10176K, reserved 1114112K
  class space    used 1320K, committed 1472K, reserved 1048576K

Heap Regions: E=young(eden), S=young(survivor), O=old, HS=humongous(starts), HC=humongous(continues), CS=collection set, F=free, OA=open archive, CA=closed archive, TAMS=top-at-mark-start (previous, next)
|   0|0x00000000fc000000, 0x00000000fc100000, 0x00000000fc100000|100%|HS|  |TAMS 0x00000000fc000000, 0x00000000fc000000| Complete 
|   1|0x00000000fc100000, 0x00000000fc200000, 0x00000000fc200000|100%|HC|  |TAMS 0x00000000fc100000, 0x00000000fc100000| Complete 
|   2|0x00000000fc200000, 0x00000000fc300000, 0x00000000fc300000|100%|HC|  |TAMS 0x00000000fc200000, 0x00000000fc200000| Complete 
|   3|0x00000000fc300000, 0x00000000fc400000, 0x00000000fc400000|100%|HC|  |TAMS 0x00000000fc300000, 0x00000000fc300000| Complete 
|   4|0x00000000fc400000, 0x00000000fc500000, 0x00000000fc500000|100%| O|  |TAMS 0x00000000fc400000, 0x00000000fc400000| Untracked 
|   5|0x00000000fc500000, 0x00000000fc600000, 0x00000000fc600000|100%| O|  |TAMS 0x00000000fc500000, 0x00000000fc500000| Untracked 
|   6|0x00000000fc600000, 0x00000000fc700000, 0x00000000fc700000|100%| O|  |TAMS 0x00000000fc600000, 0x00000000fc600000| Untracked 
|   7|0x00000000fc700000, 0x00000000fc800000, 0x00000000fc800000|100%| O|  |TAMS 0x00000000fc700000, 0x00000000fc700000| Untracked 
|   8|0x00000000fc800000, 0x00000000fc900000, 0x00000000fc900000|100%| O|  |TAMS 0x00000000fc800000, 0x00000000fc800000| Untracked 
|   9|0x00000000fc900000, 0x00000000fca00000, 0x00000000fca00000|100%| O|  |TAMS 0x00000000fc900000, 0x00000000fc900000| Untracked 
|  10|0x00000000fca00000, 0x00000000fca63c00, 0x00000000fcb00000| 38%| O|  |TAMS 0x00000000fca00000, 0x00000000fca00000| Untracked 
|  11|0x00000000fcb00000, 0x00000000fcb00000, 0x00000000fcc00000|  0%| F|  |TAMS 0x00000000fcb00000, 0x00000000fcb00000| Untracked 
|  12|0x00000000fcc00000, 0x00000000fcc00000, 0x00000000fcd00000|  0%| F|  |TAMS 0x00000000fcc00000, 0x00000000fcc00000| Untracked 
|  13|0x00000000fcd00000, 0x00000000fcd00000, 0x00000000fce00000|  0%| F|  |TAMS 0x00000000fcd00000, 0x00000000fcd00000| Untracked 
|  14|0x00000000fce00000, 0x00000000fce00000, 0x00000000fcf00000|  0%| F|  |TAMS 0x00000000fce00000, 0x00000000fce00000| Untracked 
|  15|0x00000000fcf00000, 0x00000000fcf00000, 0x00000000fd000000|  0%| F|  |TAMS 0x00000000fcf00000, 0x00000000fcf00000| Untracked 
|  16|0x00000000fd000000, 0x00000000fd000000, 0x00000000fd100000|  0%| F|  |TAMS 0x00000000fd000000, 0x00000000fd000000| Untracked 
|  17|0x00000000fd100000, 0x00000000fd100000, 0x00000000fd200000|  0%| F|  |TAMS 0x00000000fd100000, 0x00000000fd100000| Untracked 
|  18|0x00000000fd200000, 0x00000000fd200000, 0x00000000fd300000|  0%| F|  |TAMS 0x00000000fd200000, 0x00000000fd200000| Untracked 
|  19|0x00000000fd300000, 0x00000000fd300000, 0x00000000fd400000|  0%| F|  |TAMS 0x00000000fd300000, 0x00000000fd300000| Untracked 
|  20|0x00000000fd400000, 0x00000000fd400000, 0x00000000fd500000|  0%| F|  |TAMS 0x00000000fd400000, 0x00000000fd400000| Untracked 
|  21|0x00000000fd500000, 0x00000000fd500000, 0x00000000fd600000|  0%| F|  |TAMS 0x00000000fd500000, 0x00000000fd500000| Untracked 
|  22|0x00000000fd600000, 0x00000000fd600000, 0x00000000fd700000|  0%| F|  |TAMS 0x00000000fd600000, 0x00000000fd600000| Untracked 
|  23|0x00000000fd700000, 0x00000000fd700000, 0x00000000fd800000|  0%| F|  |TAMS 0x00000000fd700000, 0x00000000fd700000| Untracked 
|  24|0x00000000fd800000, 0x00000000fd800000, 0x00000000fd900000|  0%| F|  |TAMS 0x00000000fd800000, 0x00000000fd800000| Untracked 
|  25|0x00000000fd900000, 0x00000000fd900000, 0x00000000fda00000|  0%| F|  |TAMS 0x00000000fd900000, 0x00000000fd900000| Untracked 
|  26|0x00000000fda00000, 0x00000000fda00000, 0x00000000fdb00000|  0%| F|  |TAMS 0x00000000fda00000, 0x00000000fda00000| Untracked 
|  27|0x00000000fdb00000, 0x00000000fdb00000, 0x00000000fdc00000|  0%| F|  |TAMS 0x00000000fdb00000, 0x00000000fdb00000| Untracked 
|  28|0x00000000fdc00000, 0x00000000fdc00000, 0x00000000fdd00000|  0%| F|  |TAMS 0x00000000fdc00000, 0x00000000fdc00000| Untracked 
|  29|0x00000000fdd00000, 0x00000000fdd00000, 0x00000000fde00000|  0%| F|  |TAMS 0x00000000fdd00000, 0x00000000fdd00000| Untracked 
|  30|0x00000000fde00000, 0x00000000fde00000, 0x00000000fdf00000|  0%| F|  |TAMS 0x00000000fde00000, 0x00000000fde00000| Untracked 
|  31|0x00000000fdf00000, 0x00000000fdf00000, 0x00000000fe000000|  0%| F|  |TAMS 0x00000000fdf00000, 0x00000000fdf00000| Untracked 
|  32|0x00000000fe000000, 0x00000000fe000000, 0x00000000fe100000|  0%| F|  |TAMS 0x00000000fe000000, 0x00000000fe000000| Untracked 
|  33|0x00000000fe100000, 0x00000000fe100000, 0x00000000fe200000|  0%| F|  |TAMS 0x00000000fe100000, 0x00000000fe100000| Untracked 
|  34|0x00000000fe200000, 0x00000000fe200000, 0x00000000fe300000|  0%| F|  |TAMS 0x00000000fe200000, 0x00000000fe200000| Untracked 
|  35|0x00000000fe300000, 0x00000000fe300000, 0x00000000fe400000|  0%| F|  |TAMS 0x00000000fe300000, 0x00000000fe300000| Untracked 
|  36|0x00000000fe400000, 0x00000000fe449750, 0x00000000fe500000| 28%| S|CS|TAMS 0x00000000fe400000, 0x00000000fe400000| Complete 
|  37|0x00000000fe500000, 0x00000000fe600000, 0x00000000fe600000|100%| S|CS|TAMS 0x00000000fe500000, 0x00000000fe500000| Complete 
|  38|0x00000000fe600000, 0x00000000fe600000, 0x00000000fe700000|  0%| F|  |TAMS 0x00000000fe600000, 0x00000000fe600000| Untracked 
|  39|0x00000000fe700000, 0x00000000fe700000, 0x00000000fe800000|  0%| F|  |TAMS 0x00000000fe700000, 0x00000000fe700000| Untracked 
|  40|0x00000000fe800000, 0x00000000fe800000, 0x00000000fe900000|  0%| F|  |TAMS 0x00000000fe800000, 0x00000000fe800000| Untracked 
|  41|0x00000000fe900000, 0x00000000fea00000, 0x00000000fea00000|100%| S|CS|TAMS 0x00000000fe900000, 0x00000000fe900000| Complete 
|  42|0x00000000fea00000, 0x00000000fea00000, 0x00000000feb00000|  0%| F|  |TAMS 0x00000000fea00000, 0x00000000fea00000| Untracked 
|  43|0x00000000feb00000, 0x00000000feb00000, 0x00000000fec00000|  0%| F|  |TAMS 0x00000000feb00000, 0x00000000feb00000| Untracked 
|  44|0x00000000fec00000, 0x00000000fec00000, 0x00000000fed00000|  0%| F|  |TAMS 0x00000000fec00000, 0x00000000fec00000| Untracked 
|  45|0x00000000fed00000, 0x00000000fed00000, 0x00000000fee00000|  0%| F|  |TAMS 0x00000000fed00000, 0x00000000fed00000| Untracked 
|  46|0x00000000fee00000, 0x00000000fee00000, 0x00000000fef00000|  0%| F|  |TAMS 0x00000000fee00000, 0x00000000fee00000| Untracked 
|  47|0x00000000fef00000, 0x00000000fef00000, 0x00000000ff000000|  0%| F|  |TAMS 0x00000000fef00000, 0x00000000fef00000| Untracked 
|  48|0x00000000ff000000, 0x00000000ff000000, 0x00000000ff100000|  0%| F|  |TAMS 0x00000000ff000000, 0x00000000ff000000| Untracked 
|  49|0x00000000ff100000, 0x00000000ff100000, 0x00000000ff200000|  0%| F|  |TAMS 0x00000000ff100000, 0x00000000ff100000| Untracked 
|  50|0x00000000ff200000, 0x00000000ff200000, 0x00000000ff300000|  0%| F|  |TAMS 0x00000000ff200000, 0x00000000ff200000| Untracked 
|  51|0x00000000ff300000, 0x00000000ff300000, 0x00000000ff400000|  0%| F|  |TAMS 0x00000000ff300000, 0x00000000ff300000| Untracked 
|  52|0x00000000ff400000, 0x00000000ff400000, 0x00000000ff500000|  0%| F|  |TAMS 0x00000000ff400000, 0x00000000ff400000| Untracked 
|  53|0x00000000ff500000, 0x00000000ff500000, 0x00000000ff600000|  0%| F|  |TAMS 0x00000000ff500000, 0x00000000ff500000| Untracked 
|  54|0x00000000ff600000, 0x00000000ff600000, 0x00000000ff700000|  0%| F|  |TAMS 0x00000000ff600000, 0x00000000ff600000| Untracked 
|  55|0x00000000ff700000, 0x00000000ff700000, 0x00000000ff800000|  0%| F|  |TAMS 0x00000000ff700000, 0x00000000ff700000| Untracked 
|  56|0x00000000ff800000, 0x00000000ff800000, 0x00000000ff900000|  0%| F|  |TAMS 0x00000000ff800000, 0x00000000ff800000| Untracked 
|  57|0x00000000ff900000, 0x00000000ff900000, 0x00000000ffa00000|  0%| F|  |TAMS 0x00000000ff900000, 0x00000000ff900000| Untracked 
|  58|0x00000000ffa00000, 0x00000000ffa00000, 0x00000000ffb00000|  0%| F|  |TAMS 0x00000000ffa00000, 0x00000000ffa00000| Untracked 
|  59|0x00000000ffb00000, 0x00000000ffb00000, 0x00000000ffc00000|  0%| F|  |TAMS 0x00000000ffb00000, 0x00000000ffb00000| Untracked 
|  60|0x00000000ffc00000, 0x00000000ffcbcbb0, 0x00000000ffd00000| 73%| E|  |TAMS 0x00000000ffc00000, 0x00000000ffc00000| Complete 
|  61|0x00000000ffd00000, 0x00000000ffe00000, 0x00000000ffe00000|100%| E|CS|TAMS 0x00000000ffd00000, 0x00000000ffd00000| Complete 
|  62|0x00000000ffe00000, 0x00000000fff00000, 0x00000000fff00000|100%| E|CS|TAMS 0x00000000ffe00000, 0x00000000ffe00000| Complete 
|  63|0x00000000fff00000, 0x0000000100000000, 0x0000000100000000|100%| E|CS|TAMS 0x00000000fff00000, 0x00000000fff00000| Complete 

Card table byte_map: [0x000001754cd60000,0x000001754cd80000] _byte_map_base: 0x000001754c580000

Marking Bits (Prev, Next): (CMBitMap*) 0x000001754ede1460, (CMBitMap*) 0x000001754ede14a0
 Prev Bits: [0x0000017565e20000, 0x0000017565f20000)
 Next Bits: [0x0000017565f20000, 0x0000017566020000)

Polling page: 0x000001754cd10000

Metaspace:

Usage:
  Non-class:      8.46 MB used.
      Class:      1.29 MB used.
       Both:      9.75 MB used.

Virtual space:
  Non-class space:       64.00 MB reserved,       8.50 MB ( 13%) committed,  1 nodes.
      Class space:        1.00 GB reserved,       1.44 MB ( <1%) committed,  1 nodes.
             Both:        1.06 GB reserved,       9.94 MB ( <1%) committed. 

Chunk freelists:
   Non-Class:  7.44 MB
       Class:  14.55 MB
        Both:  21.98 MB

MaxMetaspaceSize: unlimited
CompressedClassSpaceSize: 1.00 GB
Initial GC threshold: 21.00 MB
Current GC threshold: 21.00 MB
CDS: on
MetaspaceReclaimPolicy: balanced
 - commit_granule_bytes: 65536.
 - commit_granule_words: 8192.
 - virtual_space_node_default_size: 8388608.
 - enlarge_chunks_in_place: 1.
 - new_chunks_are_fully_committed: 0.
 - uncommit_free_chunks: 1.
 - use_allocation_guard: 0.
 - handle_deallocations: 1.


Internal statistics:

num_allocs_failed_limit: 0.
num_arena_births: 90.
num_arena_deaths: 0.
num_vsnodes_births: 2.
num_vsnodes_deaths: 0.
num_space_committed: 159.
num_space_uncommitted: 0.
num_chunks_returned_to_freelist: 0.
num_chunks_taken_from_freelist: 353.
num_chunk_merges: 0.
num_chunk_splits: 244.
num_chunks_enlarged: 201.
num_inconsistent_stats: 0.

CodeHeap 'non-profiled nmethods': size=120000Kb used=657Kb max_used=657Kb free=119342Kb
 bounds [0x000001755e3a0000, 0x000001755e610000, 0x00000175658d0000]
CodeHeap 'profiled nmethods': size=120000Kb used=2992Kb max_used=2992Kb free=117008Kb
 bounds [0x00000175568d0000, 0x0000017556bc0000, 0x000001755de00000]
CodeHeap 'non-nmethods': size=5760Kb used=1199Kb max_used=1226Kb free=4560Kb
 bounds [0x000001755de00000, 0x000001755e070000, 0x000001755e3a0000]
 total_blobs=2020 nmethods=1529 adapters=404
 compilation: enabled
              stopped_count=0, restarted_count=0
 full_count=0

Compilation events (20 events):
Event: 2.480 Thread 0x0000017568c08db0 nmethod 1520 0x0000017556bb1910 code [0x0000017556bb1aa0, 0x0000017556bb1bc8]
Event: 2.480 Thread 0x0000017568c08db0 1521       3       java.lang.invoke.DirectMethodHandle::<init> (148 bytes)
Event: 2.481 Thread 0x0000017568c08db0 nmethod 1521 0x0000017556bb1c90 code [0x0000017556bb1f40, 0x0000017556bb2e88]
Event: 2.483 Thread 0x0000017568c08db0 1522   !   3       java.util.jar.Attributes::read (494 bytes)
Event: 2.485 Thread 0x0000017568c08db0 nmethod 1522 0x0000017556bb3390 code [0x0000017556bb3b80, 0x0000017556bb7c08]
Event: 2.485 Thread 0x0000017568c08db0 1524       3       java.util.jar.JavaUtilJarAccessImpl::getTrustedAttributes (6 bytes)
Event: 2.485 Thread 0x0000017568c08db0 nmethod 1524 0x0000017556bb9590 code [0x0000017556bb9740, 0x0000017556bb9888]
Event: 2.485 Thread 0x0000017568c08db0 1523       1       java.util.concurrent.CopyOnWriteArrayList::setArray (6 bytes)
Event: 2.485 Thread 0x0000017568c08db0 nmethod 1523 0x000001755e444090 code [0x000001755e444220, 0x000001755e444338]
Event: 2.488 Thread 0x0000017568c08db0 1525       3       com.esotericsoftware.kryo.io.Output::writeString (125 bytes)
Event: 2.488 Thread 0x0000017568c08db0 nmethod 1525 0x0000017556bb9990 code [0x0000017556bb9ba0, 0x0000017556bba218]
Event: 2.488 Thread 0x0000017568c08db0 1526       3       com.esotericsoftware.kryo.io.Output::require (209 bytes)
Event: 2.488 Thread 0x0000017568c08db0 nmethod 1526 0x0000017556bba410 code [0x0000017556bba6e0, 0x0000017556bbb138]
Event: 2.488 Thread 0x0000017568c08db0 1527       3       org.gradle.internal.serialize.kryo.KryoBackedEncoder::writeString (23 bytes)
Event: 2.488 Thread 0x0000017568c08db0 nmethod 1527 0x0000017556bbb510 code [0x0000017556bbb6c0, 0x0000017556bbb918]
Event: 3.553 Thread 0x0000017568c08db0 1528       1       java.util.LinkedList::size (5 bytes)
Event: 3.553 Thread 0x0000017568c08db0 nmethod 1528 0x000001755e444390 code [0x000001755e444520, 0x000001755e4445f8]
Event: 3.553 Thread 0x0000017568c08db0 1529       3       java.nio.ByteBuffer::arrayOffset (35 bytes)
Event: 3.553 Thread 0x0000017568c08db0 nmethod 1529 0x0000017556bbba10 code [0x0000017556bbbbe0, 0x0000017556bbbeb8]
Event: 3.553 Thread 0x0000017568c08db0 1530       3       java.nio.Buffer::limit (65 bytes)

GC Heap History (4 events):
Event: 0.520 GC heap before
{Heap before GC invocations=0 (full 0):
 garbage-first heap   total 65536K, used 26624K [0x00000000fc000000, 0x0000000100000000)
  region size 1024K, 23 young (23552K), 0 survivors (0K)
 Metaspace       used 3662K, committed 3776K, reserved 1114112K
  class space    used 443K, committed 512K, reserved 1048576K
}
Event: 0.525 GC heap after
{Heap after GC invocations=1 (full 0):
 garbage-first heap   total 65536K, used 10840K [0x00000000fc000000, 0x0000000100000000)
  region size 1024K, 3 young (3072K), 3 survivors (3072K)
 Metaspace       used 3662K, committed 3776K, reserved 1114112K
  class space    used 443K, committed 512K, reserved 1048576K
}
Event: 1.061 GC heap before
{Heap before GC invocations=1 (full 0):
 garbage-first heap   total 65536K, used 33368K [0x00000000fc000000, 0x0000000100000000)
  region size 1024K, 25 young (25600K), 3 survivors (3072K)
 Metaspace       used 8807K, committed 8960K, reserved 1114112K
  class space    used 1169K, committed 1216K, reserved 1048576K
}
Event: 1.065 GC heap after
{Heap after GC invocations=2 (full 0):
 garbage-first heap   total 65536K, used 12980K [0x00000000fc000000, 0x0000000100000000)
  region size 1024K, 3 young (3072K), 3 survivors (3072K)
 Metaspace       used 8807K, committed 8960K, reserved 1114112K
  class space    used 1169K, committed 1216K, reserved 1048576K
}

Dll operation events (13 events):
Event: 0.010 Loaded shared library C:\Program Files\Microsoft\jdk-17.0.10.7-hotspot\bin\java.dll
Event: 0.071 Loaded shared library C:\Program Files\Microsoft\jdk-17.0.10.7-hotspot\bin\jsvml.dll
Event: 0.092 Loaded shared library C:\Program Files\Microsoft\jdk-17.0.10.7-hotspot\bin\net.dll
Event: 0.094 Loaded shared library C:\Program Files\Microsoft\jdk-17.0.10.7-hotspot\bin\nio.dll
Event: 0.097 Loaded shared library C:\Program Files\Microsoft\jdk-17.0.10.7-hotspot\bin\zip.dll
Event: 0.262 Loaded shared library C:\Program Files\Microsoft\jdk-17.0.10.7-hotspot\bin\jimage.dll
Event: 0.301 Loaded shared library C:\Program Files\Microsoft\jdk-17.0.10.7-hotspot\bin\verify.dll
Event: 0.561 Loaded shared library C:\Users\dd397\.gradle\native\c067742578af261105cb4f569cf0c3c89f3d7b1fecec35dd04571415982c5e48\windows-amd64\native-platform.dll
Event: 0.576 Loaded shared library C:\Users\dd397\.gradle\native\jansi\1.18\windows64\jansi.dll
Event: 0.695 Loaded shared library C:\Program Files\Microsoft\jdk-17.0.10.7-hotspot\bin\management.dll
Event: 0.701 Loaded shared library C:\Program Files\Microsoft\jdk-17.0.10.7-hotspot\bin\management_ext.dll
Event: 0.908 Loaded shared library C:\Program Files\Microsoft\jdk-17.0.10.7-hotspot\bin\extnet.dll
Event: 2.460 Loaded shared library C:\Program Files\Microsoft\jdk-17.0.10.7-hotspot\bin\sunmscapi.dll

Deoptimization events (20 events):
Event: 2.440 Thread 0x000001754edbfa80 Uncommon trap: trap_request=0xffffffc6 fr.pc=0x000001755e42c960 relative=0x00000000000011a0
Event: 2.440 Thread 0x000001754edbfa80 Uncommon trap: reason=bimorphic_or_optimized_type_check action=maybe_recompile pc=0x000001755e42c960 method=java.util.HashMap.putVal(ILjava/lang/Object;Ljava/lang/Object;ZZ)Ljava/lang/Object; @ 203 c2
Event: 2.440 Thread 0x000001754edbfa80 DEOPT PACKING pc=0x000001755e42c960 sp=0x0000004be23f9a80
Event: 2.440 Thread 0x000001754edbfa80 DEOPT UNPACKING pc=0x000001755de5a1a3 sp=0x0000004be23f9a10 mode 2
Event: 2.440 Thread 0x000001754edbfa80 Uncommon trap: trap_request=0xffffffc6 fr.pc=0x000001755e42c960 relative=0x00000000000011a0
Event: 2.440 Thread 0x000001754edbfa80 Uncommon trap: reason=bimorphic_or_optimized_type_check action=maybe_recompile pc=0x000001755e42c960 method=java.util.HashMap.putVal(ILjava/lang/Object;Ljava/lang/Object;ZZ)Ljava/lang/Object; @ 203 c2
Event: 2.440 Thread 0x000001754edbfa80 DEOPT PACKING pc=0x000001755e42c960 sp=0x0000004be23f9a80
Event: 2.440 Thread 0x000001754edbfa80 DEOPT UNPACKING pc=0x000001755de5a1a3 sp=0x0000004be23f9a10 mode 2
Event: 2.442 Thread 0x000001754edbfa80 Uncommon trap: trap_request=0xffffffc6 fr.pc=0x000001755e42c960 relative=0x00000000000011a0
Event: 2.442 Thread 0x000001754edbfa80 Uncommon trap: reason=bimorphic_or_optimized_type_check action=maybe_recompile pc=0x000001755e42c960 method=java.util.HashMap.putVal(ILjava/lang/Object;Ljava/lang/Object;ZZ)Ljava/lang/Object; @ 203 c2
Event: 2.442 Thread 0x000001754edbfa80 DEOPT PACKING pc=0x000001755e42c960 sp=0x0000004be23f9a80
Event: 2.442 Thread 0x000001754edbfa80 DEOPT UNPACKING pc=0x000001755de5a1a3 sp=0x0000004be23f9a10 mode 2
Event: 2.464 Thread 0x000001754edbfa80 Uncommon trap: trap_request=0xffffff45 fr.pc=0x000001755e43e840 relative=0x0000000000001560
Event: 2.464 Thread 0x000001754edbfa80 Uncommon trap: reason=unstable_if action=reinterpret pc=0x000001755e43e840 method=java.util.concurrent.ConcurrentHashMap.transfer([Ljava/util/concurrent/ConcurrentHashMap$Node;[Ljava/util/concurrent/ConcurrentHashMap$Node;)V @ 26 c2
Event: 2.464 Thread 0x000001754edbfa80 DEOPT PACKING pc=0x000001755e43e840 sp=0x0000004be23f6ed0
Event: 2.464 Thread 0x000001754edbfa80 DEOPT UNPACKING pc=0x000001755de5a1a3 sp=0x0000004be23f6e40 mode 2
Event: 2.485 Thread 0x000001754edbfa80 Uncommon trap: trap_request=0xffffff45 fr.pc=0x000001755e3f6c78 relative=0x0000000000000418
Event: 2.485 Thread 0x000001754edbfa80 Uncommon trap: reason=unstable_if action=reinterpret pc=0x000001755e3f6c78 method=java.util.regex.Matcher.match(II)Z @ 76 c2
Event: 2.485 Thread 0x000001754edbfa80 DEOPT PACKING pc=0x000001755e3f6c78 sp=0x0000004be23fba00
Event: 2.485 Thread 0x000001754edbfa80 DEOPT UNPACKING pc=0x000001755de5a1a3 sp=0x0000004be23fb9b8 mode 2

Classes unloaded (0 events):
No events

Classes redefined (0 events):
No events

Internal exceptions (20 events):
Event: 0.548 Thread 0x000001754edbfa80 Exception <a 'java/lang/NoSuchMethodError'{0x00000000fffe01f8}: 'void java.lang.invoke.DelegatingMethodHandle$Holder.delegate(java.lang.Object, java.lang.Object, int, java.lang.Object)'> (0x00000000fffe01f8) 
thrown [s\src\hotspot\share\interpreter\linkResolver.cpp, line 759]
Event: 0.549 Thread 0x000001754edbfa80 Exception <a 'java/lang/NoSuchMethodError'{0x00000000fffe43c0}: 'int java.lang.invoke.DirectMethodHandle$Holder.invokeSpecial(java.lang.Object, java.lang.Object, java.lang.Object)'> (0x00000000fffe43c0) 
thrown [s\src\hotspot\share\interpreter\linkResolver.cpp, line 759]
Event: 0.551 Thread 0x000001754edbfa80 Exception <a 'java/lang/NoSuchMethodError'{0x00000000ffe120b8}: 'java.lang.Object java.lang.invoke.Invokers$Holder.invokeExact_MT(java.lang.Object, java.lang.Object, java.lang.Object, java.lang.Object)'> (0x00000000ffe120b8) 
thrown [s\src\hotspot\share\interpreter\linkResolver.cpp, line 759]
Event: 0.670 Thread 0x000001754edbfa80 Exception <a 'java/lang/NoSuchMethodError'{0x00000000ff847590}: 'void java.lang.invoke.DirectMethodHandle$Holder.invokeSpecial(java.lang.Object, java.lang.Object, java.lang.Object)'> (0x00000000ff847590) 
thrown [s\src\hotspot\share\interpreter\linkResolver.cpp, line 759]
Event: 0.679 Thread 0x000001754edbfa80 Implicit null exception at 0x000001755e3eec8a to 0x000001755e3ef1cc
Event: 0.679 Thread 0x000001754edbfa80 Implicit null exception at 0x000001755e3e1c0f to 0x000001755e3e2154
Event: 0.693 Thread 0x000001754edbfa80 Exception <a 'java/lang/NoSuchMethodError'{0x00000000ff7a3ad8}: 'java.lang.Object java.lang.invoke.DirectMethodHandle$Holder.invokeStaticInit(java.lang.Object)'> (0x00000000ff7a3ad8) 
thrown [s\src\hotspot\share\interpreter\linkResolver.cpp, line 759]
Event: 0.730 Thread 0x000001754edbfa80 Exception <a 'java/lang/NoSuchMethodError'{0x00000000ff6927e8}: 'int java.lang.invoke.DirectMethodHandle$Holder.invokeVirtual(java.lang.Object, java.lang.Object, java.lang.Object)'> (0x00000000ff6927e8) 
thrown [s\src\hotspot\share\interpreter\linkResolver.cpp, line 759]
Event: 0.734 Thread 0x000001754edbfa80 Exception <a 'java/lang/NoSuchMethodError'{0x00000000ff6d5d80}: 'java.lang.Object java.lang.invoke.DirectMethodHandle$Holder.invokeVirtual(java.lang.Object, java.lang.Object, java.lang.Object)'> (0x00000000ff6d5d80) 
thrown [s\src\hotspot\share\interpreter\linkResolver.cpp, line 759]
Event: 0.791 Thread 0x000001754edbfa80 Exception <a 'java/lang/NoSuchMethodError'{0x00000000ff24e458}: 'java.lang.Object java.lang.invoke.DirectMethodHandle$Holder.invokeStaticInit(java.lang.Object, int, int, int, int)'> (0x00000000ff24e458) 
thrown [s\src\hotspot\share\interpreter\linkResolver.cpp, line 759]
Event: 0.831 Thread 0x000001754edbfa80 Exception <a 'java/lang/NoSuchMethodError'{0x00000000ff12b698}: 'java.lang.Object java.lang.invoke.DirectMethodHandle$Holder.invokeStaticInit(java.lang.Object, java.lang.Object, int, int, int, int)'> (0x00000000ff12b698) 
thrown [s\src\hotspot\share\interpreter\linkResolver.cpp, line 759]
Event: 0.911 Thread 0x000001754edbfa80 Exception <a 'java/lang/NoSuchMethodError'{0x00000000ff1593c8}: 'void java.lang.invoke.DirectMethodHandle$Holder.invokeStatic(java.lang.Object, java.lang.Object, java.lang.Object)'> (0x00000000ff1593c8) 
thrown [s\src\hotspot\share\interpreter\linkResolver.cpp, line 759]
Event: 0.926 Thread 0x000001754edbfa80 Implicit null exception at 0x000001755e3d5572 to 0x000001755e3d5bb0
Event: 0.926 Thread 0x000001754edbfa80 Implicit null exception at 0x000001755e3eac72 to 0x000001755e3eb2c8
Event: 1.057 Thread 0x000001756dee19a0 Exception <a 'java/lang/NoSuchMethodError'{0x00000000feaf0fa8}: 'void java.lang.invoke.DirectMethodHandle$Holder.invokeStatic(java.lang.Object, long)'> (0x00000000feaf0fa8) 
thrown [s\src\hotspot\share\interpreter\linkResolver.cpp, line 759]
Event: 1.058 Thread 0x000001756dee19a0 Exception <a 'java/lang/NoSuchMethodError'{0x00000000feaf6900}: 'java.lang.Object java.lang.invoke.DirectMethodHandle$Holder.newInvokeSpecial(java.lang.Object, long)'> (0x00000000feaf6900) 
thrown [s\src\hotspot\share\interpreter\linkResolver.cpp, line 759]
Event: 1.065 Thread 0x000001756dee19a0 Exception <a 'java/lang/NoSuchMethodError'{0x00000000fff019d8}: 'java.lang.Object java.lang.invoke.DirectMethodHandle$Holder.invokeStaticInit(java.lang.Object, java.lang.Object, long, java.lang.Object)'> (0x00000000fff019d8) 
thrown [s\src\hotspot\share\interpreter\linkResolver.cpp, line 759]
Event: 1.066 Thread 0x000001756dee19a0 Exception <a 'java/lang/NoSuchMethodError'{0x00000000fff080e8}: 'java.lang.Object java.lang.invoke.DirectMethodHandle$Holder.newInvokeSpecial(java.lang.Object, java.lang.Object, long)'> (0x00000000fff080e8) 
thrown [s\src\hotspot\share\interpreter\linkResolver.cpp, line 759]
Event: 1.066 Thread 0x000001756dee19a0 Exception <a 'java/lang/NoSuchMethodError'{0x00000000fff0c3d8}: 'java.lang.Object java.lang.invoke.Invokers$Holder.linkToTargetMethod(java.lang.Object, long, java.lang.Object)'> (0x00000000fff0c3d8) 
thrown [s\src\hotspot\share\interpreter\linkResolver.cpp, line 759]
Event: 3.551 Thread 0x000001754edbfa80 Exception <a 'sun/net/ConnectionResetException'{0x00000000ffc127b8}: Connection reset> (0x00000000ffc127b8) 
thrown [s\src\hotspot\share\prims\jni.cpp, line 535]

VM Operations (20 events):
Event: 0.719 Executing VM operation: HandshakeAllThreads
Event: 0.719 Executing VM operation: HandshakeAllThreads done
Event: 0.762 Executing VM operation: HandshakeAllThreads
Event: 0.762 Executing VM operation: HandshakeAllThreads done
Event: 0.821 Executing VM operation: HandshakeAllThreads
Event: 0.821 Executing VM operation: HandshakeAllThreads done
Event: 0.934 Executing VM operation: HandshakeAllThreads
Event: 0.934 Executing VM operation: HandshakeAllThreads done
Event: 1.061 Executing VM operation: G1CollectForAllocation
Event: 1.065 Executing VM operation: G1CollectForAllocation done
Event: 1.078 Executing VM operation: HandshakeAllThreads
Event: 1.078 Executing VM operation: HandshakeAllThreads done
Event: 1.105 Executing VM operation: HandshakeAllThreads
Event: 1.105 Executing VM operation: HandshakeAllThreads done
Event: 2.111 Executing VM operation: Cleanup
Event: 2.111 Executing VM operation: Cleanup done
Event: 2.438 Executing VM operation: HandshakeAllThreads
Event: 2.438 Executing VM operation: HandshakeAllThreads done
Event: 3.439 Executing VM operation: Cleanup
Event: 3.439 Executing VM operation: Cleanup done

Events (20 events):
Event: 2.474 loading class sun/nio/ch/SinkChannelImpl done
Event: 2.475 loading class sun/nio/ch/SelectionKeyImpl
Event: 2.475 loading class java/nio/channels/spi/AbstractSelectionKey
Event: 2.475 loading class java/nio/channels/SelectionKey
Event: 2.475 loading class java/nio/channels/SelectionKey done
Event: 2.475 loading class java/nio/channels/spi/AbstractSelectionKey done
Event: 2.475 loading class sun/nio/ch/SelectionKeyImpl done
Event: 2.475 loading class java/lang/invoke/ConstantBootstraps
Event: 2.475 loading class java/lang/invoke/ConstantBootstraps done
Event: 2.488 loading class java/nio/channels/spi/AbstractSelector$1
Event: 2.488 loading class java/nio/channels/spi/AbstractSelector$1 done
Event: 2.524 Thread 0x000001756e04e360 Thread added: 0x000001756e04e360
Event: 2.524 loading class java/nio/channels/AsynchronousCloseException
Event: 2.524 loading class java/nio/channels/ClosedChannelException
Event: 2.524 loading class java/nio/channels/ClosedChannelException done
Event: 2.524 loading class java/nio/channels/AsynchronousCloseException done
Event: 2.524 Thread 0x000001756dfb2050 Thread added: 0x000001756dfb2050
Event: 3.550 loading class sun/net/ConnectionResetException
Event: 3.551 loading class sun/net/ConnectionResetException done
Event: 3.553 Thread 0x000001756e07b290 Thread exited: 0x000001756e07b290


Dynamic libraries:
0x00007ff7bae40000 - 0x00007ff7bae4e000 	C:\Program Files\Microsoft\jdk-17.0.10.7-hotspot\bin\java.exe
0x00007fff5ecb0000 - 0x00007fff5eec7000 	C:\Windows\SYSTEM32\ntdll.dll
0x00007fff5d560000 - 0x00007fff5d624000 	C:\Windows\System32\KERNEL32.DLL
0x00007fff5c080000 - 0x00007fff5c42c000 	C:\Windows\System32\KERNELBASE.dll
0x00007fff5c8d0000 - 0x00007fff5c9e1000 	C:\Windows\System32\ucrtbase.dll
0x00007fff21cb0000 - 0x00007fff21cc7000 	C:\Program Files\Microsoft\jdk-17.0.10.7-hotspot\bin\jli.dll
0x00007fff23bd0000 - 0x00007fff23beb000 	C:\Program Files\Microsoft\jdk-17.0.10.7-hotspot\bin\VCRUNTIME140.dll
0x00007fff5eac0000 - 0x00007fff5ec6e000 	C:\Windows\System32\USER32.dll
0x00007fff40150000 - 0x00007fff403e3000 	C:\Windows\WinSxS\amd64_microsoft.windows.common-controls_6595b64144ccf1df_6.0.22621.3672_none_2713b9d173822955\COMCTL32.dll
0x00007fff5c750000 - 0x00007fff5c776000 	C:\Windows\System32\win32u.dll
0x00007fff5d2c0000 - 0x00007fff5d2e9000 	C:\Windows\System32\GDI32.dll
0x00007fff5cd90000 - 0x00007fff5ce37000 	C:\Windows\System32\msvcrt.dll
0x00007fff5c780000 - 0x00007fff5c899000 	C:\Windows\System32\gdi32full.dll
0x00007fff5bfe0000 - 0x00007fff5c07a000 	C:\Windows\System32\msvcp_win.dll
0x00007fff5d300000 - 0x00007fff5d331000 	C:\Windows\System32\IMM32.DLL
0x00007fff49de0000 - 0x00007fff49dec000 	C:\Program Files\Microsoft\jdk-17.0.10.7-hotspot\bin\vcruntime140_1.dll
0x00007fff16100000 - 0x00007fff1618d000 	C:\Program Files\Microsoft\jdk-17.0.10.7-hotspot\bin\msvcp140.dll
0x00007ffed8150000 - 0x00007ffed8db5000 	C:\Program Files\Microsoft\jdk-17.0.10.7-hotspot\bin\server\jvm.dll
0x00007fff5d440000 - 0x00007fff5d4f2000 	C:\Windows\System32\ADVAPI32.dll
0x00007fff5d190000 - 0x00007fff5d23a000 	C:\Windows\System32\sechost.dll
0x00007fff5c8a0000 - 0x00007fff5c8c8000 	C:\Windows\System32\bcrypt.dll
0x00007fff5cef0000 - 0x00007fff5d005000 	C:\Windows\System32\RPCRT4.dll
0x00007fff49aa0000 - 0x00007fff49aa9000 	C:\Windows\SYSTEM32\WSOCK32.dll
0x00007fff5ae30000 - 0x00007fff5ae7d000 	C:\Windows\SYSTEM32\POWRPROF.dll
0x00007fff53640000 - 0x00007fff53674000 	C:\Windows\SYSTEM32\WINMM.dll
0x00007fff53b80000 - 0x00007fff53b8a000 	C:\Windows\SYSTEM32\VERSION.dll
0x00007fff5dc10000 - 0x00007fff5dc81000 	C:\Windows\System32\WS2_32.dll
0x00007fff5ae10000 - 0x00007fff5ae23000 	C:\Windows\SYSTEM32\UMPDC.dll
0x00007fff5b0c0000 - 0x00007fff5b0d8000 	C:\Windows\SYSTEM32\kernel.appcore.dll
0x00007fff49a70000 - 0x00007fff49a7a000 	C:\Program Files\Microsoft\jdk-17.0.10.7-hotspot\bin\jimage.dll
0x00007fff59800000 - 0x00007fff59a32000 	C:\Windows\SYSTEM32\DBGHELP.DLL
0x00007fff5ca00000 - 0x00007fff5cd88000 	C:\Windows\System32\combase.dll
0x00007fff5e960000 - 0x00007fff5ea37000 	C:\Windows\System32\OLEAUT32.dll
0x00007fff431a0000 - 0x00007fff431d2000 	C:\Windows\SYSTEM32\dbgcore.DLL
0x00007fff5c430000 - 0x00007fff5c4ab000 	C:\Windows\System32\bcryptPrimitives.dll
0x00007fff176a0000 - 0x00007fff176c5000 	C:\Program Files\Microsoft\jdk-17.0.10.7-hotspot\bin\java.dll
0x00007fff15160000 - 0x00007fff15237000 	C:\Program Files\Microsoft\jdk-17.0.10.7-hotspot\bin\jsvml.dll
0x00007fff5e100000 - 0x00007fff5e95c000 	C:\Windows\System32\SHELL32.dll
0x00007fff59ef0000 - 0x00007fff5a7e7000 	C:\Windows\SYSTEM32\windows.storage.dll
0x00007fff59db0000 - 0x00007fff59eef000 	C:\Windows\SYSTEM32\wintypes.dll
0x00007fff5e000000 - 0x00007fff5e0f4000 	C:\Windows\System32\SHCORE.dll
0x00007fff5d6d0000 - 0x00007fff5d72e000 	C:\Windows\System32\shlwapi.dll
0x00007fff5bf10000 - 0x00007fff5bf31000 	C:\Windows\SYSTEM32\profapi.dll
0x00007fff19d50000 - 0x00007fff19d69000 	C:\Program Files\Microsoft\jdk-17.0.10.7-hotspot\bin\net.dll
0x00007fff555c0000 - 0x00007fff556f6000 	C:\Windows\SYSTEM32\WINHTTP.dll
0x00007fff5b530000 - 0x00007fff5b599000 	C:\Windows\system32\mswsock.dll
0x00007fff16ef0000 - 0x00007fff16f06000 	C:\Program Files\Microsoft\jdk-17.0.10.7-hotspot\bin\nio.dll
0x00007fff16e20000 - 0x00007fff16e38000 	C:\Program Files\Microsoft\jdk-17.0.10.7-hotspot\bin\zip.dll
0x00007fff21ca0000 - 0x00007fff21cb0000 	C:\Program Files\Microsoft\jdk-17.0.10.7-hotspot\bin\verify.dll
0x00007fff12600000 - 0x00007fff12627000 	C:\Users\dd397\.gradle\native\c067742578af261105cb4f569cf0c3c89f3d7b1fecec35dd04571415982c5e48\windows-amd64\native-platform.dll
0x00007fff46f70000 - 0x00007fff46f7a000 	C:\Users\dd397\.gradle\native\jansi\1.18\windows64\jansi.dll
0x00007fff41e30000 - 0x00007fff41e39000 	C:\Program Files\Microsoft\jdk-17.0.10.7-hotspot\bin\management.dll
0x00007fff407f0000 - 0x00007fff407fb000 	C:\Program Files\Microsoft\jdk-17.0.10.7-hotspot\bin\management_ext.dll
0x00007fff5d780000 - 0x00007fff5d788000 	C:\Windows\System32\PSAPI.DLL
0x00007fff5b7b0000 - 0x00007fff5b7cb000 	C:\Windows\SYSTEM32\CRYPTSP.dll
0x00007fff5b020000 - 0x00007fff5b055000 	C:\Windows\system32\rsaenh.dll
0x00007fff5b650000 - 0x00007fff5b678000 	C:\Windows\SYSTEM32\USERENV.dll
0x00007fff5b7d0000 - 0x00007fff5b7dc000 	C:\Windows\SYSTEM32\CRYPTBASE.dll
0x00007fff5ab00000 - 0x00007fff5ab2d000 	C:\Windows\SYSTEM32\IPHLPAPI.DLL
0x00007fff5d2f0000 - 0x00007fff5d2f9000 	C:\Windows\System32\NSI.dll
0x00007fff552e0000 - 0x00007fff552f9000 	C:\Windows\SYSTEM32\dhcpcsvc6.DLL
0x00007fff55160000 - 0x00007fff5517f000 	C:\Windows\SYSTEM32\dhcpcsvc.DLL
0x00007fff5ab30000 - 0x00007fff5ac28000 	C:\Windows\SYSTEM32\DNSAPI.dll
0x00007fff3bff0000 - 0x00007fff3bff9000 	C:\Program Files\Microsoft\jdk-17.0.10.7-hotspot\bin\extnet.dll
0x00007fff3c170000 - 0x00007fff3c17e000 	C:\Program Files\Microsoft\jdk-17.0.10.7-hotspot\bin\sunmscapi.dll
0x00007fff5c5e0000 - 0x00007fff5c747000 	C:\Windows\System32\CRYPT32.dll
0x00007fff5b970000 - 0x00007fff5b99e000 	C:\Windows\SYSTEM32\ncrypt.dll
0x00007fff5b930000 - 0x00007fff5b967000 	C:\Windows\SYSTEM32\NTASN1.dll
0x00007fff48cf0000 - 0x00007fff48cf8000 	C:\Windows\system32\wshunix.dll

dbghelp: loaded successfully - version: 4.0.5 - missing functions: none
symbol engine: initialized successfully - sym options: 0x614 - pdb path: .;C:\Program Files\Microsoft\jdk-17.0.10.7-hotspot\bin;C:\Windows\SYSTEM32;C:\Windows\WinSxS\amd64_microsoft.windows.common-controls_6595b64144ccf1df_6.0.22621.3672_none_2713b9d173822955;C:\Program Files\Microsoft\jdk-17.0.10.7-hotspot\bin\server;C:\Users\dd397\.gradle\native\c067742578af261105cb4f569cf0c3c89f3d7b1fecec35dd04571415982c5e48\windows-amd64;C:\Users\dd397\.gradle\native\jansi\1.18\windows64

VM Arguments:
jvm_args: -Xmx64m -Xms64m -Dorg.gradle.appname=gradlew 
java_command: org.gradle.wrapper.GradleWrapperMain app:installDebug -PreactNativeDevServerPort=8081
java_class_path (initial): D:\Full Stack Web Project\blogApplication\BlogAppCli\android\\gradle\wrapper\gradle-wrapper.jar
Launcher Type: SUN_STANDARD

[Global flags]
     intx CICompilerCount                          = 4                                         {product} {ergonomic}
     uint ConcGCThreads                            = 3                                         {product} {ergonomic}
     uint G1ConcRefinementThreads                  = 10                                        {product} {ergonomic}
   size_t G1HeapRegionSize                         = 1048576                                   {product} {ergonomic}
    uintx GCDrainStackTargetSize                   = 64                                        {product} {ergonomic}
   size_t InitialHeapSize                          = 67108864                                  {product} {command line}
   size_t MarkStackSize                            = 4194304                                   {product} {ergonomic}
   size_t MaxHeapSize                              = 67108864                                  {product} {command line}
   size_t MaxNewSize                               = 39845888                                  {product} {ergonomic}
   size_t MinHeapDeltaBytes                        = 1048576                                   {product} {ergonomic}
   size_t MinHeapSize                              = 67108864                                  {product} {command line}
    uintx NonNMethodCodeHeapSize                   = 5839372                                {pd product} {ergonomic}
    uintx NonProfiledCodeHeapSize                  = 122909434                              {pd product} {ergonomic}
    uintx ProfiledCodeHeapSize                     = 122909434                              {pd product} {ergonomic}
    uintx ReservedCodeCacheSize                    = 251658240                              {pd product} {ergonomic}
     bool SegmentedCodeCache                       = true                                      {product} {ergonomic}
   size_t SoftMaxHeapSize                          = 67108864                               {manageable} {ergonomic}
     bool UseCompressedClassPointers               = true                           {product lp64_product} {ergonomic}
     bool UseCompressedOops                        = true                           {product lp64_product} {ergonomic}
     bool UseG1GC                                  = true                                      {product} {ergonomic}
     bool UseLargePagesIndividualAllocation        = false                                  {pd product} {ergonomic}

Logging:
Log output configuration:
 #0: stdout all=warning uptime,level,tags
 #1: stderr all=off uptime,level,tags

Environment Variables:
JAVA_HOME=C:\Program Files\Microsoft\jdk-17.0.10.7-hotspot\
CLASSPATH=D:\Full Stack Web Project\blogApplication\BlogAppCli\android\\gradle\wrapper\gradle-wrapper.jar
PATH=D:\Full Stack Web Project\blogApplication\BlogAppCli\node_modules\.bin;D:\Full Stack Web Project\blogApplication\node_modules\.bin;D:\Full Stack Web Project\node_modules\.bin;D:\node_modules\.bin;C:\Program Files\nodejs\node_modules\npm\node_modules\@npmcli\run-script\lib\node-gyp-bin;C:\Program Files\Microsoft\jdk-17.0.10.7-hotspot\bin;C:\Program Files\Common Files\Oracle\Java\javapath;C:\Windows\system32;C:\Windows;C:\Windows\System32\Wbem;C:\Windows\System32\WindowsPowerShell\v1.0\;C:\Windows\System32\OpenSSH\;C:\Program Files (x86)\NVIDIA Corporation\PhysX\Common;C:\Program Files\NVIDIA Corporation\NVIDIA NvDLISR;C:\Program Files\dotnet\;C:\Program Files\MySQL\MySQL Server 8.0\bin;C:\Program Files\Microsoft\jdk-17.0.10.7-hotspot\\bin;C:\Program Files\Docker\Docker\resources\bin;C:\Program Files\nodejs\;C:\ProgramData\chocolatey\bin;C:\Program Files\MySQL\MySQL Shell 8.0\bin\;C:\Users\dd397\AppData\Local\Microsoft\WindowsApps;C:\Users\dd397\AppData\Local\Programs\Microsoft VS Code\bin;C:\Users\dd397\AppData\Roaming\npm;C:\Users\dd397\AppData\Local\JetBrains\Toolbox\scripts;C:\Users\dd397\AppData\Local\Android\Sdk\platform-tools;C:\Users\dd397\AppData\Local\Android\Sdk\emulator;
USERNAME=dd397
LANG=en_US.UTF-8
OS=Windows_NT
PROCESSOR_IDENTIFIER=Intel64 Family 6 Model 141 Stepping 1, GenuineIntel
TMP=C:\Users\dd397\AppData\Local\Temp
TEMP=C:\Users\dd397\AppData\Local\Temp



Periodic native trim disabled


---------------  S Y S T E M  ---------------

OS:
 Windows 11 , 64 bit Build 22621 (10.0.22621.3672)
OS uptime: 1 days 12:23 hours
Hyper-V role detected

CPU: total 12 (initial active 12) (6 cores per cpu, 2 threads per core) family 6 model 141 stepping 1 microcode 0x50, cx8, cmov, fxsr, ht, mmx, 3dnowpref, sse, sse2, sse3, ssse3, sse4.1, sse4.2, popcnt, lzcnt, tsc, tscinvbit, avx, avx2, aes, erms, clmul, bmi1, bmi2, adx, avx512f, avx512dq, avx512cd, avx512bw, avx512vl, sha, fma, vzeroupper, avx512_vpopcntdq, avx512_vpclmulqdq, avx512_vaes, avx512_vnni, clflush, clflushopt, clwb, avx512_vbmi2, avx512_vbmi, hv
Processor Information for all 12 processors :
  Max Mhz: 2688, Current Mhz: 2688, Mhz Limit: 2688

Memory: 4k page, system-wide physical 16122M (5105M free)
TotalPageFile size 48611M (AvailPageFile size 372M)
current process WorkingSet (physical memory assigned to process): 102M, peak: 102M
current process commit charge ("private bytes"): 174M, peak: 174M

vm_info: OpenJDK 64-Bit Server VM (17.0.10+7-LTS) for windows-amd64 JRE (17.0.10+7-LTS), built on Jan 10 2024 19:47:12 by "MicrosoftCorporation" with MS VC++ 16.10 / 16.11 (VS2019)

END.
